Log file open, 08/18/20 17:55:31
LogInit: Display: Running engine for game: AncientTemple
LogPlatformFile: Not using cached read wrapper
LogTaskGraph: Started task graph with 5 named threads and 23 total threads with 3 sets of task threads.
LogStats: Stats thread started at 0.193527
LogD3D11RHI: Loaded GFSDK_Aftermath_Lib.x64.dll
LogICUInternationalization: ICU TimeZone Detection - Raw Offset: +10:00, Platform Override: ''
LogPluginManager: Mounting plugin Paper2D
LogPluginManager: Mounting plugin AISupport
LogPluginManager: Mounting plugin LightPropagationVolume
LogPluginManager: Mounting plugin CameraShakePreviewer
LogPluginManager: Mounting plugin ActorLayerUtilities
LogPluginManager: Mounting plugin AnimationSharing
LogPluginManager: Mounting plugin CLionSourceCodeAccess
LogPluginManager: Mounting plugin CodeLiteSourceCodeAccess
LogPluginManager: Mounting plugin GitSourceControl
LogPluginManager: Mounting plugin KDevelopSourceCodeAccess
LogPluginManager: Mounting plugin NullSourceCodeAccess
LogPluginManager: Mounting plugin PerforceSourceControl
LogPluginManager: Mounting plugin PlasticSourceControl
LogPluginManager: Mounting plugin RiderSourceCodeAccess
LogPluginManager: Mounting plugin SubversionSourceControl
LogPluginManager: Mounting plugin UObjectPlugin
LogPluginManager: Mounting plugin VisualStudioCodeSourceCodeAccess
LogPluginManager: Mounting plugin VisualStudioSourceCodeAccess
LogPluginManager: Mounting plugin XCodeSourceCodeAccess
LogPluginManager: Mounting plugin AssetManagerEditor
LogPluginManager: Mounting plugin CryptoKeys
LogPluginManager: Mounting plugin CurveEditorTools
LogPluginManager: Mounting plugin DataValidation
LogPluginManager: Mounting plugin EditorScriptingUtilities
LogPluginManager: Mounting plugin FacialAnimation
LogPluginManager: Mounting plugin GameplayTagsEditor
LogPluginManager: Mounting plugin GeometryMode
LogPluginManager: Mounting plugin MacGraphicsSwitching
LogPluginManager: Mounting plugin MaterialAnalyzer
LogPluginManager: Mounting plugin MobileLauncherProfileWizard
LogPluginManager: Mounting plugin PluginBrowser
LogPluginManager: Mounting plugin SpeedTreeImporter
LogPluginManager: Mounting plugin DatasmithContent
LogPluginManager: Mounting plugin VariantManagerContent
LogPluginManager: Mounting plugin AlembicImporter
LogPluginManager: Mounting plugin AutomationUtils
LogPluginManager: Mounting plugin BackChannel
LogPluginManager: Mounting plugin ChaosCloth
LogPluginManager: Mounting plugin ChaosClothEditor
LogPluginManager: Mounting plugin ChaosEditor
LogPluginManager: Mounting plugin ChaosNiagara
LogPluginManager: Mounting plugin ChaosSolverPlugin
LogPluginManager: Mounting plugin CharacterAI
LogPluginManager: Mounting plugin GeometryCache
LogPluginManager: Mounting plugin GeometryCollectionPlugin
LogPluginManager: Mounting plugin GeometryProcessing
LogPluginManager: Mounting plugin PlanarCut
LogPluginManager: Mounting plugin PlatformCrypto
LogPluginManager: Mounting plugin ProxyLODPlugin
LogPluginManager: Mounting plugin SkeletalReduction
LogPluginManager: Mounting plugin Niagara
LogPluginManager: Mounting plugin MagicLeap
LogPluginManager: Mounting plugin MagicLeapLightEstimation
LogPluginManager: Mounting plugin MagicLeapMedia
LogPluginManager: Mounting plugin MagicLeapPassableWorld
LogPluginManager: Mounting plugin MLSDK
LogPluginManager: Mounting plugin Substance
LogPluginManager: Mounting plugin AndroidMedia
LogPluginManager: Mounting plugin AvfMedia
LogPluginManager: Mounting plugin ImgMedia
LogPluginManager: Mounting plugin MediaCompositing
LogPluginManager: Mounting plugin MediaPlayerEditor
LogPluginManager: Mounting plugin WebMMedia
LogPluginManager: Mounting plugin WmfMedia
LogPluginManager: Mounting plugin MeshPainting
LogPluginManager: Mounting plugin TcpMessaging
LogPluginManager: Mounting plugin UdpMessaging
LogPluginManager: Mounting plugin ActorSequence
LogPluginManager: Mounting plugin LevelSequenceEditor
LogPluginManager: Mounting plugin MatineeToLevelSequence
LogPluginManager: Mounting plugin MovieRenderPipeline
LogPluginManager: Mounting plugin TemplateSequence
LogPluginManager: Mounting plugin NetcodeUnitTest
LogPluginManager: Mounting plugin NUTUnrealEngine4
LogPluginManager: Mounting plugin OnlineSubsystemGooglePlay
LogPluginManager: Mounting plugin OnlineSubsystemIOS
LogPluginManager: Mounting plugin OnlineSubsystem
LogPluginManager: Mounting plugin OnlineSubsystemNull
LogPluginManager: Mounting plugin OnlineSubsystemUtils
LogPluginManager: Mounting plugin LauncherChunkInstaller
LogPluginManager: Mounting plugin AndroidDeviceProfileSelector
LogPluginManager: Mounting plugin AndroidMoviePlayer
LogPluginManager: Mounting plugin AndroidPermission
LogPluginManager: Mounting plugin AppleImageUtils
LogPluginManager: Mounting plugin AppleMoviePlayer
LogPluginManager: Mounting plugin ArchVisCharacter
LogPluginManager: Mounting plugin AssetTags
LogPluginManager: Mounting plugin AudioCapture
LogPluginManager: Mounting plugin CableComponent
LogPluginManager: Mounting plugin CustomMeshComponent
LogPluginManager: Mounting plugin EditableMesh
LogPluginManager: Mounting plugin ExampleDeviceProfileSelector
LogPluginManager: Mounting plugin GoogleCloudMessaging
LogPluginManager: Mounting plugin GooglePAD
LogPluginManager: Mounting plugin IOSDeviceProfileSelector
LogPluginManager: Mounting plugin LinuxDeviceProfileSelector
LogPluginManager: Mounting plugin LocationServicesBPLibrary
LogPluginManager: Mounting plugin MobilePatchingUtils
LogPluginManager: Mounting plugin OculusVR
LogPluginManager: Mounting plugin PhysXVehicles
LogPluginManager: Mounting plugin PostSplashScreen
LogPluginManager: Mounting plugin ProceduralMeshComponent
LogPluginManager: Mounting plugin RuntimePhysXCooking
LogPluginManager: Mounting plugin SignificanceManager
LogPluginManager: Mounting plugin SoundFields
LogPluginManager: Mounting plugin SteamVR
LogPluginManager: Mounting plugin Synthesis
LogPluginManager: Mounting plugin WebMMoviePlayer
LogPluginManager: Mounting plugin WindowsMoviePlayer
LogPluginManager: Mounting plugin ScreenshotTools
LogInit: Using libcurl 7.55.1-DEV
LogInit:  - built for x86_64-pc-win32
LogInit:  - supports SSL with OpenSSL/1.1.1
LogInit:  - supports HTTP deflate (compression) using libz 1.2.8
LogInit:  - other features:
LogInit:      CURL_VERSION_SSL
LogInit:      CURL_VERSION_LIBZ
LogInit:      CURL_VERSION_IPV6
LogInit:      CURL_VERSION_ASYNCHDNS
LogInit:      CURL_VERSION_LARGEFILE
LogInit:      CURL_VERSION_IDN
LogInit:  CurlRequestOptions (configurable via config and command line):
LogInit:  - bVerifyPeer = true  - Libcurl will verify peer certificate
LogInit:  - bUseHttpProxy = false  - Libcurl will NOT use HTTP proxy
LogInit:  - bDontReuseConnections = false  - Libcurl will reuse connections
LogInit:  - MaxHostConnections = 16  - Libcurl will limit the number of connections to a host
LogInit:  - LocalHostAddr = Default
LogInit:  - BufferSize = 65536
LogOnline: OSS: Creating online subsystem instance for: NULL
LogInit: WinSock: version 1.1 (2.2), MaxSocks=32767, MaxUdp=65467
LogOnline: OSS: TryLoadSubsystemAndSetDefault: Loaded subsystem for module [NULL]
LogInit: Build: ++UE4+Release-4.25-CL-13942748
LogInit: Engine Version: 4.25.3-13942748+++UE4+Release-4.25
LogInit: Compatible Engine Version: 4.25.0-13144385+++UE4+Release-4.25
LogInit: Net CL: 13144385
LogInit: OS: Windows 10 (Release 1909) (), CPU: Intel(R) Core(TM) i7-6700K CPU @ 4.00GHz, GPU: NVIDIA GeForce GTX 1080
LogInit: Compiled (64-bit): Jul 25 2020 02:07:48
LogInit: Compiled with Visual C++: 19.24.28315.00
LogInit: Build Configuration: Development
LogInit: Branch Name: ++UE4+Release-4.25
LogInit: Command Line: 
LogInit: Base Directory: E:/Epic/UE_4.25/Engine/Binaries/Win64/
LogInit: Allocator: TBB
LogInit: Installed Engine Build: 1
LogDevObjectVersion: Number of dev versions registered: 26
LogDevObjectVersion:   Dev-Blueprints (B0D832E4-1F89-4F0D-ACCF-7EB736FD4AA2): 10
LogDevObjectVersion:   Dev-Build (E1C64328-A22C-4D53-A36C-8E866417BD8C): 0
LogDevObjectVersion:   Dev-Core (375EC13C-06E4-48FB-B500-84F0262A717E): 4
LogDevObjectVersion:   Dev-Editor (E4B068ED-F494-42E9-A231-DA0B2E46BB41): 38
LogDevObjectVersion:   Dev-Framework (CFFC743F-43B0-4480-9391-14DF171D2073): 37
LogDevObjectVersion:   Dev-Mobile (B02B49B5-BB20-44E9-A304-32B752E40360): 2
LogDevObjectVersion:   Dev-Networking (A4E4105C-59A1-49B5-A7C5-40C4547EDFEE): 0
LogDevObjectVersion:   Dev-Online (39C831C9-5AE6-47DC-9A44-9C173E1C8E7C): 0
LogDevObjectVersion:   Dev-Physics (78F01B33-EBEA-4F98-B9B4-84EACCB95AA2): 4
LogDevObjectVersion:   Dev-Platform (6631380F-2D4D-43E0-8009-CF276956A95A): 0
LogDevObjectVersion:   Dev-Rendering (12F88B9F-8875-4AFC-A67C-D90C383ABD29): 43
LogDevObjectVersion:   Dev-Sequencer (7B5AE74C-D270-4C10-A958-57980B212A5A): 12
LogDevObjectVersion:   Dev-VR (D7296918-1DD6-4BDD-9DE2-64A83CC13884): 3
LogDevObjectVersion:   Dev-LoadTimes (C2A15278-BFE7-4AFE-6C17-90FF531DF755): 1
LogDevObjectVersion:   Private-Geometry (6EACA3D4-40EC-4CC1-B786-8BED09428FC5): 3
LogDevObjectVersion:   Dev-AnimPhys (29E575DD-E0A3-4627-9D10-D276232CDCEA): 17
LogDevObjectVersion:   Dev-Anim (AF43A65D-7FD3-4947-9873-3E8ED9C1BB05): 7
LogDevObjectVersion:   Dev-ReflectionCapture (6B266CEC-1EC7-4B8F-A30B-E4D90942FC07): 1
LogDevObjectVersion:   Dev-Automation (0DF73D61-A23F-47EA-B727-89E90C41499A): 1
LogDevObjectVersion:   FortniteMain (601D1886-AC64-4F84-AA16-D3DE0DEAC7D6): 31
LogDevObjectVersion:   Dev-Enterprise (9DFFBCD6-494F-0158-E221-12823C92A888): 10
LogDevObjectVersion:   Dev-Niagara (F2AED0AC-9AFE-416F-8664-AA7FFA26D6FC): 1
LogDevObjectVersion:   Dev-Destruction (174F1F0B-B4C6-45A5-B13F-2EE8D0FB917D): 10
LogDevObjectVersion:   Dev-Physics-Ext (35F94A83-E258-406C-A318-09F59610247C): 37
LogDevObjectVersion:   Dev-PhysicsMaterial-Chaos (B68FC16E-8B1B-42E2-B453-215C058844FE): 1
LogDevObjectVersion:   Dev-CineCamera (B2E18506-4273-CFC2-A54E-F4BB758BBA07): 1
LogInit: Presizing for max 25165824 objects, including 0 objects not considered by GC, pre-allocating 0 bytes for permanent pool.
LogConfig: Applying CVar settings from Section [/Script/Engine.StreamingSettings] File [D:/2020_T2/RGP/A4 Game/Git_Repository/Disaster-Artist/UnrealProject/AncientTemple/Saved/Config/Windows/Engine.ini]
LogConfig: Setting CVar [[s.MinBulkDataSizeForAsyncLoading:131072]]
LogConfig: Setting CVar [[s.AsyncLoadingThreadEnabled:0]]
LogConfig: Setting CVar [[s.EventDrivenLoaderEnabled:1]]
LogConfig: Setting CVar [[s.WarnIfTimeLimitExceeded:0]]
LogConfig: Setting CVar [[s.TimeLimitExceededMultiplier:1.5]]
LogConfig: Setting CVar [[s.TimeLimitExceededMinTime:0.005]]
LogConfig: Setting CVar [[s.UseBackgroundLevelStreaming:1]]
LogConfig: Setting CVar [[s.PriorityAsyncLoadingExtraTime:15.0]]
LogConfig: Setting CVar [[s.LevelStreamingActorsUpdateTimeLimit:5.0]]
LogConfig: Setting CVar [[s.PriorityLevelStreamingActorsUpdateExtraTime:5.0]]
LogConfig: Setting CVar [[s.LevelStreamingComponentsRegistrationGranularity:10]]
LogConfig: Setting CVar [[s.UnregisterComponentsTimeLimit:1.0]]
LogConfig: Setting CVar [[s.LevelStreamingComponentsUnregistrationGranularity:5]]
LogConfig: Setting CVar [[s.FlushStreamingOnExit:1]]
LogInit: Object subsystem initialized
LogConfig: Setting CVar [[con.DebugEarlyDefault:1]]
LogConfig: Setting CVar [[r.setres:1280x720]]
[2020.08.18-07.55.31:971][  0]LogConfig: Setting CVar [[r.VSync:0]]
[2020.08.18-07.55.31:971][  0]LogConfig: Setting CVar [[r.RHICmdBypass:0]]
[2020.08.18-07.55.31:971][  0]LogConfig: Applying CVar settings from Section [/Script/Engine.RendererSettings] File [D:/2020_T2/RGP/A4 Game/Git_Repository/Disaster-Artist/UnrealProject/AncientTemple/Saved/Config/Windows/Engine.ini]
[2020.08.18-07.55.31:971][  0]LogConfig: Setting CVar [[r.GPUCrashDebugging:0]]
[2020.08.18-07.55.31:971][  0]LogConfig: Applying CVar settings from Section [/Script/Engine.RendererOverrideSettings] File [D:/2020_T2/RGP/A4 Game/Git_Repository/Disaster-Artist/UnrealProject/AncientTemple/Saved/Config/Windows/Engine.ini]
[2020.08.18-07.55.31:971][  0]LogConfig: Applying CVar settings from Section [/Script/Engine.StreamingSettings] File [D:/2020_T2/RGP/A4 Game/Git_Repository/Disaster-Artist/UnrealProject/AncientTemple/Saved/Config/Windows/Engine.ini]
[2020.08.18-07.55.31:971][  0]LogConfig: Setting CVar [[s.MinBulkDataSizeForAsyncLoading:131072]]
[2020.08.18-07.55.31:971][  0]LogConfig: Setting CVar [[s.AsyncLoadingThreadEnabled:0]]
[2020.08.18-07.55.31:971][  0]LogConfig: Setting CVar [[s.EventDrivenLoaderEnabled:1]]
[2020.08.18-07.55.31:971][  0]LogConfig: Setting CVar [[s.WarnIfTimeLimitExceeded:0]]
[2020.08.18-07.55.31:971][  0]LogConfig: Setting CVar [[s.TimeLimitExceededMultiplier:1.5]]
[2020.08.18-07.55.31:971][  0]LogConfig: Setting CVar [[s.TimeLimitExceededMinTime:0.005]]
[2020.08.18-07.55.31:971][  0]LogConfig: Setting CVar [[s.UseBackgroundLevelStreaming:1]]
[2020.08.18-07.55.31:971][  0]LogConfig: Setting CVar [[s.PriorityAsyncLoadingExtraTime:15.0]]
[2020.08.18-07.55.31:971][  0]LogConfig: Setting CVar [[s.LevelStreamingActorsUpdateTimeLimit:5.0]]
[2020.08.18-07.55.31:971][  0]LogConfig: Setting CVar [[s.PriorityLevelStreamingActorsUpdateExtraTime:5.0]]
[2020.08.18-07.55.31:971][  0]LogConfig: Setting CVar [[s.LevelStreamingComponentsRegistrationGranularity:10]]
[2020.08.18-07.55.31:971][  0]LogConfig: Setting CVar [[s.UnregisterComponentsTimeLimit:1.0]]
[2020.08.18-07.55.31:971][  0]LogConfig: Setting CVar [[s.LevelStreamingComponentsUnregistrationGranularity:5]]
[2020.08.18-07.55.31:971][  0]LogConfig: Setting CVar [[s.FlushStreamingOnExit:1]]
[2020.08.18-07.55.31:971][  0]LogConfig: Applying CVar settings from Section [/Script/Engine.GarbageCollectionSettings] File [D:/2020_T2/RGP/A4 Game/Git_Repository/Disaster-Artist/UnrealProject/AncientTemple/Saved/Config/Windows/Engine.ini]
[2020.08.18-07.55.31:971][  0]LogConfig: Setting CVar [[gc.MaxObjectsNotConsideredByGC:1]]
[2020.08.18-07.55.31:971][  0]LogConfig: Setting CVar [[gc.SizeOfPermanentObjectPool:0]]
[2020.08.18-07.55.31:971][  0]LogConfig: Setting CVar [[gc.FlushStreamingOnGC:0]]
[2020.08.18-07.55.31:971][  0]LogConfig: Setting CVar [[gc.NumRetriesBeforeForcingGC:10]]
[2020.08.18-07.55.31:971][  0]LogConfig: Setting CVar [[gc.AllowParallelGC:1]]
[2020.08.18-07.55.31:971][  0]LogConfig: Setting CVar [[gc.TimeBetweenPurgingPendingKillObjects:61.1]]
[2020.08.18-07.55.31:971][  0]LogConfig: Setting CVar [[gc.MaxObjectsInEditor:25165824]]
[2020.08.18-07.55.31:971][  0]LogConfig: Setting CVar [[gc.IncrementalBeginDestroyEnabled:1]]
[2020.08.18-07.55.31:971][  0]LogConfig: Setting CVar [[gc.CreateGCClusters:1]]
[2020.08.18-07.55.31:971][  0]LogConfig: Setting CVar [[gc.MinGCClusterSize:5]]
[2020.08.18-07.55.31:971][  0]LogConfig: Setting CVar [[gc.ActorClusteringEnabled:0]]
[2020.08.18-07.55.31:971][  0]LogConfig: Setting CVar [[gc.BlueprintClusteringEnabled:0]]
[2020.08.18-07.55.31:971][  0]LogConfig: Setting CVar [[gc.UseDisregardForGCOnDedicatedServers:0]]
[2020.08.18-07.55.31:971][  0]LogConfig: Applying CVar settings from Section [/Script/Engine.NetworkSettings] File [D:/2020_T2/RGP/A4 Game/Git_Repository/Disaster-Artist/UnrealProject/AncientTemple/Saved/Config/Windows/Engine.ini]
[2020.08.18-07.55.31:971][  0]LogConfig: Applying CVar settings from Section [/Script/UnrealEd.CookerSettings] File [D:/2020_T2/RGP/A4 Game/Git_Repository/Disaster-Artist/UnrealProject/AncientTemple/Saved/Config/Windows/Engine.ini]
[2020.08.18-07.55.31:977][  0]LogConfig: Applying CVar settings from Section [ViewDistanceQuality@3] File [D:/2020_T2/RGP/A4 Game/Git_Repository/Disaster-Artist/UnrealProject/AncientTemple/Saved/Config/Windows/Scalability.ini]
[2020.08.18-07.55.31:977][  0]LogConfig: Setting CVar [[r.SkeletalMeshLODBias:0]]
[2020.08.18-07.55.31:977][  0]LogConfig: Setting CVar [[r.ViewDistanceScale:1.0]]
[2020.08.18-07.55.31:977][  0]LogConfig: Applying CVar settings from Section [AntiAliasingQuality@3] File [D:/2020_T2/RGP/A4 Game/Git_Repository/Disaster-Artist/UnrealProject/AncientTemple/Saved/Config/Windows/Scalability.ini]
[2020.08.18-07.55.31:977][  0]LogConfig: Setting CVar [[r.PostProcessAAQuality:4]]
[2020.08.18-07.55.31:977][  0]LogConfig: Applying CVar settings from Section [ShadowQuality@3] File [D:/2020_T2/RGP/A4 Game/Git_Repository/Disaster-Artist/UnrealProject/AncientTemple/Saved/Config/Windows/Scalability.ini]
[2020.08.18-07.55.31:977][  0]LogConfig: Setting CVar [[r.LightFunctionQuality:1]]
[2020.08.18-07.55.31:977][  0]LogConfig: Setting CVar [[r.ShadowQuality:5]]
[2020.08.18-07.55.31:977][  0]LogConfig: Setting CVar [[r.Shadow.CSM.MaxCascades:10]]
[2020.08.18-07.55.31:977][  0]LogConfig: Setting CVar [[r.Shadow.MaxResolution:2048]]
[2020.08.18-07.55.31:977][  0]LogConfig: Setting CVar [[r.Shadow.MaxCSMResolution:2048]]
[2020.08.18-07.55.31:977][  0]LogConfig: Setting CVar [[r.Shadow.RadiusThreshold:0.01]]
[2020.08.18-07.55.31:977][  0]LogConfig: Setting CVar [[r.Shadow.DistanceScale:1.0]]
[2020.08.18-07.55.31:977][  0]LogConfig: Setting CVar [[r.Shadow.CSM.TransitionScale:1.0]]
[2020.08.18-07.55.31:977][  0]LogConfig: Setting CVar [[r.Shadow.PreShadowResolutionFactor:1.0]]
[2020.08.18-07.55.31:977][  0]LogConfig: Setting CVar [[r.DistanceFieldShadowing:1]]
[2020.08.18-07.55.31:977][  0]LogConfig: Setting CVar [[r.DistanceFieldAO:1]]
[2020.08.18-07.55.31:977][  0]LogConfig: Setting CVar [[r.AOQuality:2]]
[2020.08.18-07.55.31:977][  0]LogConfig: Setting CVar [[r.VolumetricFog:1]]
[2020.08.18-07.55.31:977][  0]LogConfig: Setting CVar [[r.VolumetricFog.GridPixelSize:8]]
[2020.08.18-07.55.31:977][  0]LogConfig: Setting CVar [[r.VolumetricFog.GridSizeZ:128]]
[2020.08.18-07.55.31:977][  0]LogConfig: Setting CVar [[r.VolumetricFog.HistoryMissSupersampleCount:4]]
[2020.08.18-07.55.31:977][  0]LogConfig: Setting CVar [[r.LightMaxDrawDistanceScale:1]]
[2020.08.18-07.55.31:977][  0]LogConfig: Setting CVar [[r.CapsuleShadows:1]]
[2020.08.18-07.55.31:977][  0]LogConfig: Applying CVar settings from Section [PostProcessQuality@3] File [D:/2020_T2/RGP/A4 Game/Git_Repository/Disaster-Artist/UnrealProject/AncientTemple/Saved/Config/Windows/Scalability.ini]
[2020.08.18-07.55.31:977][  0]LogConfig: Setting CVar [[r.MotionBlurQuality:4]]
[2020.08.18-07.55.31:977][  0]LogConfig: Setting CVar [[r.AmbientOcclusionMipLevelFactor:0.4]]
[2020.08.18-07.55.31:977][  0]LogConfig: Setting CVar [[r.AmbientOcclusionMaxQuality:100]]
[2020.08.18-07.55.31:977][  0]LogConfig: Setting CVar [[r.AmbientOcclusionLevels:-1]]
[2020.08.18-07.55.31:977][  0]LogConfig: Setting CVar [[r.AmbientOcclusionRadiusScale:1.0]]
[2020.08.18-07.55.31:977][  0]LogConfig: Setting CVar [[r.DepthOfFieldQuality:2]]
[2020.08.18-07.55.31:977][  0]LogConfig: Setting CVar [[r.RenderTargetPoolMin:400]]
[2020.08.18-07.55.31:977][  0]LogConfig: Setting CVar [[r.LensFlareQuality:2]]
[2020.08.18-07.55.31:977][  0]LogConfig: Setting CVar [[r.SceneColorFringeQuality:1]]
[2020.08.18-07.55.31:977][  0]LogConfig: Setting CVar [[r.EyeAdaptationQuality:2]]
[2020.08.18-07.55.31:977][  0]LogConfig: Setting CVar [[r.BloomQuality:5]]
[2020.08.18-07.55.31:977][  0]LogConfig: Setting CVar [[r.FastBlurThreshold:100]]
[2020.08.18-07.55.31:977][  0]LogConfig: Setting CVar [[r.Upscale.Quality:3]]
[2020.08.18-07.55.31:977][  0]LogConfig: Setting CVar [[r.Tonemapper.GrainQuantization:1]]
[2020.08.18-07.55.31:977][  0]LogConfig: Setting CVar [[r.LightShaftQuality:1]]
[2020.08.18-07.55.31:977][  0]LogConfig: Setting CVar [[r.Filter.SizeScale:1]]
[2020.08.18-07.55.31:977][  0]LogConfig: Setting CVar [[r.Tonemapper.Quality:5]]
[2020.08.18-07.55.31:977][  0]LogConfig: Setting CVar [[r.DOF.Gather.AccumulatorQuality:1        ; higher gathering accumulator quality]]
[2020.08.18-07.55.31:977][  0]LogConfig: Setting CVar [[r.DOF.Gather.PostfilterMethod:1          ; Median3x3 postfilering method]]
[2020.08.18-07.55.31:977][  0]LogConfig: Setting CVar [[r.DOF.Gather.EnableBokehSettings:0       ; no bokeh simulation when gathering]]
[2020.08.18-07.55.31:977][  0]LogConfig: Setting CVar [[r.DOF.Gather.RingCount:4                 ; medium number of samples when gathering]]
[2020.08.18-07.55.31:977][  0]LogConfig: Setting CVar [[r.DOF.Scatter.ForegroundCompositing:1    ; additive foreground scattering]]
[2020.08.18-07.55.31:977][  0]LogConfig: Setting CVar [[r.DOF.Scatter.BackgroundCompositing:2    ; additive background scattering]]
[2020.08.18-07.55.31:978][  0]LogConfig: Setting CVar [[r.DOF.Scatter.EnableBokehSettings:1      ; bokeh simulation when scattering]]
[2020.08.18-07.55.31:978][  0]LogConfig: Setting CVar [[r.DOF.Scatter.MaxSpriteRatio:0.1         ; only a maximum of 10% of scattered bokeh]]
[2020.08.18-07.55.31:978][  0]LogConfig: Setting CVar [[r.DOF.Recombine.Quality:1                ; cheap slight out of focus]]
[2020.08.18-07.55.31:978][  0]LogConfig: Setting CVar [[r.DOF.Recombine.EnableBokehSettings:0    ; no bokeh simulation on slight out of focus]]
[2020.08.18-07.55.31:978][  0]LogConfig: Setting CVar [[r.DOF.TemporalAAQuality:1                ; more stable temporal accumulation]]
[2020.08.18-07.55.31:978][  0]LogConfig: Setting CVar [[r.DOF.Kernel.MaxForegroundRadius:0.025]]
[2020.08.18-07.55.31:978][  0]LogConfig: Setting CVar [[r.DOF.Kernel.MaxBackgroundRadius:0.025]]
[2020.08.18-07.55.31:978][  0]LogConfig: Applying CVar settings from Section [TextureQuality@3] File [D:/2020_T2/RGP/A4 Game/Git_Repository/Disaster-Artist/UnrealProject/AncientTemple/Saved/Config/Windows/Scalability.ini]
[2020.08.18-07.55.31:978][  0]LogConfig: Setting CVar [[r.Streaming.MipBias:0]]
[2020.08.18-07.55.31:978][  0]LogConfig: Setting CVar [[r.Streaming.AmortizeCPUToGPUCopy:0]]
[2020.08.18-07.55.31:978][  0]LogConfig: Setting CVar [[r.Streaming.MaxNumTexturesToStreamPerFrame:0]]
[2020.08.18-07.55.31:978][  0]LogConfig: Setting CVar [[r.Streaming.Boost:1]]
[2020.08.18-07.55.31:978][  0]LogConfig: Setting CVar [[r.MaxAnisotropy:8]]
[2020.08.18-07.55.31:978][  0]LogConfig: Setting CVar [[r.VT.MaxAnisotropy:8]]
[2020.08.18-07.55.31:978][  0]LogConfig: Setting CVar [[r.Streaming.LimitPoolSizeToVRAM:0]]
[2020.08.18-07.55.31:978][  0]LogConfig: Setting CVar [[r.Streaming.PoolSize:1000]]
[2020.08.18-07.55.31:978][  0]LogConfig: Setting CVar [[r.Streaming.MaxEffectiveScreenSize:0]]
[2020.08.18-07.55.31:978][  0]LogConfig: Applying CVar settings from Section [EffectsQuality@3] File [D:/2020_T2/RGP/A4 Game/Git_Repository/Disaster-Artist/UnrealProject/AncientTemple/Saved/Config/Windows/Scalability.ini]
[2020.08.18-07.55.31:978][  0]LogConfig: Setting CVar [[r.TranslucencyLightingVolumeDim:64]]
[2020.08.18-07.55.31:978][  0]LogConfig: Setting CVar [[r.RefractionQuality:2]]
[2020.08.18-07.55.31:978][  0]LogConfig: Setting CVar [[r.SSR.Quality:3]]
[2020.08.18-07.55.31:978][  0]LogConfig: Setting CVar [[r.SSR.HalfResSceneColor:0]]
[2020.08.18-07.55.31:978][  0]LogConfig: Setting CVar [[r.SceneColorFormat:4]]
[2020.08.18-07.55.31:978][  0]LogConfig: Setting CVar [[r.DetailMode:2]]
[2020.08.18-07.55.31:978][  0]LogConfig: Setting CVar [[r.TranslucencyVolumeBlur:1]]
[2020.08.18-07.55.31:978][  0]LogConfig: Setting CVar [[r.MaterialQualityLevel:1 ; High quality]]
[2020.08.18-07.55.31:978][  0]LogConfig: Setting CVar [[r.SSS.Scale:1]]
[2020.08.18-07.55.31:978][  0]LogConfig: Setting CVar [[r.SSS.SampleSet:2]]
[2020.08.18-07.55.31:978][  0]LogConfig: Setting CVar [[r.SSS.Quality:1]]
[2020.08.18-07.55.31:978][  0]LogConfig: Setting CVar [[r.SSS.HalfRes:0]]
[2020.08.18-07.55.31:978][  0]LogConfig: Setting CVar [[r.SSGI.Quality:3]]
[2020.08.18-07.55.31:978][  0]LogConfig: Setting CVar [[r.EmitterSpawnRateScale:1.0]]
[2020.08.18-07.55.31:978][  0]LogConfig: Setting CVar [[r.ParticleLightQuality:2]]
[2020.08.18-07.55.31:978][  0]LogConfig: Setting CVar [[r.SkyAtmosphere.AerialPerspectiveLUT.FastApplyOnOpaque:1 ; Always have FastSkyLUT 1 in this case to avoid wrong sky]]
[2020.08.18-07.55.31:978][  0]LogConfig: Setting CVar [[r.SkyAtmosphere.AerialPerspectiveLUT.SampleCountPerSlice:1]]
[2020.08.18-07.55.31:978][  0]LogConfig: Setting CVar [[r.SkyAtmosphere.AerialPerspectiveLUT.DepthResolution:16.0]]
[2020.08.18-07.55.31:978][  0]LogConfig: Setting CVar [[r.SkyAtmosphere.FastSkyLUT:1]]
[2020.08.18-07.55.31:978][  0]LogConfig: Setting CVar [[r.SkyAtmosphere.FastSkyLUT.SampleCountMin:4.0]]
[2020.08.18-07.55.31:978][  0]LogConfig: Setting CVar [[r.SkyAtmosphere.FastSkyLUT.SampleCountMax:32.0]]
[2020.08.18-07.55.31:978][  0]LogConfig: Setting CVar [[r.SkyAtmosphere.SampleCountMin:4.0]]
[2020.08.18-07.55.31:978][  0]LogConfig: Setting CVar [[r.SkyAtmosphere.SampleCountMax:32.0]]
[2020.08.18-07.55.31:978][  0]LogConfig: Setting CVar [[r.SkyAtmosphere.TransmittanceLUT.UseSmallFormat:0]]
[2020.08.18-07.55.31:978][  0]LogConfig: Setting CVar [[r.SkyAtmosphere.TransmittanceLUT.SampleCount:10.0]]
[2020.08.18-07.55.31:978][  0]LogConfig: Setting CVar [[r.SkyAtmosphere.MultiScatteringLUT.SampleCount:15.0]]
[2020.08.18-07.55.31:978][  0]LogConfig: Applying CVar settings from Section [FoliageQuality@3] File [D:/2020_T2/RGP/A4 Game/Git_Repository/Disaster-Artist/UnrealProject/AncientTemple/Saved/Config/Windows/Scalability.ini]
[2020.08.18-07.55.31:978][  0]LogConfig: Setting CVar [[foliage.DensityScale:1.0]]
[2020.08.18-07.55.31:978][  0]LogConfig: Setting CVar [[grass.DensityScale:1.0]]
[2020.08.18-07.55.31:978][  0]LogConfig: Applying CVar settings from Section [ShadingQuality@3] File [D:/2020_T2/RGP/A4 Game/Git_Repository/Disaster-Artist/UnrealProject/AncientTemple/Saved/Config/Windows/Scalability.ini]
[2020.08.18-07.55.31:978][  0]LogConfig: Setting CVar [[r.HairStrands.SkyLighting.SampleCount:16]]
[2020.08.18-07.55.31:978][  0]LogConfig: Setting CVar [[r.HairStrands.SkyLighting.JitterIntegration:0]]
[2020.08.18-07.55.31:978][  0]LogConfig: Setting CVar [[r.HairStrands.SkyAO.SampleCount:16]]
[2020.08.18-07.55.31:978][  0]LogConfig: Setting CVar [[r.HairStrands.DeepShadow.SuperSampling:0]]
[2020.08.18-07.55.31:978][  0]LogConfig: Setting CVar [[r.HairStrands.VisibilityPPLL:0]]
[2020.08.18-07.55.31:978][  0]LogConfig: Setting CVar [[r.HairStrands.RasterizationScale:0.5]]
[2020.08.18-07.55.31:978][  0]LogConfig: Setting CVar [[r.HairStrands.VelocityRasterizationScale:1]]
[2020.08.18-07.55.31:978][  0]LogInit: Selected Device Profile: [Windows]
[2020.08.18-07.55.31:978][  0]LogInit: Applying CVar settings loaded from the selected device profile: [Windows]
[2020.08.18-07.55.31:978][  0]LogHAL: Display: Platform has ~ 32 GB [34311364608 / 34359738368 / 32], which maps to Largest [LargestMinGB=32, LargerMinGB=12, DefaultMinGB=8, SmallerMinGB=6, SmallestMinGB=0)
[2020.08.18-07.55.31:978][  0]LogInit: Going up to parent DeviceProfile []
[2020.08.18-07.55.31:978][  0]LogConfig: Applying CVar settings from Section [ViewDistanceQuality@Cine] File [D:/2020_T2/RGP/A4 Game/Git_Repository/Disaster-Artist/UnrealProject/AncientTemple/Saved/Config/Windows/Scalability.ini]
[2020.08.18-07.55.31:978][  0]LogConfig: Setting CVar [[r.SkeletalMeshLODBias:0]]
[2020.08.18-07.55.31:978][  0]LogConfig: Setting CVar [[r.ViewDistanceScale:10.0]]
[2020.08.18-07.55.31:978][  0]LogConfig: Applying CVar settings from Section [AntiAliasingQuality@Cine] File [D:/2020_T2/RGP/A4 Game/Git_Repository/Disaster-Artist/UnrealProject/AncientTemple/Saved/Config/Windows/Scalability.ini]
[2020.08.18-07.55.31:978][  0]LogConfig: Setting CVar [[r.PostProcessAAQuality:6]]
[2020.08.18-07.55.31:979][  0]LogConfig: Applying CVar settings from Section [ShadowQuality@Cine] File [D:/2020_T2/RGP/A4 Game/Git_Repository/Disaster-Artist/UnrealProject/AncientTemple/Saved/Config/Windows/Scalability.ini]
[2020.08.18-07.55.31:979][  0]LogConfig: Setting CVar [[r.LightFunctionQuality:1]]
[2020.08.18-07.55.31:979][  0]LogConfig: Setting CVar [[r.ShadowQuality:5]]
[2020.08.18-07.55.31:979][  0]LogConfig: Setting CVar [[r.Shadow.CSM.MaxCascades:10]]
[2020.08.18-07.55.31:979][  0]LogConfig: Setting CVar [[r.Shadow.MaxResolution:4096]]
[2020.08.18-07.55.31:979][  0]LogConfig: Setting CVar [[r.Shadow.MaxCSMResolution:4096]]
[2020.08.18-07.55.31:979][  0]LogConfig: Setting CVar [[r.Shadow.RadiusThreshold:0]]
[2020.08.18-07.55.31:979][  0]LogConfig: Setting CVar [[r.Shadow.DistanceScale:1.0]]
[2020.08.18-07.55.31:979][  0]LogConfig: Setting CVar [[r.Shadow.CSM.TransitionScale:1.0]]
[2020.08.18-07.55.31:979][  0]LogConfig: Setting CVar [[r.Shadow.PreShadowResolutionFactor:1.0]]
[2020.08.18-07.55.31:979][  0]LogConfig: Setting CVar [[r.DistanceFieldShadowing:1]]
[2020.08.18-07.55.31:979][  0]LogConfig: Setting CVar [[r.DistanceFieldAO:1]]
[2020.08.18-07.55.31:979][  0]LogConfig: Setting CVar [[r.AOQuality:2]]
[2020.08.18-07.55.31:979][  0]LogConfig: Setting CVar [[r.VolumetricFog:1]]
[2020.08.18-07.55.31:979][  0]LogConfig: Setting CVar [[r.VolumetricFog.GridPixelSize:4]]
[2020.08.18-07.55.31:979][  0]LogConfig: Setting CVar [[r.VolumetricFog.GridSizeZ:128]]
[2020.08.18-07.55.31:979][  0]LogConfig: Setting CVar [[r.VolumetricFog.HistoryMissSupersampleCount:16]]
[2020.08.18-07.55.31:979][  0]LogConfig: Setting CVar [[r.LightMaxDrawDistanceScale:1]]
[2020.08.18-07.55.31:979][  0]LogConfig: Setting CVar [[r.CapsuleShadows:1]]
[2020.08.18-07.55.31:979][  0]LogConfig: Applying CVar settings from Section [PostProcessQuality@Cine] File [D:/2020_T2/RGP/A4 Game/Git_Repository/Disaster-Artist/UnrealProject/AncientTemple/Saved/Config/Windows/Scalability.ini]
[2020.08.18-07.55.31:979][  0]LogConfig: Setting CVar [[r.MotionBlurQuality:4]]
[2020.08.18-07.55.31:979][  0]LogConfig: Setting CVar [[r.AmbientOcclusionMipLevelFactor:0.4]]
[2020.08.18-07.55.31:979][  0]LogConfig: Setting CVar [[r.AmbientOcclusionMaxQuality:100]]
[2020.08.18-07.55.31:979][  0]LogConfig: Setting CVar [[r.AmbientOcclusionLevels:-1]]
[2020.08.18-07.55.31:979][  0]LogConfig: Setting CVar [[r.AmbientOcclusionRadiusScale:1.0]]
[2020.08.18-07.55.31:979][  0]LogConfig: Setting CVar [[r.DepthOfFieldQuality:4]]
[2020.08.18-07.55.31:979][  0]LogConfig: Setting CVar [[r.RenderTargetPoolMin:1000]]
[2020.08.18-07.55.31:979][  0]LogConfig: Setting CVar [[r.LensFlareQuality:3]]
[2020.08.18-07.55.31:979][  0]LogConfig: Setting CVar [[r.SceneColorFringeQuality:1]]
[2020.08.18-07.55.31:979][  0]LogConfig: Setting CVar [[r.EyeAdaptationQuality:2]]
[2020.08.18-07.55.31:979][  0]LogConfig: Setting CVar [[r.BloomQuality:5]]
[2020.08.18-07.55.31:979][  0]LogConfig: Setting CVar [[r.FastBlurThreshold:100]]
[2020.08.18-07.55.31:979][  0]LogConfig: Setting CVar [[r.Upscale.Quality:3]]
[2020.08.18-07.55.31:979][  0]LogConfig: Setting CVar [[r.Tonemapper.GrainQuantization:1]]
[2020.08.18-07.55.31:979][  0]LogConfig: Setting CVar [[r.LightShaftQuality:1]]
[2020.08.18-07.55.31:979][  0]LogConfig: Setting CVar [[r.Filter.SizeScale:1]]
[2020.08.18-07.55.31:979][  0]LogConfig: Setting CVar [[r.Tonemapper.Quality:5]]
[2020.08.18-07.55.31:979][  0]LogConfig: Setting CVar [[r.DOF.Gather.AccumulatorQuality:1        ; higher gathering accumulator quality]]
[2020.08.18-07.55.31:979][  0]LogConfig: Setting CVar [[r.DOF.Gather.PostfilterMethod:1          ; Median3x3 postfilering method]]
[2020.08.18-07.55.31:979][  0]LogConfig: Setting CVar [[r.DOF.Gather.EnableBokehSettings:1       ; bokeh simulation when gathering]]
[2020.08.18-07.55.31:979][  0]LogConfig: Setting CVar [[r.DOF.Gather.RingCount:5                 ; high number of samples when gathering]]
[2020.08.18-07.55.31:979][  0]LogConfig: Setting CVar [[r.DOF.Scatter.ForegroundCompositing:1    ; additive foreground scattering]]
[2020.08.18-07.55.31:979][  0]LogConfig: Setting CVar [[r.DOF.Scatter.BackgroundCompositing:2    ; background scattering occlusion]]
[2020.08.18-07.55.31:979][  0]LogConfig: Setting CVar [[r.DOF.Scatter.EnableBokehSettings:1      ; no bokeh simulation when scattering]]
[2020.08.18-07.55.31:979][  0]LogConfig: Setting CVar [[r.DOF.Scatter.MaxSpriteRatio:0.25        ; only a maximum of 10% of scattered bokeh]]
[2020.08.18-07.55.31:979][  0]LogConfig: Setting CVar [[r.DOF.Recombine.Quality:2                ; highest slight out of focus]]
[2020.08.18-07.55.31:979][  0]LogConfig: Setting CVar [[r.DOF.Recombine.EnableBokehSettings:1    ; bokeh simulation on slight out of focus]]
[2020.08.18-07.55.31:979][  0]LogConfig: Setting CVar [[r.DOF.TemporalAAQuality:1                ; more stable temporal accumulation]]
[2020.08.18-07.55.31:979][  0]LogConfig: Setting CVar [[r.DOF.Kernel.MaxForegroundRadius:0.025]]
[2020.08.18-07.55.31:979][  0]LogConfig: Setting CVar [[r.DOF.Kernel.MaxBackgroundRadius:0.025]]
[2020.08.18-07.55.31:979][  0]LogConfig: Applying CVar settings from Section [TextureQuality@Cine] File [D:/2020_T2/RGP/A4 Game/Git_Repository/Disaster-Artist/UnrealProject/AncientTemple/Saved/Config/Windows/Scalability.ini]
[2020.08.18-07.55.31:979][  0]LogConfig: Setting CVar [[r.Streaming.MipBias:0]]
[2020.08.18-07.55.31:979][  0]LogConfig: Setting CVar [[r.Streaming.AmortizeCPUToGPUCopy:0]]
[2020.08.18-07.55.31:979][  0]LogConfig: Setting CVar [[r.Streaming.MaxNumTexturesToStreamPerFrame:0]]
[2020.08.18-07.55.31:979][  0]LogConfig: Setting CVar [[r.Streaming.Boost:1]]
[2020.08.18-07.55.31:979][  0]LogConfig: Setting CVar [[r.MaxAnisotropy:8]]
[2020.08.18-07.55.31:979][  0]LogConfig: Setting CVar [[r.VT.MaxAnisotropy:8]]
[2020.08.18-07.55.31:979][  0]LogConfig: Setting CVar [[r.Streaming.LimitPoolSizeToVRAM:0]]
[2020.08.18-07.55.31:979][  0]LogConfig: Setting CVar [[r.Streaming.PoolSize:3000]]
[2020.08.18-07.55.31:979][  0]LogConfig: Setting CVar [[r.Streaming.MaxEffectiveScreenSize:0]]
[2020.08.18-07.55.31:979][  0]LogConfig: Applying CVar settings from Section [EffectsQuality@Cine] File [D:/2020_T2/RGP/A4 Game/Git_Repository/Disaster-Artist/UnrealProject/AncientTemple/Saved/Config/Windows/Scalability.ini]
[2020.08.18-07.55.31:979][  0]LogConfig: Setting CVar [[r.TranslucencyLightingVolumeDim:64]]
[2020.08.18-07.55.31:979][  0]LogConfig: Setting CVar [[r.RefractionQuality:2]]
[2020.08.18-07.55.31:979][  0]LogConfig: Setting CVar [[r.SSR.Quality:4]]
[2020.08.18-07.55.31:979][  0]LogConfig: Setting CVar [[r.SSR.HalfResSceneColor:0]]
[2020.08.18-07.55.31:979][  0]LogConfig: Setting CVar [[r.SceneColorFormat:4]]
[2020.08.18-07.55.31:979][  0]LogConfig: Setting CVar [[r.DetailMode:2]]
[2020.08.18-07.55.31:979][  0]LogConfig: Setting CVar [[r.TranslucencyVolumeBlur:1]]
[2020.08.18-07.55.31:979][  0]LogConfig: Setting CVar [[r.MaterialQualityLevel:1 ; High quality]]
[2020.08.18-07.55.31:979][  0]LogConfig: Setting CVar [[r.SSS.Scale:1]]
[2020.08.18-07.55.31:979][  0]LogConfig: Setting CVar [[r.SSS.SampleSet:2]]
[2020.08.18-07.55.31:979][  0]LogConfig: Setting CVar [[r.SSS.Quality:1]]
[2020.08.18-07.55.31:979][  0]LogConfig: Setting CVar [[r.SSS.HalfRes:0]]
[2020.08.18-07.55.31:979][  0]LogConfig: Setting CVar [[r.SSGI.Quality:4]]
[2020.08.18-07.55.31:979][  0]LogConfig: Setting CVar [[r.EmitterSpawnRateScale:1.0]]
[2020.08.18-07.55.31:979][  0]LogConfig: Setting CVar [[r.ParticleLightQuality:2]]
[2020.08.18-07.55.31:980][  0]LogConfig: Setting CVar [[r.SkyAtmosphere.AerialPerspectiveLUT.FastApplyOnOpaque:0]]
[2020.08.18-07.55.31:980][  0]LogConfig: Setting CVar [[r.SkyAtmosphere.AerialPerspectiveLUT.SampleCountPerSlice:2]]
[2020.08.18-07.55.31:980][  0]LogConfig: Setting CVar [[r.SkyAtmosphere.AerialPerspectiveLUT.DepthResolution:32.0]]
[2020.08.18-07.55.31:980][  0]LogConfig: Setting CVar [[r.SkyAtmosphere.FastSkyLUT:0]]
[2020.08.18-07.55.31:980][  0]LogConfig: Setting CVar [[r.SkyAtmosphere.FastSkyLUT.SampleCountMin:4.0]]
[2020.08.18-07.55.31:980][  0]LogConfig: Setting CVar [[r.SkyAtmosphere.FastSkyLUT.SampleCountMax:32.0]]
[2020.08.18-07.55.31:980][  0]LogConfig: Setting CVar [[r.SkyAtmosphere.SampleCountMin:8.0]]
[2020.08.18-07.55.31:980][  0]LogConfig: Setting CVar [[r.SkyAtmosphere.SampleCountMax:32.0]]
[2020.08.18-07.55.31:980][  0]LogConfig: Setting CVar [[r.SkyAtmosphere.TransmittanceLUT.UseSmallFormat:0]]
[2020.08.18-07.55.31:980][  0]LogConfig: Setting CVar [[r.SkyAtmosphere.TransmittanceLUT.SampleCount:30.0]]
[2020.08.18-07.55.31:980][  0]LogConfig: Setting CVar [[r.SkyAtmosphere.MultiScatteringLUT.SampleCount:20.0]]
[2020.08.18-07.55.31:980][  0]LogConfig: Applying CVar settings from Section [FoliageQuality@Cine] File [D:/2020_T2/RGP/A4 Game/Git_Repository/Disaster-Artist/UnrealProject/AncientTemple/Saved/Config/Windows/Scalability.ini]
[2020.08.18-07.55.31:980][  0]LogConfig: Setting CVar [[foliage.DensityScale:1.0]]
[2020.08.18-07.55.31:980][  0]LogConfig: Setting CVar [[grass.DensityScale:1.0]]
[2020.08.18-07.55.31:980][  0]LogConfig: Applying CVar settings from Section [ShadingQuality@3] File [D:/2020_T2/RGP/A4 Game/Git_Repository/Disaster-Artist/UnrealProject/AncientTemple/Saved/Config/Windows/Scalability.ini]
[2020.08.18-07.55.31:980][  0]LogConfig: Setting CVar [[r.HairStrands.SkyLighting.SampleCount:16]]
[2020.08.18-07.55.31:980][  0]LogConfig: Setting CVar [[r.HairStrands.SkyLighting.JitterIntegration:0]]
[2020.08.18-07.55.31:980][  0]LogConfig: Setting CVar [[r.HairStrands.SkyAO.SampleCount:16]]
[2020.08.18-07.55.31:980][  0]LogConfig: Setting CVar [[r.HairStrands.DeepShadow.SuperSampling:0]]
[2020.08.18-07.55.31:980][  0]LogConfig: Setting CVar [[r.HairStrands.VisibilityPPLL:0]]
[2020.08.18-07.55.31:980][  0]LogConfig: Setting CVar [[r.HairStrands.RasterizationScale:0.5]]
[2020.08.18-07.55.31:980][  0]LogConfig: Setting CVar [[r.HairStrands.VelocityRasterizationScale:1]]
[2020.08.18-07.55.31:980][  0]LogConfig: Applying CVar settings from Section [Startup] File [../../../Engine/Config/ConsoleVariables.ini]
[2020.08.18-07.55.31:980][  0]LogConfig: Setting CVar [[net.UseAdaptiveNetUpdateFrequency:0]]
[2020.08.18-07.55.31:980][  0]LogConfig: Setting CVar [[p.chaos.AllowCreatePhysxBodies:1]]
[2020.08.18-07.55.31:980][  0]LogConfig: Setting CVar [[fx.SkipVectorVMBackendOptimizations:1]]
[2020.08.18-07.55.31:980][  0]LogConfig: Applying CVar settings from Section [ConsoleVariables] File [D:/2020_T2/RGP/A4 Game/Git_Repository/Disaster-Artist/UnrealProject/AncientTemple/Saved/Config/Windows/Engine.ini]
[2020.08.18-07.55.31:980][  0]LogInit: Computer: SEANS-RAVEN
[2020.08.18-07.55.31:980][  0]LogInit: User: New
[2020.08.18-07.55.31:980][  0]LogInit: CPU Page size=4096, Cores=4
[2020.08.18-07.55.31:980][  0]LogInit: High frequency timer resolution =10.000000 MHz
[2020.08.18-07.55.31:980][  0]LogMemory: Memory total: Physical=32.0GB (32GB approx)
[2020.08.18-07.55.31:980][  0]LogMemory: Platform Memory Stats for Windows
[2020.08.18-07.55.31:980][  0]LogMemory: Process Physical Memory: 114.64 MB used, 114.64 MB peak
[2020.08.18-07.55.31:980][  0]LogMemory: Process Virtual Memory: 96.51 MB used, 96.51 MB peak
[2020.08.18-07.55.31:980][  0]LogMemory: Physical Memory: 12160.13 MB used,  20561.74 MB free, 32721.87 MB total
[2020.08.18-07.55.31:980][  0]LogMemory: Virtual Memory: 5143.13 MB used,  134212584.00 MB free, 134217728.00 MB total
[2020.08.18-07.55.31:986][  0]LogWindows: WindowsPlatformFeatures enabled
[2020.08.18-07.55.32:017][  0]LogInit: Physics initialised using underlying interface: PhysX
[2020.08.18-07.55.32:018][  0]LogInit: Using OS detected language (en-GB).
[2020.08.18-07.55.32:019][  0]LogInit: Using OS detected locale (en-AU).
[2020.08.18-07.55.32:020][  0]LogTextLocalizationManager: No specific localization for 'en-GB' exists, so the 'en' localization will be used.
[2020.08.18-07.55.32:199][  0]LogInit: Setting process to per monitor DPI aware
[2020.08.18-07.55.32:242][  0]LogSlate: New Slate User Created.  User Index 0, Is Virtual User: 0
[2020.08.18-07.55.32:242][  0]LogSlate: Slate User Registered.  User Index 0, Is Virtual User: 0
[2020.08.18-07.55.32:375][  0]LogHMD: Failed to initialize OpenVR with code 101
[2020.08.18-07.55.32:375][  0]LogD3D11RHI: D3D11 min allowed feature level: 11_0
[2020.08.18-07.55.32:375][  0]LogD3D11RHI: D3D11 max allowed feature level: 11_0
[2020.08.18-07.55.32:375][  0]LogD3D11RHI: D3D11 adapters:
[2020.08.18-07.55.32:461][  0]LogD3D11RHI:    0. 'NVIDIA GeForce GTX 1080' (Feature Level 11_0)
[2020.08.18-07.55.32:461][  0]LogD3D11RHI:       8079/0/16360 MB DedicatedVideo/DedicatedSystem/SharedSystem, Outputs:2, VendorId:0x10de
[2020.08.18-07.55.32:463][  0]LogD3D11RHI:    1. 'Microsoft Basic Render Driver' (Feature Level 11_0)
[2020.08.18-07.55.32:463][  0]LogD3D11RHI:       0/0/16360 MB DedicatedVideo/DedicatedSystem/SharedSystem, Outputs:0, VendorId:0x1414
[2020.08.18-07.55.32:463][  0]LogD3D11RHI: Chosen D3D11 Adapter: 0
[2020.08.18-07.55.32:472][  0]LogD3D11RHI: Creating new Direct3DDevice
[2020.08.18-07.55.32:473][  0]LogD3D11RHI:     GPU DeviceId: 0x1b80 (for the marketing name, search the web for "GPU Device Id")
[2020.08.18-07.55.32:473][  0]LogWindows: EnumDisplayDevices:
[2020.08.18-07.55.32:473][  0]LogWindows:    0. 'NVIDIA GeForce GTX 1080' (P:1 D:1)
[2020.08.18-07.55.32:473][  0]LogWindows:    1. 'NVIDIA GeForce GTX 1080' (P:0 D:1)
[2020.08.18-07.55.32:473][  0]LogWindows:    2. 'NVIDIA GeForce GTX 1080' (P:0 D:0)
[2020.08.18-07.55.32:473][  0]LogWindows:    3. 'NVIDIA GeForce GTX 1080' (P:0 D:0)
[2020.08.18-07.55.32:474][  0]LogWindows: DebugString: FoundDriverCount:4 
[2020.08.18-07.55.32:474][  0]LogD3D11RHI:     Adapter Name: NVIDIA GeForce GTX 1080
[2020.08.18-07.55.32:474][  0]LogD3D11RHI:   Driver Version: 452.06 (internal:27.21.14.5206, unified:452.06)
[2020.08.18-07.55.32:474][  0]LogD3D11RHI:      Driver Date: 8-12-2020
[2020.08.18-07.55.32:474][  0]LogRHI: Texture pool is 5655 MB (70% of 8079 MB)
[2020.08.18-07.55.32:514][  0]LogD3D11RHI: RHI has support for 64 bit atomics
[2020.08.18-07.55.32:516][  0]LogD3D11RHI: [Aftermath] Enabled and primed
[2020.08.18-07.55.32:516][  0]LogD3D11RHI: Async texture creation enabled
[2020.08.18-07.55.32:516][  0]LogD3D11RHI: Array index from any shader is supported
[2020.08.18-07.55.32:517][  0]LogD3D11RHI: HDR output is supported on display 0 (NvId: 0x80061085).
[2020.08.18-07.55.32:531][  0]LogD3D11RHI: GPU Timing Frequency: 1000.000000 (Debug: 2 1)
[2020.08.18-07.55.32:862][  0]LogTargetPlatformManager: Display: Loaded TargetPlatform 'AllDesktop'
[2020.08.18-07.55.32:885][  0]LogTargetPlatformManager: Display: Loaded TargetPlatform 'Android'
[2020.08.18-07.55.32:885][  0]LogTargetPlatformManager: Display: Loaded TargetPlatform 'Android_ASTC'
[2020.08.18-07.55.32:885][  0]LogTargetPlatformManager: Display: Loaded TargetPlatform 'Android_DXT'
[2020.08.18-07.55.32:885][  0]LogTargetPlatformManager: Display: Loaded TargetPlatform 'Android_ETC2'
[2020.08.18-07.55.32:885][  0]LogTargetPlatformManager: Display: Loaded TargetPlatform 'AndroidClient'
[2020.08.18-07.55.32:885][  0]LogTargetPlatformManager: Display: Loaded TargetPlatform 'Android_ASTCClient'
[2020.08.18-07.55.32:885][  0]LogTargetPlatformManager: Display: Loaded TargetPlatform 'Android_DXTClient'
[2020.08.18-07.55.32:885][  0]LogTargetPlatformManager: Display: Loaded TargetPlatform 'Android_ETC2Client'
[2020.08.18-07.55.32:885][  0]LogTargetPlatformManager: Display: Loaded TargetPlatform 'Android_Multi'
[2020.08.18-07.55.32:885][  0]LogTargetPlatformManager: Display: Loaded TargetPlatform 'Android_MultiClient'
[2020.08.18-07.55.32:905][  0]LogTargetPlatformManager: Display: Loaded TargetPlatform 'IOSClient'
[2020.08.18-07.55.32:905][  0]LogTargetPlatformManager: Display: Loaded TargetPlatform 'IOS'
[2020.08.18-07.55.32:914][  0]LogTargetPlatformManager: Display: Loaded TargetPlatform 'Linux'
[2020.08.18-07.55.32:922][  0]LogTargetPlatformManager: Display: Loaded TargetPlatform 'LinuxNoEditor'
[2020.08.18-07.55.32:931][  0]LogTargetPlatformManager: Display: Loaded TargetPlatform 'LinuxClient'
[2020.08.18-07.55.32:940][  0]LogTargetPlatformManager: Display: Loaded TargetPlatform 'LinuxServer'
[2020.08.18-07.55.32:949][  0]LogTargetPlatformManager: Display: Loaded TargetPlatform 'LinuxAArch64NoEditor'
[2020.08.18-07.55.32:957][  0]LogTargetPlatformManager: Display: Loaded TargetPlatform 'LinuxAArch64Client'
[2020.08.18-07.55.32:966][  0]LogTargetPlatformManager: Display: Loaded TargetPlatform 'LinuxAArch64Server'
[2020.08.18-07.55.32:990][  0]LogTargetPlatformManager: Display: Loaded TargetPlatform 'Lumin'
[2020.08.18-07.55.32:991][  0]LogTargetPlatformManager: Display: Loaded TargetPlatform 'LuminClient'
[2020.08.18-07.55.33:007][  0]LogTargetPlatformManager: Display: Loaded TargetPlatform 'TVOSClient'
[2020.08.18-07.55.33:007][  0]LogTargetPlatformManager: Display: Loaded TargetPlatform 'TVOS'
[2020.08.18-07.55.33:015][  0]LogTargetPlatformManager: Display: Loaded TargetPlatform 'WindowsNoEditor'
[2020.08.18-07.55.33:023][  0]LogTargetPlatformManager: Display: Loaded TargetPlatform 'Windows'
[2020.08.18-07.55.33:032][  0]LogTargetPlatformManager: Display: Loaded TargetPlatform 'WindowsClient'
[2020.08.18-07.55.33:040][  0]LogTargetPlatformManager: Display: Loaded TargetPlatform 'WindowsServer'
[2020.08.18-07.55.33:040][  0]LogTargetPlatformManager: Display: Building Assets For Windows
[2020.08.18-07.55.33:047][  0]LogAudioDebug: Display: Lib vorbis DLL was dynamically loaded.
[2020.08.18-07.55.33:102][  0]LogShaderCompilers: Guid format shader working directory is -37 characters bigger than the processId version (D:/2020_T2/RGP/A4 Game/Git_Repository/Disaster-Artist/UnrealProject/AncientTemple/Intermediate/Shaders/WorkingDirectory/5484/).
[2020.08.18-07.55.33:102][  0]LogShaderCompilers: Cleaned the shader compiler working directory 'C:/Users/New/AppData/Local/Temp/UnrealShaderWorkingDir/91AFD8B1463598EC4C163781D2571AA2/'.
[2020.08.18-07.55.33:103][  0]LogXGEController: Cleaning working directory: C:/Users/New/AppData/Local/Temp/UnrealXGEWorkingDir/
[2020.08.18-07.55.33:103][  0]LogXGEController: Cannot use XGE Controller as Incredibuild is not installed on this machine.
[2020.08.18-07.55.33:103][  0]LogShaderCompilers: Cannot use XGE Shader Compiler as Incredibuild is not installed on this machine.
[2020.08.18-07.55.33:103][  0]LogShaderCompilers: Display: Using Local Shader Compiler.
[2020.08.18-07.55.33:793][  0]LogDerivedDataCache: Display: Max Cache Size: 512 MB
[2020.08.18-07.55.33:846][  0]LogDerivedDataCache: Loaded boot cache 0.05s 76MB C:/Users/New/AppData/Local/UnrealEngine/4.25/DerivedDataCache/Boot.ddc.
[2020.08.18-07.55.33:847][  0]LogDerivedDataCache: Display: Loaded Boot cache: C:/Users/New/AppData/Local/UnrealEngine/4.25/DerivedDataCache/Boot.ddc
[2020.08.18-07.55.33:847][  0]LogDerivedDataCache: FDerivedDataBackendGraph:  Pak pak cache file D:/2020_T2/RGP/A4 Game/Git_Repository/Disaster-Artist/UnrealProject/AncientTemple/DerivedDataCache/DDC.ddp not found, will not use a pak cache.
[2020.08.18-07.55.33:847][  0]LogDerivedDataCache: Unable to find inner node Pak for hierarchical cache Hierarchy.
[2020.08.18-07.55.33:847][  0]LogDerivedDataCache: FDerivedDataBackendGraph:  CompressedPak pak cache file D:/2020_T2/RGP/A4 Game/Git_Repository/Disaster-Artist/UnrealProject/AncientTemple/DerivedDataCache/Compressed.ddp not found, will not use a pak cache.
[2020.08.18-07.55.33:847][  0]LogDerivedDataCache: Unable to find inner node CompressedPak for hierarchical cache Hierarchy.
[2020.08.18-07.55.33:858][  0]LogDerivedDataCache: Display: Pak cache opened for reading ../../../Engine/DerivedDataCache/Compressed.ddp.
[2020.08.18-07.55.33:858][  0]LogDerivedDataCache: FDerivedDataBackendGraph:  EnterprisePak pak cache file ../../../Enterprise/DerivedDataCache/Compressed.ddp not found, will not use a pak cache.
[2020.08.18-07.55.33:858][  0]LogDerivedDataCache: Unable to find inner node EnterprisePak for hierarchical cache Hierarchy.
[2020.08.18-07.55.33:860][  0]LogDerivedDataCache: Using Local data cache path C:/Users/New/AppData/Local/UnrealEngine/Common/DerivedDataCache: Writable
[2020.08.18-07.55.33:860][  0]LogDerivedDataCache: Shared data cache path not found in *engine.ini, will not use an Shared cache.
[2020.08.18-07.55.33:860][  0]LogDerivedDataCache: Unable to find inner node Shared for hierarchical cache Hierarchy.
[2020.08.18-07.55.33:907][  0]LogSlate: Using FreeType 2.10.0
[2020.08.18-07.55.33:908][  0]LogSlate: SlateFontServices - WITH_FREETYPE: 1, WITH_HARFBUZZ: 1
[2020.08.18-07.55.33:932][  0]LogAssetRegistry: FAssetRegistry took 0.0029 seconds to start up
[2020.08.18-07.55.34:164][  0]LogInit: Selected Device Profile: [Windows]
[2020.08.18-07.55.34:273][  0]LogMeshReduction: Using QuadricMeshReduction for automatic static mesh reduction
[2020.08.18-07.55.34:273][  0]LogMeshReduction: Using SimplygonMeshReduction for automatic skeletal mesh reduction
[2020.08.18-07.55.34:273][  0]LogMeshReduction: Using ProxyLODMeshReduction for automatic mesh merging
[2020.08.18-07.55.34:273][  0]LogMeshReduction: No distributed automatic mesh merging module available
[2020.08.18-07.55.34:273][  0]LogMeshMerging: No distributed automatic mesh merging module available
[2020.08.18-07.55.34:293][  0]LogNetVersion: AncientTemple 1.0.0, NetCL: 13144385, EngineNetVer: 14, GameNetVer: 0 (Checksum: 258372913)
[2020.08.18-07.55.34:681][  0]LogAISub: UAISubsystem::UAISubsystem AISubsystem (000001D98D339340), frame # 0
[2020.08.18-07.55.34:681][  0]LogAISub: UAISubsystem::UAISubsystem AIPerceptionSystem (000001D98D2711C0), frame # 0
[2020.08.18-07.55.34:682][  0]LogAISub: UAISubsystem::UAISubsystem EnvQueryManager (000001D98D2AE000), frame # 0
[2020.08.18-07.55.34:742][  0]LogPackageLocalizationCache: Processed 20 localized package path(s) for 1 prioritized culture(s) in 0.054467 seconds
[2020.08.18-07.55.34:749][  0]LogUObjectArray: 15917 objects as part of root set at end of initial load.
[2020.08.18-07.55.34:749][  0]LogUObjectAllocator: 3965568 out of 0 bytes used by permanent object pool.
[2020.08.18-07.55.34:749][  0]LogUObjectArray: CloseDisregardForGC: 0/0 objects in disregard for GC pool
[2020.08.18-07.55.35:064][  0]LogSubstanceCoreModule: Substance [CPU] Engine Loaded, Max Texture Size = 2048
[2020.08.18-07.55.35:073][  0]LogTcpMessaging: Initializing TcpMessaging bridge
[2020.08.18-07.55.35:077][  0]LogUdpMessaging: Initializing bridge on interface 0.0.0.0:0 to multicast group 230.0.0.1:6666.
[2020.08.18-07.55.35:186][  0]SourceControl: Source control is disabled
[2020.08.18-07.55.35:186][  0]SourceControl: Source control is disabled
[2020.08.18-07.55.35:189][  0]SourceControl: Source control is disabled
[2020.08.18-07.55.35:192][  0]SourceControl: Source control is disabled
[2020.08.18-07.55.35:199][  0]SourceControl: Source control is disabled
[2020.08.18-07.55.35:423][  0]LogAndroidPermission: UAndroidPermissionCallbackProxy::GetInstance
[2020.08.18-07.55.35:442][  0]LogAudioCaptureCore: Display: No Audio Capture implementations found. Audio input will be silent.
[2020.08.18-07.55.35:442][  0]LogAudioCaptureCore: Display: No Audio Capture implementations found. Audio input will be silent.
[2020.08.18-07.55.35:488][  0]LogOcInput: OculusInput pre-init called
[2020.08.18-07.55.35:499][  0]LogWindows: Failed to load 'OVRPlugin.dll' (GetLastError=126)
[2020.08.18-07.55.35:499][  0]LogWindows: File 'OVRPlugin.dll' does not exist
[2020.08.18-07.55.35:617][  0]LogEngine: Initializing Engine...
[2020.08.18-07.55.35:618][  0]LogHMD: Failed to initialize OpenVR with code 101
[2020.08.18-07.55.35:618][  0]LogMagicLeap: Warning: VR disabled because ZI is not enabled.  To enable, in the editor, Edit -> Project Settings -> Plugins -> Magic Leap Plugin -> Enable Zero Iteration
[2020.08.18-07.55.35:619][  0]LogStats: UGameplayTagsManager::InitializeManager -  0.000 s
[2020.08.18-07.55.35:730][  0]LogInit: Initializing FReadOnlyCVARCache
[2020.08.18-07.55.35:739][  0]LogAIModule: Creating AISystem for world Untitled
[2020.08.18-07.55.35:739][  0]LogAISub: UAISubsystem::UAISubsystem EnvQueryManager (000001D98FE55C00), frame # 0
[2020.08.18-07.55.35:739][  0]LogAISub: UAISubsystem::UAISubsystem AIPerceptionSystem (000001D98FEA1440), frame # 0
[2020.08.18-07.55.35:760][  0]LogAudioMixer: Display: Audio Mixer Platform Settings:
[2020.08.18-07.55.35:761][  0]LogAudioMixer: Display: 	Sample Rate:						  48000
[2020.08.18-07.55.35:761][  0]LogAudioMixer: Display: 	Callback Buffer Frame Size Requested: 1024
[2020.08.18-07.55.35:761][  0]LogAudioMixer: Display: 	Callback Buffer Frame Size To Use:	  1024
[2020.08.18-07.55.35:761][  0]LogAudioMixer: Display: 	Number of buffers to queue:			  2
[2020.08.18-07.55.35:761][  0]LogAudioMixer: Display: 	Max Channels (voices):				  32
[2020.08.18-07.55.35:761][  0]LogAudioMixer: Display: 	Number of Async Source Workers:		  0
[2020.08.18-07.55.35:761][  0]LogAudio: Display: AudioDevice MaxSources: 32
[2020.08.18-07.55.35:761][  0]LogAudio: Display: Using built-in audio occlusion.
[2020.08.18-07.55.35:761][  0]LogAudioMixer: Display: Initializing audio mixer.
[2020.08.18-07.55.35:779][  0]LogAudioMixer: Display: 0: FrontLeft
[2020.08.18-07.55.35:779][  0]LogAudioMixer: Display: 1: FrontRight
[2020.08.18-07.55.35:824][  0]LogAudioMixer: Display: Using Audio Device Speakers (3- RIG 800HX)
[2020.08.18-07.55.35:827][  0]LogAudioMixer: Display: Initializing Sound Submixes...
[2020.08.18-07.55.35:829][  0]LogAudioMixer: Display: Creating Master Submix 'MasterSubmixDefault'
[2020.08.18-07.55.35:829][  0]LogAudioMixer: Display: Creating Master Submix 'MasterReverbSubmixDefault'
[2020.08.18-07.55.35:830][  0]LogAudioMixer: Display: Creating Master Submix 'MasterEQSubmixDefault'
[2020.08.18-07.55.35:831][  0]LogInit: FAudioDevice initialized.
[2020.08.18-07.55.35:831][  0]LogNetVersion: Set ProjectVersion to 1.0.0.0. Version Checksum will be recalculated on next use.
[2020.08.18-07.55.35:904][  0]LogDerivedDataCache: Saved boot cache 0.07s 76MB C:/Users/New/AppData/Local/UnrealEngine/4.25/DerivedDataCache/Boot.ddc.
[2020.08.18-07.55.35:909][  0]LogInit: Texture streaming: Enabled
[2020.08.18-07.55.35:927][  0]LogEngineSessionManager: EngineSessionManager initialized
[2020.08.18-07.55.35:927][  0]LogEditorSessionSummary: Verbose: Initializing EditorSessionSummaryWriter for editor session tracking
[2020.08.18-07.55.35:933][  0]LogEditorSessionSummary: EditorSessionSummaryWriter initialized
[2020.08.18-07.55.35:992][  0]LogInit: Transaction tracking system initialized
[2020.08.18-07.55.36:015][  0]BlueprintLog: New page: Editor Load
[2020.08.18-07.55.36:083][  0]LocalizationService: Localization service is disabled
[2020.08.18-07.55.36:220][  0]LogCook: Display: Max memory allowance for cook 16384mb min free memory 0mb
[2020.08.18-07.55.36:220][  0]LogCook: Display: Mobile HDR setting 1
[2020.08.18-07.55.36:356][  0]LogFileCache: Scanning file cache for directory 'D:/2020_T2/RGP/A4 Game/Git_Repository/Disaster-Artist/UnrealProject/AncientTemple/Content/' took 0.03s
[2020.08.18-07.55.36:591][  0]SourceControl: Source control is disabled
[2020.08.18-07.55.36:591][  0]LogUnrealEdMisc: Loading editor; pre map load, took 5.897
[2020.08.18-07.55.36:591][  0]Cmd: MAP LOAD FILE="D:/2020_T2/RGP/A4 Game/Git_Repository/Disaster-Artist/UnrealProject/AncientTemple/Content/Maps/THE_DISASTER_ARTIST.umap" TEMPLATE=0 SHOWPROGRESS=1 FEATURELEVEL=3
[2020.08.18-07.55.36:592][  0]LightingResults: New page: Lighting Build
[2020.08.18-07.55.36:592][  0]LogWorld: UWorld::CleanupWorld for Untitled, bSessionEnded=true, bCleanupResources=true
[2020.08.18-07.55.36:592][  0]LogSlate: InvalidateAllWidgets triggered.  All widgets were invalidated
[2020.08.18-07.55.36:593][  0]MapCheck: New page: Map Check
[2020.08.18-07.55.36:593][  0]LightingResults: New page: Lighting Build
[2020.08.18-07.55.36:600][  0]LogAISub: UAISubsystem::~UAISubsystem EnvQueryManager (000001D98FE55C00), frame # 0
[2020.08.18-07.55.36:600][  0]LogAISub: UAISubsystem::~UAISubsystem AIPerceptionSystem (000001D98FEA1440), frame # 0
[2020.08.18-07.55.36:601][  0]LogUObjectHash: Compacting FUObjectHashTables data took   0.61ms
[2020.08.18-07.55.36:616][  0]LogProperty: Error: FStructProperty::Serialize Loading: Property 'StructProperty /Game/InventorySystem/Blueprints/BP_InventoryManager_Base.BP_InventoryManager_Base_C:GetItemData:Info'. Unknown structure.
[2020.08.18-07.55.36:616][  0]LogProperty: Error: FStructProperty::Serialize Loading: Property 'StructProperty /Game/InventorySystem/Blueprints/BP_InventoryManager_Base.BP_InventoryManager_Base_C:GetItemData:CallFunc_GetDataTableRowFromName_OutRow'. Unknown structure.
[2020.08.18-07.55.36:620][  0]LogProperty: Error: FStructProperty::Serialize Loading: Property 'StructProperty /Game/InventorySystem/Blueprints/BP_InventoryManagerComponent.BP_InventoryManagerComponent_C:LookupItem:Info'. Unknown structure.
[2020.08.18-07.55.36:620][  0]LogProperty: Error: FStructProperty::Serialize Loading: Property 'StructProperty /Game/InventorySystem/Blueprints/BP_InventoryManagerComponent.BP_InventoryManagerComponent_C:LookupItem:CallFunc_GetItemData_Info'. Unknown structure.
[2020.08.18-07.55.36:620][  0]LogProperty: Error: FStructProperty::Serialize Loading: Property 'StructProperty /Game/InventorySystem/Blueprints/BP_DroppedItem.BP_DroppedItem_C:ExecuteUbergraph_BP_DroppedItem:CallFunc_LookupItem_Info'. Unknown structure.
[2020.08.18-07.55.36:637][  0]LogProperty: Error: FStructProperty::Serialize Loading: Property 'StructProperty /Game/InventorySystem/UMG/WBP_HotbarWidget.WBP_HotbarWidget_C:ExecuteUbergraph_WBP_HotbarWidget:CallFunc_LookupItem_Info'. Unknown structure.
[2020.08.18-07.55.36:637][  0]LogProperty: Error: FStructProperty::Serialize Loading: Property 'StructProperty /Game/InventorySystem/UMG/WBP_HotbarSlot.WBP_HotbarSlot_C:GetItemImage:CallFunc_LookupItem_Info'. Unknown structure.
[2020.08.18-07.55.36:639][  0]LogProperty: Error: FStructProperty::Serialize Loading: Property 'StructProperty /Game/InventorySystem/UMG/WBP_InventoryDragVisual.WBP_InventoryDragVisual_C:ExecuteUbergraph_WBP_InventoryDragVisual:CallFunc_LookupItem_Info'. Unknown structure.
[2020.08.18-07.55.36:644][  0]LogProperty: Error: FStructProperty::Serialize Loading: Property 'StructProperty /Game/InventorySystem/UMG/WBP_InventorySlot.WBP_InventorySlot_C:GetItemImage:CallFunc_LookupItem_Info'. Unknown structure.
[2020.08.18-07.55.36:647][  0]LogProperty: Error: FStructProperty::Serialize Loading: Property 'StructProperty /Game/InventorySystem/UMG/WBP_ItemPickupNotification.WBP_ItemPickupNotification_C:ExecuteUbergraph_WBP_ItemPickupNotification:CallFunc_LookupItem_Info'. Unknown structure.
[2020.08.18-07.55.36:667][  0]LogProperty: Error: FStructProperty::Serialize Loading: Property 'StructProperty /Game/InventorySystem/UMG/WBP_CraftingSlot.WBP_CraftingSlot_C:ExecuteUbergraph_WBP_CraftingSlot:CallFunc_LookupItem_Info'. Unknown structure.
[2020.08.18-07.55.36:667][  0]LogProperty: Error: FStructProperty::Serialize Loading: Property 'StructProperty /Game/InventorySystem/UMG/WBP_CraftingInfoPopup.WBP_CraftingInfoPopup_C:ExecuteUbergraph_WBP_CraftingInfoPopup:CallFunc_LookupItem_Info'. Unknown structure.
[2020.08.18-07.55.36:669][  0]LogProperty: Error: FStructProperty::Serialize Loading: Property 'StructProperty /Game/InventorySystem/UMG/WBP_RequiredCraftingItem.WBP_RequiredCraftingItem_C:ExecuteUbergraph_WBP_RequiredCraftingItem:CallFunc_LookupItem_Info'. Unknown structure.
[2020.08.18-07.55.36:964][  0]LogLinker: Warning: While loading 'D:/2020_T2/RGP/A4 Game/Git_Repository/Disaster-Artist/UnrealProject/AncientTemple/Content/Maps/THE_DISASTER_ARTIST.umap' failed to load '/Game/Maps/THE_DISASTER_ARTIST_BuiltData': Can't find file.
[2020.08.18-07.55.36:964][  0]LogLinker: Warning: While loading 'D:/2020_T2/RGP/A4 Game/Git_Repository/Disaster-Artist/UnrealProject/AncientTemple/Content/Maps/THE_DISASTER_ARTIST.umap' failed to load '/Game/Maps/THE_DISASTER_ARTIST_BuiltData': Can't find file.
[2020.08.18-07.55.37:010][  0]LogLinker: Warning: While loading 'D:/2020_T2/RGP/A4 Game/Git_Repository/Disaster-Artist/UnrealProject/AncientTemple/Content/Maps/THE_DISASTER_ARTIST.umap' failed to load '/Game/Maps/THE_DISASTER_ARTIST_BuiltData': Can't find file.
[2020.08.18-07.55.37:010][  0]LogLinker: Warning: While loading 'D:/2020_T2/RGP/A4 Game/Git_Repository/Disaster-Artist/UnrealProject/AncientTemple/Content/Maps/THE_DISASTER_ARTIST.umap' failed to load '/Game/Maps/THE_DISASTER_ARTIST_BuiltData': Can't find file.
[2020.08.18-07.55.37:012][  0]LogLinker: Warning: Failed to load '/Game/Maps/THE_DISASTER_ARTIST_BuiltData': Can't find file.
[2020.08.18-07.55.37:012][  0]LogLinker: Warning: Failed to load '/Game/Maps/THE_DISASTER_ARTIST_BuiltData': Can't find file.
[2020.08.18-07.55.37:012][  0]LogLinker: Warning: Failed to load '/Game/Maps/THE_DISASTER_ARTIST_BuiltData': Can't find file.
[2020.08.18-07.55.37:012][  0]LogLinker: Warning: Failed to load '/Game/Maps/THE_DISASTER_ARTIST_BuiltData': Can't find file.
[2020.08.18-07.55.37:042][  0]LogLinker: Warning: While loading 'D:/2020_T2/RGP/A4 Game/Git_Repository/Disaster-Artist/UnrealProject/AncientTemple/Content/Maps/THE_DISASTER_ARTIST.umap' failed to load '/Game/Maps/THE_DISASTER_ARTIST_BuiltData': Can't find file.
[2020.08.18-07.55.37:043][  0]LoadErrors: Failed to load /Game/Maps/THE_DISASTER_ARTIST_BuiltData.THE_DISASTER_ARTIST_BuiltData Referenced by PersistentLevel
[2020.08.18-07.55.37:043][  0]LogLinker: Warning: While loading 'D:/2020_T2/RGP/A4 Game/Git_Repository/Disaster-Artist/UnrealProject/AncientTemple/Content/Maps/THE_DISASTER_ARTIST.umap' failed to load '/Game/Maps/THE_DISASTER_ARTIST_BuiltData': Can't find file.
[2020.08.18-07.55.37:043][  0]LoadErrors: Failed to load /Game/Maps/THE_DISASTER_ARTIST_BuiltData.THE_DISASTER_ARTIST_BuiltData Referenced by PersistentLevel
[2020.08.18-07.55.37:202][  0]LogAIModule: Creating AISystem for world THE_DISASTER_ARTIST
[2020.08.18-07.55.37:202][  0]LogAISub: UAISubsystem::UAISubsystem EnvQueryManager (000001D984F51800), frame # 0
[2020.08.18-07.55.37:202][  0]LogAISub: UAISubsystem::UAISubsystem AIPerceptionSystem (000001D981CC7740), frame # 0
[2020.08.18-07.55.37:212][  0]LogEditorServer: Finished looking for orphan Actors (0.000 secs)
[2020.08.18-07.55.37:233][  0]LogUObjectHash: Compacting FUObjectHashTables data took   1.02ms
[2020.08.18-07.55.37:235][  0]Cmd: MAP CHECKDEP NOCLEARLOG
[2020.08.18-07.55.37:235][  0]MapCheck: Map check complete: 0 Error(s), 0 Warning(s), took 0.123ms to complete.
[2020.08.18-07.55.37:235][  0]LogFileHelpers: Loading map 'THE_DISASTER_ARTIST' took 0.644
[2020.08.18-07.55.37:235][  0]LogAssetRegistry: Flushing asset discovery search because of synchronous request, this can take several seconds...
[2020.08.18-07.55.37:292][  0]LogAssetRegistry: Asset discovery search completed in 0.0562 seconds
[2020.08.18-07.55.37:302][  0]LogCollectionManager: Loaded 0 collections in 0.001128 seconds
[2020.08.18-07.55.37:307][  0]LogFileCache: Scanning file cache for directory 'D:/2020_T2/RGP/A4 Game/Git_Repository/Disaster-Artist/UnrealProject/AncientTemple/Saved/Collections/' took 0.00s
[2020.08.18-07.55.37:307][  0]LogFileCache: Scanning file cache for directory 'D:/2020_T2/RGP/A4 Game/Git_Repository/Disaster-Artist/UnrealProject/AncientTemple/Content/Developers/New/Collections/' took 0.00s
[2020.08.18-07.55.37:307][  0]LogFileCache: Scanning file cache for directory 'D:/2020_T2/RGP/A4 Game/Git_Repository/Disaster-Artist/UnrealProject/AncientTemple/Content/Collections/' took 0.00s
[2020.08.18-07.55.37:307][  0]LogCollectionManager: Fixed up redirectors for 0 collections in 0.000004 seconds (updated 0 objects)
[2020.08.18-07.55.37:309][  0]LogUnrealEdMisc: Total Editor Startup Time, took 6.614
[2020.08.18-07.55.37:450][  0]LogSlate: Updating window title bar state: overlay mode, drag disabled, window buttons hidden, title bar hidden
[2020.08.18-07.55.37:471][  0]LogContentBrowser: Native class hierarchy populated in 0.0110 seconds. Added 3437 classes and 827 folders.
[2020.08.18-07.55.37:482][  0]LogContentBrowser: Native class hierarchy updated for 'WidgetCarousel' in 0.0003 seconds. Added 0 classes and 0 folders.
[2020.08.18-07.55.37:530][  0]LogContentBrowser: Native class hierarchy updated for 'AddContentDialog' in 0.0003 seconds. Added 0 classes and 0 folders.
[2020.08.18-07.55.37:535][  0]LogContentBrowser: Native class hierarchy updated for 'SceneOutliner' in 0.0003 seconds. Added 2 classes and 0 folders.
[2020.08.18-07.55.37:586][  0]LogSlate: Took 0.000161 seconds to synchronously load lazily loaded font '../../../Engine/Content/Slate/Fonts/Roboto-Regular.ttf' (155K)
[2020.08.18-07.55.37:587][  0]LogSlate: Took 0.000147 seconds to synchronously load lazily loaded font '../../../Engine/Content/Slate/Fonts/Roboto-Bold.ttf' (160K)
[2020.08.18-07.55.37:591][  0]LogSlate: Took 0.000116 seconds to synchronously load lazily loaded font '../../../Engine/Content/Editor/Slate/Fonts/FontAwesome.ttf' (139K)
[2020.08.18-07.55.37:661][  0]LogRenderer: Reallocating scene render targets to support 1532x808 Format 10 NumSamples 1 (Frame:1).
[2020.08.18-07.55.37:791][  0]LogContentBrowser: Native class hierarchy updated for 'HierarchicalLODOutliner' in 0.0003 seconds. Added 0 classes and 0 folders.
[2020.08.18-07.55.37:793][  0]LogLoad: (Engine Initialization) Total time: 7.10 seconds
[2020.08.18-07.55.37:793][  0]LogLoad: (Engine Initialization) Total Blueprint compile time: 0.00 seconds
[2020.08.18-07.55.37:825][  0]LogContentStreaming: Texture pool size now 3000 MB
[2020.08.18-07.55.37:932][  0]LogSlate: Took 0.000112 seconds to synchronously load lazily loaded font '../../../Engine/Content/Slate/Fonts/DroidSansMono.ttf' (77K)
[2020.08.18-07.55.37:934][  1]LogSubstanceLiveLink: Warning: Unable to send data along socket, closing connection
[2020.08.18-07.55.37:936][  1]LogFileCache: Retrieving MD5 hashes for directory 'D:/2020_T2/RGP/A4 Game/Git_Repository/Disaster-Artist/UnrealProject/AncientTemple/Content/' took 0.13s
[2020.08.18-07.55.39:368][163]LogSlate: Window 'Message Log' being destroyed
[2020.08.18-07.55.39:373][163]LogSlate: Window 'Message Log' being destroyed
[2020.08.18-07.55.44:371][722]LogSlate: Took 0.000134 seconds to synchronously load lazily loaded font '../../../Engine/Content/Slate/Fonts/Roboto-Light.ttf' (167K)
[2020.08.18-07.55.45:068][722]LogAssetEditorSubsystem: Opening Asset editor for World /Game/Project/Levels/PompeiiBuilding_Sean.PompeiiBuilding_Sean
[2020.08.18-07.55.45:094][722]LogUObjectHash: Compacting FUObjectHashTables data took   1.30ms
[2020.08.18-07.55.45:096][722]Cmd: MAP LOAD FILE="D:/2020_T2/RGP/A4 Game/Git_Repository/Disaster-Artist/UnrealProject/AncientTemple/Content/Project/Levels/PompeiiBuilding_Sean.umap" TEMPLATE=0 SHOWPROGRESS=1 FEATURELEVEL=3
[2020.08.18-07.55.45:096][722]LightingResults: New page: Lighting Build
[2020.08.18-07.55.45:096][722]LoadErrors: New page: Loading map: PompeiiBuilding_Sean.umap
[2020.08.18-07.55.45:142][722]LogWorld: UWorld::CleanupWorld for THE_DISASTER_ARTIST, bSessionEnded=true, bCleanupResources=true
[2020.08.18-07.55.45:142][722]LogSlate: InvalidateAllWidgets triggered.  All widgets were invalidated
[2020.08.18-07.55.45:142][722]MapCheck: New page: Map Check
[2020.08.18-07.55.45:142][722]LightingResults: New page: Lighting Build
[2020.08.18-07.55.45:152][722]LogAISub: UAISubsystem::~UAISubsystem EnvQueryManager (000001D984F51800), frame # 722
[2020.08.18-07.55.45:152][722]LogAISub: UAISubsystem::~UAISubsystem AIPerceptionSystem (000001D981CC7740), frame # 722
[2020.08.18-07.55.45:153][722]LogUObjectHash: Compacting FUObjectHashTables data took   0.93ms
[2020.08.18-07.55.45:190][722]LogEditorServer: Finished looking for orphan Actors (0.000 secs)
[2020.08.18-07.55.45:190][722]LogAIModule: Creating AISystem for world PompeiiBuilding_Sean
[2020.08.18-07.55.45:190][722]LogAISub: UAISubsystem::UAISubsystem EnvQueryManager (000001D992A21C00), frame # 722
[2020.08.18-07.55.45:190][722]LogAISub: UAISubsystem::UAISubsystem AIPerceptionSystem (000001D9A0C73100), frame # 722
[2020.08.18-07.55.45:208][722]LogUObjectHash: Compacting FUObjectHashTables data took   0.71ms
[2020.08.18-07.55.45:238][722]Cmd: MAP CHECKDEP NOCLEARLOG
[2020.08.18-07.55.45:239][722]MapCheck: Map check complete: 0 Error(s), 0 Warning(s), took 0.953ms to complete.
[2020.08.18-07.55.45:239][722]LogFileHelpers: Loading map 'PompeiiBuilding_Sean' took 0.143
[2020.08.18-07.55.48:266][ 15]LogUObjectHash: Compacting FUObjectHashTables data took   0.25ms
[2020.08.18-07.55.59:023][221]MapCheck: New page: Map Check
[2020.08.18-07.55.59:038][221]Cmd: MAP REBUILD ALLVISIBLE
[2020.08.18-07.55.59:038][221]LogEditorServer: Rebuildmap Clear paths rebuilt
[2020.08.18-07.55.59:051][221]LogWorld: UWorld::CleanupWorld for PompeiiBuilding_Sean, bSessionEnded=true, bCleanupResources=false
[2020.08.18-07.55.59:081][221]LightingResults: New page: Lighting Build - 19 Aug 2020, 3:55:59 am
[2020.08.18-07.55.59:130][221]LogSwarmInterface: [OpenConnection] Registering TCP channel ...
[2020.08.18-07.55.59:219][221]LogSwarmInterface: [OpenConnection] Connecting to agent ...
[2020.08.18-07.55.59:232][221]LogSwarmInterface: [TryOpenConnection] Testing the Agent
[2020.08.18-07.55.59:741][221]LogSwarmInterface: [TryOpenConnection] Opening Connection to Agent
[2020.08.18-07.55.59:741][221]LogSwarmInterface: [TryOpenConnection] Local Process ID is 5484
[2020.08.18-07.56.02:577][221]LightingResults: Warning: No importance volume found and the scene is so large that the automatically synthesized volume will not yield good results.  Please add a tightly bounding lightmass importance volume to optimize your scene's quality and lighting build times.
[2020.08.18-07.56.02:578][221]LogStaticLightingSystem: Running Lightmass w/ ImmediateImport mode ENABLED
[2020.08.18-07.56.02:578][221]LogStaticLightingSystem: Running Lightmass w/ ImmediateProcess mode ENABLED
[2020.08.18-07.56.02:578][221]LogStaticLightingSystem: Running Lightmass w/ Sorting mode ENABLED
[2020.08.18-07.56.02:578][221]LogStaticLightingSystem: Running Lightmass w/ Mapping paddings ENABLED
[2020.08.18-07.56.02:578][221]LogStaticLightingSystem: Running Lightmass w/ Mapping debug paddings DISABLED
[2020.08.18-07.56.05:340][221]LogWindows: Error: === Critical error: ===
[2020.08.18-07.56.05:340][221]LogWindows: Error: 
[2020.08.18-07.56.05:340][221]LogWindows: Error: Fatal error!
[2020.08.18-07.56.05:340][221]LogWindows: Error: 
[2020.08.18-07.56.05:340][221]LogWindows: Error: Unhandled Exception: EXCEPTION_ACCESS_VIOLATION reading address 0x00000040
[2020.08.18-07.56.05:340][221]LogWindows: Error: 
[2020.08.18-07.56.05:340][221]LogWindows: Error: [Callstack] 0x00007ffb5270bd85 UE4Editor-Engine.dll!UnknownFunction []
[2020.08.18-07.56.05:340][221]LogWindows: Error: [Callstack] 0x00007ffb60c27262 UE4Editor-UnrealEd.dll!UnknownFunction []
[2020.08.18-07.56.05:340][221]LogWindows: Error: [Callstack] 0x00007ffb60c24704 UE4Editor-UnrealEd.dll!UnknownFunction []
[2020.08.18-07.56.05:340][221]LogWindows: Error: [Callstack] 0x00007ffb60c002e2 UE4Editor-UnrealEd.dll!UnknownFunction []
[2020.08.18-07.56.05:340][221]LogWindows: Error: [Callstack] 0x00007ffb60ed4ea6 UE4Editor-UnrealEd.dll!UnknownFunction []
[2020.08.18-07.56.05:340][221]LogWindows: Error: [Callstack] 0x00007ffb60e6b442 UE4Editor-UnrealEd.dll!UnknownFunction []
[2020.08.18-07.56.05:340][221]LogWindows: Error: [Callstack] 0x00007ffb60e94ef8 UE4Editor-UnrealEd.dll!UnknownFunction []
[2020.08.18-07.56.05:340][221]LogWindows: Error: [Callstack] 0x00007ffb60e6bb4d UE4Editor-UnrealEd.dll!UnknownFunction []
[2020.08.18-07.56.05:340][221]LogWindows: Error: [Callstack] 0x00007ffb60740329 UE4Editor-UnrealEd.dll!UnknownFunction []
[2020.08.18-07.56.05:340][221]LogWindows: Error: [Callstack] 0x00007ffb4eff389a UE4Editor-LevelEditor.dll!UnknownFunction []
[2020.08.18-07.56.05:340][221]LogWindows: Error: [Callstack] 0x00007ffb4f013357 UE4Editor-LevelEditor.dll!UnknownFunction []
[2020.08.18-07.56.05:340][221]LogWindows: Error: [Callstack] 0x00007ffb79c3f238 UE4Editor-Slate.dll!UnknownFunction []
[2020.08.18-07.56.05:340][221]LogWindows: Error: [Callstack] 0x00007ffb79d2ab51 UE4Editor-Slate.dll!UnknownFunction []
[2020.08.18-07.56.05:340][221]LogWindows: Error: [Callstack] 0x00007ffb79d31320 UE4Editor-Slate.dll!UnknownFunction []
[2020.08.18-07.56.05:340][221]LogWindows: Error: [Callstack] 0x00007ffb79d0a937 UE4Editor-Slate.dll!UnknownFunction []
[2020.08.18-07.56.05:340][221]LogWindows: Error: [Callstack] 0x00007ffb79da207e UE4Editor-Slate.dll!UnknownFunction []
[2020.08.18-07.56.05:340][221]LogWindows: Error: [Callstack] 0x00007ffb79dbb27e UE4Editor-Slate.dll!UnknownFunction []
[2020.08.18-07.56.05:340][221]LogWindows: Error: [Callstack] 0x00007ffb79d32a95 UE4Editor-Slate.dll!UnknownFunction []
[2020.08.18-07.56.05:340][221]LogWindows: Error: [Callstack] 0x00007ffb79c02dc8 UE4Editor-Slate.dll!UnknownFunction []
[2020.08.18-07.56.05:340][221]LogWindows: Error: [Callstack] 0x00007ffb79c869cf UE4Editor-Slate.dll!UnknownFunction []
[2020.08.18-07.56.05:340][221]LogWindows: Error: [Callstack] 0x00007ffb79c6f4b2 UE4Editor-Slate.dll!UnknownFunction []
[2020.08.18-07.56.05:340][221]LogWindows: Error: [Callstack] 0x00007ffb79c62392 UE4Editor-Slate.dll!UnknownFunction []
[2020.08.18-07.56.05:340][221]LogWindows: Error: [Callstack] 0x00007ffbb9317f88 UE4Editor-ApplicationCore.dll!UnknownFunction []
[2020.08.18-07.56.05:340][221]LogWindows: Error: [Callstack] 0x00007ffbb9305c87 UE4Editor-ApplicationCore.dll!UnknownFunction []
[2020.08.18-07.56.05:340][221]LogWindows: Error: [Callstack] 0x00007ffbb931a609 UE4Editor-ApplicationCore.dll!UnknownFunction []
[2020.08.18-07.56.05:340][221]LogWindows: Error: [Callstack] 0x00007ffbb93017d0 UE4Editor-ApplicationCore.dll!UnknownFunction []
[2020.08.18-07.56.05:340][221]LogWindows: Error: [Callstack] 0x00007ffbcbce5c7d USER32.dll!UnknownFunction []
[2020.08.18-07.56.05:340][221]LogWindows: Error: [Callstack] 0x00007ffbcbce5672 USER32.dll!UnknownFunction []
[2020.08.18-07.56.05:340][221]LogWindows: Error: [Callstack] 0x00007ffbb931bb24 UE4Editor-ApplicationCore.dll!UnknownFunction []
[2020.08.18-07.56.05:340][221]LogWindows: Error: [Callstack] 0x00007ff7b4a068c4 UE4Editor.exe!UnknownFunction []
[2020.08.18-07.56.05:340][221]LogWindows: Error: [Callstack] 0x00007ff7b4a1ba7c UE4Editor.exe!UnknownFunction []
[2020.08.18-07.56.05:340][221]LogWindows: Error: [Callstack] 0x00007ff7b4a1bb5a UE4Editor.exe!UnknownFunction []
[2020.08.18-07.56.05:340][221]LogWindows: Error: [Callstack] 0x00007ff7b4a2e31d UE4Editor.exe!UnknownFunction []
[2020.08.18-07.56.05:340][221]LogWindows: Error: [Callstack] 0x00007ff7b4a3145a UE4Editor.exe!UnknownFunction []
[2020.08.18-07.56.05:340][221]LogWindows: Error: [Callstack] 0x00007ffbcb3d7bd4 KERNEL32.DLL!UnknownFunction []
[2020.08.18-07.56.05:340][221]LogWindows: Error: [Callstack] 0x00007ffbcc44ce51 ntdll.dll!UnknownFunction []
[2020.08.18-07.56.05:340][221]LogWindows: Error: 
[2020.08.18-07.56.05:355][221]LogExit: Executing StaticShutdownAfterError
[2020.08.18-07.56.05:357][221]LogWindows: FPlatformMisc::RequestExit(1)
[2020.08.18-07.56.05:357][221]LogCore: Engine exit requested (reason: Win RequestExit)
[2020.08.18-07.56.05:370][221]Log file closed, 08/18/20 17:56:05
