Log file open, 07/30/20 16:51:13
LogInit: Display: Running engine for game: AncientTemple
LogPlatformFile: Not using cached read wrapper
LogTaskGraph: Started task graph with 5 named threads and 23 total threads with 3 sets of task threads.
LogStats: Stats thread started at 0.274462
LogD3D11RHI: Loaded GFSDK_Aftermath_Lib.x64.dll
LogICUInternationalization: ICU TimeZone Detection - Raw Offset: +10:00, Platform Override: ''
LogPluginManager: Mounting plugin Paper2D
LogPluginManager: Mounting plugin AISupport
LogPluginManager: Mounting plugin LightPropagationVolume
LogPluginManager: Mounting plugin CameraShakePreviewer
LogPluginManager: Mounting plugin ActorLayerUtilities
LogPluginManager: Mounting plugin AnimationSharing
LogPluginManager: Mounting plugin CLionSourceCodeAccess
LogPluginManager: Mounting plugin CodeLiteSourceCodeAccess
LogPluginManager: Mounting plugin GitSourceControl
LogPluginManager: Mounting plugin KDevelopSourceCodeAccess
LogPluginManager: Mounting plugin NullSourceCodeAccess
LogPluginManager: Mounting plugin PerforceSourceControl
LogPluginManager: Mounting plugin PlasticSourceControl
LogPluginManager: Mounting plugin RiderSourceCodeAccess
LogPluginManager: Mounting plugin SubversionSourceControl
LogPluginManager: Mounting plugin UObjectPlugin
LogPluginManager: Mounting plugin VisualStudioCodeSourceCodeAccess
LogPluginManager: Mounting plugin VisualStudioSourceCodeAccess
LogPluginManager: Mounting plugin XCodeSourceCodeAccess
LogPluginManager: Mounting plugin AssetManagerEditor
LogPluginManager: Mounting plugin CryptoKeys
LogPluginManager: Mounting plugin CurveEditorTools
LogPluginManager: Mounting plugin DataValidation
LogPluginManager: Mounting plugin EditorScriptingUtilities
LogPluginManager: Mounting plugin FacialAnimation
LogPluginManager: Mounting plugin GameplayTagsEditor
LogPluginManager: Mounting plugin GeometryMode
LogPluginManager: Mounting plugin MacGraphicsSwitching
LogPluginManager: Mounting plugin MaterialAnalyzer
LogPluginManager: Mounting plugin MobileLauncherProfileWizard
LogPluginManager: Mounting plugin PluginBrowser
LogPluginManager: Mounting plugin SpeedTreeImporter
LogPluginManager: Mounting plugin DatasmithContent
LogPluginManager: Mounting plugin VariantManagerContent
LogPluginManager: Mounting plugin AlembicImporter
LogPluginManager: Mounting plugin AutomationUtils
LogPluginManager: Mounting plugin BackChannel
LogPluginManager: Mounting plugin ChaosCloth
LogPluginManager: Mounting plugin ChaosClothEditor
LogPluginManager: Mounting plugin ChaosEditor
LogPluginManager: Mounting plugin ChaosNiagara
LogPluginManager: Mounting plugin ChaosSolverPlugin
LogPluginManager: Mounting plugin CharacterAI
LogPluginManager: Mounting plugin GeometryCache
LogPluginManager: Mounting plugin GeometryCollectionPlugin
LogPluginManager: Mounting plugin GeometryProcessing
LogPluginManager: Mounting plugin PlanarCut
LogPluginManager: Mounting plugin PlatformCrypto
LogPluginManager: Mounting plugin ProxyLODPlugin
LogPluginManager: Mounting plugin SkeletalReduction
LogPluginManager: Mounting plugin Niagara
LogPluginManager: Mounting plugin MagicLeap
LogPluginManager: Mounting plugin MagicLeapLightEstimation
LogPluginManager: Mounting plugin MagicLeapMedia
LogPluginManager: Mounting plugin MagicLeapPassableWorld
LogPluginManager: Mounting plugin MLSDK
LogPluginManager: Mounting plugin Substance
LogPluginManager: Mounting plugin AndroidMedia
LogPluginManager: Mounting plugin AvfMedia
LogPluginManager: Mounting plugin ImgMedia
LogPluginManager: Mounting plugin MediaCompositing
LogPluginManager: Mounting plugin MediaPlayerEditor
LogPluginManager: Mounting plugin WebMMedia
LogPluginManager: Mounting plugin WmfMedia
LogPluginManager: Mounting plugin MeshPainting
LogPluginManager: Mounting plugin TcpMessaging
LogPluginManager: Mounting plugin UdpMessaging
LogPluginManager: Mounting plugin ActorSequence
LogPluginManager: Mounting plugin LevelSequenceEditor
LogPluginManager: Mounting plugin MatineeToLevelSequence
LogPluginManager: Mounting plugin MovieRenderPipeline
LogPluginManager: Mounting plugin TemplateSequence
LogPluginManager: Mounting plugin NetcodeUnitTest
LogPluginManager: Mounting plugin NUTUnrealEngine4
LogPluginManager: Mounting plugin OnlineSubsystemGooglePlay
LogPluginManager: Mounting plugin OnlineSubsystemIOS
LogPluginManager: Mounting plugin OnlineSubsystem
LogPluginManager: Mounting plugin OnlineSubsystemNull
LogPluginManager: Mounting plugin OnlineSubsystemUtils
LogPluginManager: Mounting plugin LauncherChunkInstaller
LogPluginManager: Mounting plugin AndroidDeviceProfileSelector
LogPluginManager: Mounting plugin AndroidMoviePlayer
LogPluginManager: Mounting plugin AndroidPermission
LogPluginManager: Mounting plugin AppleImageUtils
LogPluginManager: Mounting plugin AppleMoviePlayer
LogPluginManager: Mounting plugin ArchVisCharacter
LogPluginManager: Mounting plugin AssetTags
LogPluginManager: Mounting plugin AudioCapture
LogPluginManager: Mounting plugin CableComponent
LogPluginManager: Mounting plugin CustomMeshComponent
LogPluginManager: Mounting plugin EditableMesh
LogPluginManager: Mounting plugin ExampleDeviceProfileSelector
LogPluginManager: Mounting plugin GoogleCloudMessaging
LogPluginManager: Mounting plugin GooglePAD
LogPluginManager: Mounting plugin IOSDeviceProfileSelector
LogPluginManager: Mounting plugin LinuxDeviceProfileSelector
LogPluginManager: Mounting plugin LocationServicesBPLibrary
LogPluginManager: Mounting plugin MobilePatchingUtils
LogPluginManager: Mounting plugin OculusVR
LogPluginManager: Mounting plugin PhysXVehicles
LogPluginManager: Mounting plugin PostSplashScreen
LogPluginManager: Mounting plugin ProceduralMeshComponent
LogPluginManager: Mounting plugin RuntimePhysXCooking
LogPluginManager: Mounting plugin SignificanceManager
LogPluginManager: Mounting plugin SoundFields
LogPluginManager: Mounting plugin SteamVR
LogPluginManager: Mounting plugin Synthesis
LogPluginManager: Mounting plugin WebMMoviePlayer
LogPluginManager: Mounting plugin WindowsMoviePlayer
LogPluginManager: Mounting plugin ScreenshotTools
LogInit: Using libcurl 7.55.1-DEV
LogInit:  - built for x86_64-pc-win32
LogInit:  - supports SSL with OpenSSL/1.1.1
LogInit:  - supports HTTP deflate (compression) using libz 1.2.8
LogInit:  - other features:
LogInit:      CURL_VERSION_SSL
LogInit:      CURL_VERSION_LIBZ
LogInit:      CURL_VERSION_IPV6
LogInit:      CURL_VERSION_ASYNCHDNS
LogInit:      CURL_VERSION_LARGEFILE
LogInit:      CURL_VERSION_IDN
LogInit:  CurlRequestOptions (configurable via config and command line):
LogInit:  - bVerifyPeer = true  - Libcurl will verify peer certificate
LogInit:  - bUseHttpProxy = false  - Libcurl will NOT use HTTP proxy
LogInit:  - bDontReuseConnections = false  - Libcurl will reuse connections
LogInit:  - MaxHostConnections = 16  - Libcurl will limit the number of connections to a host
LogInit:  - LocalHostAddr = Default
LogInit:  - BufferSize = 65536
LogOnline: OSS: Creating online subsystem instance for: NULL
LogInit: WinSock: version 1.1 (2.2), MaxSocks=32767, MaxUdp=65467
LogOnline: OSS: TryLoadSubsystemAndSetDefault: Loaded subsystem for module [NULL]
LogInit: Build: ++UE4+Release-4.25-CL-13942748
LogInit: Engine Version: 4.25.3-13942748+++UE4+Release-4.25
LogInit: Compatible Engine Version: 4.25.0-13144385+++UE4+Release-4.25
LogInit: Net CL: 13144385
LogInit: OS: Windows 10 (Release 1909) (), CPU: Intel(R) Core(TM) i7-6700K CPU @ 4.00GHz, GPU: NVIDIA GeForce GTX 1080
LogInit: Compiled (64-bit): Jul 25 2020 02:07:48
LogInit: Compiled with Visual C++: 19.24.28315.00
LogInit: Build Configuration: Development
LogInit: Branch Name: ++UE4+Release-4.25
LogInit: Command Line: 
LogInit: Base Directory: E:/Epic/UE_4.25/Engine/Binaries/Win64/
LogInit: Allocator: TBB
LogInit: Installed Engine Build: 1
LogDevObjectVersion: Number of dev versions registered: 26
LogDevObjectVersion:   Dev-Blueprints (B0D832E4-1F89-4F0D-ACCF-7EB736FD4AA2): 10
LogDevObjectVersion:   Dev-Build (E1C64328-A22C-4D53-A36C-8E866417BD8C): 0
LogDevObjectVersion:   Dev-Core (375EC13C-06E4-48FB-B500-84F0262A717E): 4
LogDevObjectVersion:   Dev-Editor (E4B068ED-F494-42E9-A231-DA0B2E46BB41): 38
LogDevObjectVersion:   Dev-Framework (CFFC743F-43B0-4480-9391-14DF171D2073): 37
LogDevObjectVersion:   Dev-Mobile (B02B49B5-BB20-44E9-A304-32B752E40360): 2
LogDevObjectVersion:   Dev-Networking (A4E4105C-59A1-49B5-A7C5-40C4547EDFEE): 0
LogDevObjectVersion:   Dev-Online (39C831C9-5AE6-47DC-9A44-9C173E1C8E7C): 0
LogDevObjectVersion:   Dev-Physics (78F01B33-EBEA-4F98-B9B4-84EACCB95AA2): 4
LogDevObjectVersion:   Dev-Platform (6631380F-2D4D-43E0-8009-CF276956A95A): 0
LogDevObjectVersion:   Dev-Rendering (12F88B9F-8875-4AFC-A67C-D90C383ABD29): 43
LogDevObjectVersion:   Dev-Sequencer (7B5AE74C-D270-4C10-A958-57980B212A5A): 12
LogDevObjectVersion:   Dev-VR (D7296918-1DD6-4BDD-9DE2-64A83CC13884): 3
LogDevObjectVersion:   Dev-LoadTimes (C2A15278-BFE7-4AFE-6C17-90FF531DF755): 1
LogDevObjectVersion:   Private-Geometry (6EACA3D4-40EC-4CC1-B786-8BED09428FC5): 3
LogDevObjectVersion:   Dev-AnimPhys (29E575DD-E0A3-4627-9D10-D276232CDCEA): 17
LogDevObjectVersion:   Dev-Anim (AF43A65D-7FD3-4947-9873-3E8ED9C1BB05): 7
LogDevObjectVersion:   Dev-ReflectionCapture (6B266CEC-1EC7-4B8F-A30B-E4D90942FC07): 1
LogDevObjectVersion:   Dev-Automation (0DF73D61-A23F-47EA-B727-89E90C41499A): 1
LogDevObjectVersion:   FortniteMain (601D1886-AC64-4F84-AA16-D3DE0DEAC7D6): 31
LogDevObjectVersion:   Dev-Enterprise (9DFFBCD6-494F-0158-E221-12823C92A888): 10
LogDevObjectVersion:   Dev-Niagara (F2AED0AC-9AFE-416F-8664-AA7FFA26D6FC): 1
LogDevObjectVersion:   Dev-Destruction (174F1F0B-B4C6-45A5-B13F-2EE8D0FB917D): 10
LogDevObjectVersion:   Dev-Physics-Ext (35F94A83-E258-406C-A318-09F59610247C): 37
LogDevObjectVersion:   Dev-PhysicsMaterial-Chaos (B68FC16E-8B1B-42E2-B453-215C058844FE): 1
LogDevObjectVersion:   Dev-CineCamera (B2E18506-4273-CFC2-A54E-F4BB758BBA07): 1
LogInit: Presizing for max 25165824 objects, including 0 objects not considered by GC, pre-allocating 0 bytes for permanent pool.
LogConfig: Applying CVar settings from Section [/Script/Engine.StreamingSettings] File [D:/2020_T2/RGP/A4 Game/Git_repo/Disaster-Artist/UnrealProject/AncientTemple/Saved/Config/Windows/Engine.ini]
LogConfig: Setting CVar [[s.MinBulkDataSizeForAsyncLoading:131072]]
LogConfig: Setting CVar [[s.AsyncLoadingThreadEnabled:0]]
LogConfig: Setting CVar [[s.EventDrivenLoaderEnabled:1]]
LogConfig: Setting CVar [[s.WarnIfTimeLimitExceeded:0]]
LogConfig: Setting CVar [[s.TimeLimitExceededMultiplier:1.5]]
LogConfig: Setting CVar [[s.TimeLimitExceededMinTime:0.005]]
LogConfig: Setting CVar [[s.UseBackgroundLevelStreaming:1]]
LogConfig: Setting CVar [[s.PriorityAsyncLoadingExtraTime:15.0]]
LogConfig: Setting CVar [[s.LevelStreamingActorsUpdateTimeLimit:5.0]]
LogConfig: Setting CVar [[s.PriorityLevelStreamingActorsUpdateExtraTime:5.0]]
LogConfig: Setting CVar [[s.LevelStreamingComponentsRegistrationGranularity:10]]
LogConfig: Setting CVar [[s.UnregisterComponentsTimeLimit:1.0]]
LogConfig: Setting CVar [[s.LevelStreamingComponentsUnregistrationGranularity:5]]
LogConfig: Setting CVar [[s.FlushStreamingOnExit:1]]
LogInit: Object subsystem initialized
LogConfig: Setting CVar [[con.DebugEarlyDefault:1]]
LogConfig: Setting CVar [[r.setres:1280x720]]
[2020.07.30-06.51.14:018][  0]LogConfig: Setting CVar [[r.VSync:0]]
[2020.07.30-06.51.14:018][  0]LogConfig: Setting CVar [[r.RHICmdBypass:0]]
[2020.07.30-06.51.14:018][  0]LogConfig: Applying CVar settings from Section [/Script/Engine.RendererSettings] File [D:/2020_T2/RGP/A4 Game/Git_repo/Disaster-Artist/UnrealProject/AncientTemple/Saved/Config/Windows/Engine.ini]
[2020.07.30-06.51.14:018][  0]LogConfig: Setting CVar [[r.GPUCrashDebugging:0]]
[2020.07.30-06.51.14:018][  0]LogConfig: Applying CVar settings from Section [/Script/Engine.RendererOverrideSettings] File [D:/2020_T2/RGP/A4 Game/Git_repo/Disaster-Artist/UnrealProject/AncientTemple/Saved/Config/Windows/Engine.ini]
[2020.07.30-06.51.14:018][  0]LogConfig: Applying CVar settings from Section [/Script/Engine.StreamingSettings] File [D:/2020_T2/RGP/A4 Game/Git_repo/Disaster-Artist/UnrealProject/AncientTemple/Saved/Config/Windows/Engine.ini]
[2020.07.30-06.51.14:018][  0]LogConfig: Setting CVar [[s.MinBulkDataSizeForAsyncLoading:131072]]
[2020.07.30-06.51.14:018][  0]LogConfig: Setting CVar [[s.AsyncLoadingThreadEnabled:0]]
[2020.07.30-06.51.14:018][  0]LogConfig: Setting CVar [[s.EventDrivenLoaderEnabled:1]]
[2020.07.30-06.51.14:018][  0]LogConfig: Setting CVar [[s.WarnIfTimeLimitExceeded:0]]
[2020.07.30-06.51.14:018][  0]LogConfig: Setting CVar [[s.TimeLimitExceededMultiplier:1.5]]
[2020.07.30-06.51.14:018][  0]LogConfig: Setting CVar [[s.TimeLimitExceededMinTime:0.005]]
[2020.07.30-06.51.14:018][  0]LogConfig: Setting CVar [[s.UseBackgroundLevelStreaming:1]]
[2020.07.30-06.51.14:018][  0]LogConfig: Setting CVar [[s.PriorityAsyncLoadingExtraTime:15.0]]
[2020.07.30-06.51.14:018][  0]LogConfig: Setting CVar [[s.LevelStreamingActorsUpdateTimeLimit:5.0]]
[2020.07.30-06.51.14:018][  0]LogConfig: Setting CVar [[s.PriorityLevelStreamingActorsUpdateExtraTime:5.0]]
[2020.07.30-06.51.14:018][  0]LogConfig: Setting CVar [[s.LevelStreamingComponentsRegistrationGranularity:10]]
[2020.07.30-06.51.14:018][  0]LogConfig: Setting CVar [[s.UnregisterComponentsTimeLimit:1.0]]
[2020.07.30-06.51.14:018][  0]LogConfig: Setting CVar [[s.LevelStreamingComponentsUnregistrationGranularity:5]]
[2020.07.30-06.51.14:018][  0]LogConfig: Setting CVar [[s.FlushStreamingOnExit:1]]
[2020.07.30-06.51.14:018][  0]LogConfig: Applying CVar settings from Section [/Script/Engine.GarbageCollectionSettings] File [D:/2020_T2/RGP/A4 Game/Git_repo/Disaster-Artist/UnrealProject/AncientTemple/Saved/Config/Windows/Engine.ini]
[2020.07.30-06.51.14:018][  0]LogConfig: Setting CVar [[gc.MaxObjectsNotConsideredByGC:1]]
[2020.07.30-06.51.14:018][  0]LogConfig: Setting CVar [[gc.SizeOfPermanentObjectPool:0]]
[2020.07.30-06.51.14:018][  0]LogConfig: Setting CVar [[gc.FlushStreamingOnGC:0]]
[2020.07.30-06.51.14:018][  0]LogConfig: Setting CVar [[gc.NumRetriesBeforeForcingGC:10]]
[2020.07.30-06.51.14:018][  0]LogConfig: Setting CVar [[gc.AllowParallelGC:1]]
[2020.07.30-06.51.14:018][  0]LogConfig: Setting CVar [[gc.TimeBetweenPurgingPendingKillObjects:61.1]]
[2020.07.30-06.51.14:018][  0]LogConfig: Setting CVar [[gc.MaxObjectsInEditor:25165824]]
[2020.07.30-06.51.14:018][  0]LogConfig: Setting CVar [[gc.IncrementalBeginDestroyEnabled:1]]
[2020.07.30-06.51.14:018][  0]LogConfig: Setting CVar [[gc.CreateGCClusters:1]]
[2020.07.30-06.51.14:018][  0]LogConfig: Setting CVar [[gc.MinGCClusterSize:5]]
[2020.07.30-06.51.14:018][  0]LogConfig: Setting CVar [[gc.ActorClusteringEnabled:0]]
[2020.07.30-06.51.14:018][  0]LogConfig: Setting CVar [[gc.BlueprintClusteringEnabled:0]]
[2020.07.30-06.51.14:018][  0]LogConfig: Setting CVar [[gc.UseDisregardForGCOnDedicatedServers:0]]
[2020.07.30-06.51.14:018][  0]LogConfig: Applying CVar settings from Section [/Script/Engine.NetworkSettings] File [D:/2020_T2/RGP/A4 Game/Git_repo/Disaster-Artist/UnrealProject/AncientTemple/Saved/Config/Windows/Engine.ini]
[2020.07.30-06.51.14:019][  0]LogConfig: Applying CVar settings from Section [/Script/UnrealEd.CookerSettings] File [D:/2020_T2/RGP/A4 Game/Git_repo/Disaster-Artist/UnrealProject/AncientTemple/Saved/Config/Windows/Engine.ini]
[2020.07.30-06.51.14:026][  0]LogConfig: Applying CVar settings from Section [ViewDistanceQuality@3] File [D:/2020_T2/RGP/A4 Game/Git_repo/Disaster-Artist/UnrealProject/AncientTemple/Saved/Config/Windows/Scalability.ini]
[2020.07.30-06.51.14:026][  0]LogConfig: Setting CVar [[r.SkeletalMeshLODBias:0]]
[2020.07.30-06.51.14:026][  0]LogConfig: Setting CVar [[r.ViewDistanceScale:1.0]]
[2020.07.30-06.51.14:026][  0]LogConfig: Applying CVar settings from Section [AntiAliasingQuality@3] File [D:/2020_T2/RGP/A4 Game/Git_repo/Disaster-Artist/UnrealProject/AncientTemple/Saved/Config/Windows/Scalability.ini]
[2020.07.30-06.51.14:026][  0]LogConfig: Setting CVar [[r.PostProcessAAQuality:4]]
[2020.07.30-06.51.14:026][  0]LogConfig: Applying CVar settings from Section [ShadowQuality@3] File [D:/2020_T2/RGP/A4 Game/Git_repo/Disaster-Artist/UnrealProject/AncientTemple/Saved/Config/Windows/Scalability.ini]
[2020.07.30-06.51.14:026][  0]LogConfig: Setting CVar [[r.LightFunctionQuality:1]]
[2020.07.30-06.51.14:026][  0]LogConfig: Setting CVar [[r.ShadowQuality:5]]
[2020.07.30-06.51.14:026][  0]LogConfig: Setting CVar [[r.Shadow.CSM.MaxCascades:10]]
[2020.07.30-06.51.14:026][  0]LogConfig: Setting CVar [[r.Shadow.MaxResolution:2048]]
[2020.07.30-06.51.14:026][  0]LogConfig: Setting CVar [[r.Shadow.MaxCSMResolution:2048]]
[2020.07.30-06.51.14:026][  0]LogConfig: Setting CVar [[r.Shadow.RadiusThreshold:0.01]]
[2020.07.30-06.51.14:026][  0]LogConfig: Setting CVar [[r.Shadow.DistanceScale:1.0]]
[2020.07.30-06.51.14:026][  0]LogConfig: Setting CVar [[r.Shadow.CSM.TransitionScale:1.0]]
[2020.07.30-06.51.14:026][  0]LogConfig: Setting CVar [[r.Shadow.PreShadowResolutionFactor:1.0]]
[2020.07.30-06.51.14:026][  0]LogConfig: Setting CVar [[r.DistanceFieldShadowing:1]]
[2020.07.30-06.51.14:026][  0]LogConfig: Setting CVar [[r.DistanceFieldAO:1]]
[2020.07.30-06.51.14:027][  0]LogConfig: Setting CVar [[r.AOQuality:2]]
[2020.07.30-06.51.14:027][  0]LogConfig: Setting CVar [[r.VolumetricFog:1]]
[2020.07.30-06.51.14:027][  0]LogConfig: Setting CVar [[r.VolumetricFog.GridPixelSize:8]]
[2020.07.30-06.51.14:027][  0]LogConfig: Setting CVar [[r.VolumetricFog.GridSizeZ:128]]
[2020.07.30-06.51.14:027][  0]LogConfig: Setting CVar [[r.VolumetricFog.HistoryMissSupersampleCount:4]]
[2020.07.30-06.51.14:027][  0]LogConfig: Setting CVar [[r.LightMaxDrawDistanceScale:1]]
[2020.07.30-06.51.14:027][  0]LogConfig: Setting CVar [[r.CapsuleShadows:1]]
[2020.07.30-06.51.14:027][  0]LogConfig: Applying CVar settings from Section [PostProcessQuality@3] File [D:/2020_T2/RGP/A4 Game/Git_repo/Disaster-Artist/UnrealProject/AncientTemple/Saved/Config/Windows/Scalability.ini]
[2020.07.30-06.51.14:027][  0]LogConfig: Setting CVar [[r.MotionBlurQuality:4]]
[2020.07.30-06.51.14:027][  0]LogConfig: Setting CVar [[r.AmbientOcclusionMipLevelFactor:0.4]]
[2020.07.30-06.51.14:027][  0]LogConfig: Setting CVar [[r.AmbientOcclusionMaxQuality:100]]
[2020.07.30-06.51.14:027][  0]LogConfig: Setting CVar [[r.AmbientOcclusionLevels:-1]]
[2020.07.30-06.51.14:027][  0]LogConfig: Setting CVar [[r.AmbientOcclusionRadiusScale:1.0]]
[2020.07.30-06.51.14:027][  0]LogConfig: Setting CVar [[r.DepthOfFieldQuality:2]]
[2020.07.30-06.51.14:027][  0]LogConfig: Setting CVar [[r.RenderTargetPoolMin:400]]
[2020.07.30-06.51.14:027][  0]LogConfig: Setting CVar [[r.LensFlareQuality:2]]
[2020.07.30-06.51.14:027][  0]LogConfig: Setting CVar [[r.SceneColorFringeQuality:1]]
[2020.07.30-06.51.14:027][  0]LogConfig: Setting CVar [[r.EyeAdaptationQuality:2]]
[2020.07.30-06.51.14:027][  0]LogConfig: Setting CVar [[r.BloomQuality:5]]
[2020.07.30-06.51.14:027][  0]LogConfig: Setting CVar [[r.FastBlurThreshold:100]]
[2020.07.30-06.51.14:027][  0]LogConfig: Setting CVar [[r.Upscale.Quality:3]]
[2020.07.30-06.51.14:027][  0]LogConfig: Setting CVar [[r.Tonemapper.GrainQuantization:1]]
[2020.07.30-06.51.14:027][  0]LogConfig: Setting CVar [[r.LightShaftQuality:1]]
[2020.07.30-06.51.14:027][  0]LogConfig: Setting CVar [[r.Filter.SizeScale:1]]
[2020.07.30-06.51.14:027][  0]LogConfig: Setting CVar [[r.Tonemapper.Quality:5]]
[2020.07.30-06.51.14:027][  0]LogConfig: Setting CVar [[r.DOF.Gather.AccumulatorQuality:1        ; higher gathering accumulator quality]]
[2020.07.30-06.51.14:027][  0]LogConfig: Setting CVar [[r.DOF.Gather.PostfilterMethod:1          ; Median3x3 postfilering method]]
[2020.07.30-06.51.14:027][  0]LogConfig: Setting CVar [[r.DOF.Gather.EnableBokehSettings:0       ; no bokeh simulation when gathering]]
[2020.07.30-06.51.14:027][  0]LogConfig: Setting CVar [[r.DOF.Gather.RingCount:4                 ; medium number of samples when gathering]]
[2020.07.30-06.51.14:027][  0]LogConfig: Setting CVar [[r.DOF.Scatter.ForegroundCompositing:1    ; additive foreground scattering]]
[2020.07.30-06.51.14:027][  0]LogConfig: Setting CVar [[r.DOF.Scatter.BackgroundCompositing:2    ; additive background scattering]]
[2020.07.30-06.51.14:027][  0]LogConfig: Setting CVar [[r.DOF.Scatter.EnableBokehSettings:1      ; bokeh simulation when scattering]]
[2020.07.30-06.51.14:027][  0]LogConfig: Setting CVar [[r.DOF.Scatter.MaxSpriteRatio:0.1         ; only a maximum of 10% of scattered bokeh]]
[2020.07.30-06.51.14:027][  0]LogConfig: Setting CVar [[r.DOF.Recombine.Quality:1                ; cheap slight out of focus]]
[2020.07.30-06.51.14:027][  0]LogConfig: Setting CVar [[r.DOF.Recombine.EnableBokehSettings:0    ; no bokeh simulation on slight out of focus]]
[2020.07.30-06.51.14:027][  0]LogConfig: Setting CVar [[r.DOF.TemporalAAQuality:1                ; more stable temporal accumulation]]
[2020.07.30-06.51.14:027][  0]LogConfig: Setting CVar [[r.DOF.Kernel.MaxForegroundRadius:0.025]]
[2020.07.30-06.51.14:027][  0]LogConfig: Setting CVar [[r.DOF.Kernel.MaxBackgroundRadius:0.025]]
[2020.07.30-06.51.14:027][  0]LogConfig: Applying CVar settings from Section [TextureQuality@3] File [D:/2020_T2/RGP/A4 Game/Git_repo/Disaster-Artist/UnrealProject/AncientTemple/Saved/Config/Windows/Scalability.ini]
[2020.07.30-06.51.14:027][  0]LogConfig: Setting CVar [[r.Streaming.MipBias:0]]
[2020.07.30-06.51.14:027][  0]LogConfig: Setting CVar [[r.Streaming.AmortizeCPUToGPUCopy:0]]
[2020.07.30-06.51.14:027][  0]LogConfig: Setting CVar [[r.Streaming.MaxNumTexturesToStreamPerFrame:0]]
[2020.07.30-06.51.14:027][  0]LogConfig: Setting CVar [[r.Streaming.Boost:1]]
[2020.07.30-06.51.14:027][  0]LogConfig: Setting CVar [[r.MaxAnisotropy:8]]
[2020.07.30-06.51.14:027][  0]LogConfig: Setting CVar [[r.VT.MaxAnisotropy:8]]
[2020.07.30-06.51.14:027][  0]LogConfig: Setting CVar [[r.Streaming.LimitPoolSizeToVRAM:0]]
[2020.07.30-06.51.14:027][  0]LogConfig: Setting CVar [[r.Streaming.PoolSize:1000]]
[2020.07.30-06.51.14:027][  0]LogConfig: Setting CVar [[r.Streaming.MaxEffectiveScreenSize:0]]
[2020.07.30-06.51.14:027][  0]LogConfig: Applying CVar settings from Section [EffectsQuality@3] File [D:/2020_T2/RGP/A4 Game/Git_repo/Disaster-Artist/UnrealProject/AncientTemple/Saved/Config/Windows/Scalability.ini]
[2020.07.30-06.51.14:027][  0]LogConfig: Setting CVar [[r.TranslucencyLightingVolumeDim:64]]
[2020.07.30-06.51.14:027][  0]LogConfig: Setting CVar [[r.RefractionQuality:2]]
[2020.07.30-06.51.14:027][  0]LogConfig: Setting CVar [[r.SSR.Quality:3]]
[2020.07.30-06.51.14:027][  0]LogConfig: Setting CVar [[r.SSR.HalfResSceneColor:0]]
[2020.07.30-06.51.14:027][  0]LogConfig: Setting CVar [[r.SceneColorFormat:4]]
[2020.07.30-06.51.14:027][  0]LogConfig: Setting CVar [[r.DetailMode:2]]
[2020.07.30-06.51.14:027][  0]LogConfig: Setting CVar [[r.TranslucencyVolumeBlur:1]]
[2020.07.30-06.51.14:027][  0]LogConfig: Setting CVar [[r.MaterialQualityLevel:1 ; High quality]]
[2020.07.30-06.51.14:027][  0]LogConfig: Setting CVar [[r.SSS.Scale:1]]
[2020.07.30-06.51.14:027][  0]LogConfig: Setting CVar [[r.SSS.SampleSet:2]]
[2020.07.30-06.51.14:027][  0]LogConfig: Setting CVar [[r.SSS.Quality:1]]
[2020.07.30-06.51.14:027][  0]LogConfig: Setting CVar [[r.SSS.HalfRes:0]]
[2020.07.30-06.51.14:027][  0]LogConfig: Setting CVar [[r.SSGI.Quality:3]]
[2020.07.30-06.51.14:027][  0]LogConfig: Setting CVar [[r.EmitterSpawnRateScale:1.0]]
[2020.07.30-06.51.14:027][  0]LogConfig: Setting CVar [[r.ParticleLightQuality:2]]
[2020.07.30-06.51.14:027][  0]LogConfig: Setting CVar [[r.SkyAtmosphere.AerialPerspectiveLUT.FastApplyOnOpaque:1 ; Always have FastSkyLUT 1 in this case to avoid wrong sky]]
[2020.07.30-06.51.14:027][  0]LogConfig: Setting CVar [[r.SkyAtmosphere.AerialPerspectiveLUT.SampleCountPerSlice:1]]
[2020.07.30-06.51.14:027][  0]LogConfig: Setting CVar [[r.SkyAtmosphere.AerialPerspectiveLUT.DepthResolution:16.0]]
[2020.07.30-06.51.14:027][  0]LogConfig: Setting CVar [[r.SkyAtmosphere.FastSkyLUT:1]]
[2020.07.30-06.51.14:027][  0]LogConfig: Setting CVar [[r.SkyAtmosphere.FastSkyLUT.SampleCountMin:4.0]]
[2020.07.30-06.51.14:028][  0]LogConfig: Setting CVar [[r.SkyAtmosphere.FastSkyLUT.SampleCountMax:32.0]]
[2020.07.30-06.51.14:028][  0]LogConfig: Setting CVar [[r.SkyAtmosphere.SampleCountMin:4.0]]
[2020.07.30-06.51.14:028][  0]LogConfig: Setting CVar [[r.SkyAtmosphere.SampleCountMax:32.0]]
[2020.07.30-06.51.14:028][  0]LogConfig: Setting CVar [[r.SkyAtmosphere.TransmittanceLUT.UseSmallFormat:0]]
[2020.07.30-06.51.14:028][  0]LogConfig: Setting CVar [[r.SkyAtmosphere.TransmittanceLUT.SampleCount:10.0]]
[2020.07.30-06.51.14:028][  0]LogConfig: Setting CVar [[r.SkyAtmosphere.MultiScatteringLUT.SampleCount:15.0]]
[2020.07.30-06.51.14:028][  0]LogConfig: Applying CVar settings from Section [FoliageQuality@3] File [D:/2020_T2/RGP/A4 Game/Git_repo/Disaster-Artist/UnrealProject/AncientTemple/Saved/Config/Windows/Scalability.ini]
[2020.07.30-06.51.14:028][  0]LogConfig: Setting CVar [[foliage.DensityScale:1.0]]
[2020.07.30-06.51.14:028][  0]LogConfig: Setting CVar [[grass.DensityScale:1.0]]
[2020.07.30-06.51.14:028][  0]LogConfig: Applying CVar settings from Section [ShadingQuality@3] File [D:/2020_T2/RGP/A4 Game/Git_repo/Disaster-Artist/UnrealProject/AncientTemple/Saved/Config/Windows/Scalability.ini]
[2020.07.30-06.51.14:028][  0]LogConfig: Setting CVar [[r.HairStrands.SkyLighting.SampleCount:16]]
[2020.07.30-06.51.14:028][  0]LogConfig: Setting CVar [[r.HairStrands.SkyLighting.JitterIntegration:0]]
[2020.07.30-06.51.14:028][  0]LogConfig: Setting CVar [[r.HairStrands.SkyAO.SampleCount:16]]
[2020.07.30-06.51.14:028][  0]LogConfig: Setting CVar [[r.HairStrands.DeepShadow.SuperSampling:0]]
[2020.07.30-06.51.14:028][  0]LogConfig: Setting CVar [[r.HairStrands.VisibilityPPLL:0]]
[2020.07.30-06.51.14:028][  0]LogConfig: Setting CVar [[r.HairStrands.RasterizationScale:0.5]]
[2020.07.30-06.51.14:028][  0]LogConfig: Setting CVar [[r.HairStrands.VelocityRasterizationScale:1]]
[2020.07.30-06.51.14:028][  0]LogInit: Selected Device Profile: [Windows]
[2020.07.30-06.51.14:028][  0]LogInit: Applying CVar settings loaded from the selected device profile: [Windows]
[2020.07.30-06.51.14:028][  0]LogHAL: Display: Platform has ~ 32 GB [34311364608 / 34359738368 / 32], which maps to Largest [LargestMinGB=32, LargerMinGB=12, DefaultMinGB=8, SmallerMinGB=6, SmallestMinGB=0)
[2020.07.30-06.51.14:028][  0]LogInit: Going up to parent DeviceProfile []
[2020.07.30-06.51.14:028][  0]LogConfig: Applying CVar settings from Section [ViewDistanceQuality@Cine] File [D:/2020_T2/RGP/A4 Game/Git_repo/Disaster-Artist/UnrealProject/AncientTemple/Saved/Config/Windows/Scalability.ini]
[2020.07.30-06.51.14:028][  0]LogConfig: Setting CVar [[r.SkeletalMeshLODBias:0]]
[2020.07.30-06.51.14:028][  0]LogConfig: Setting CVar [[r.ViewDistanceScale:10.0]]
[2020.07.30-06.51.14:028][  0]LogConfig: Applying CVar settings from Section [AntiAliasingQuality@Cine] File [D:/2020_T2/RGP/A4 Game/Git_repo/Disaster-Artist/UnrealProject/AncientTemple/Saved/Config/Windows/Scalability.ini]
[2020.07.30-06.51.14:028][  0]LogConfig: Setting CVar [[r.PostProcessAAQuality:6]]
[2020.07.30-06.51.14:028][  0]LogConfig: Applying CVar settings from Section [ShadowQuality@Cine] File [D:/2020_T2/RGP/A4 Game/Git_repo/Disaster-Artist/UnrealProject/AncientTemple/Saved/Config/Windows/Scalability.ini]
[2020.07.30-06.51.14:028][  0]LogConfig: Setting CVar [[r.LightFunctionQuality:1]]
[2020.07.30-06.51.14:028][  0]LogConfig: Setting CVar [[r.ShadowQuality:5]]
[2020.07.30-06.51.14:028][  0]LogConfig: Setting CVar [[r.Shadow.CSM.MaxCascades:10]]
[2020.07.30-06.51.14:028][  0]LogConfig: Setting CVar [[r.Shadow.MaxResolution:4096]]
[2020.07.30-06.51.14:028][  0]LogConfig: Setting CVar [[r.Shadow.MaxCSMResolution:4096]]
[2020.07.30-06.51.14:028][  0]LogConfig: Setting CVar [[r.Shadow.RadiusThreshold:0]]
[2020.07.30-06.51.14:028][  0]LogConfig: Setting CVar [[r.Shadow.DistanceScale:1.0]]
[2020.07.30-06.51.14:028][  0]LogConfig: Setting CVar [[r.Shadow.CSM.TransitionScale:1.0]]
[2020.07.30-06.51.14:028][  0]LogConfig: Setting CVar [[r.Shadow.PreShadowResolutionFactor:1.0]]
[2020.07.30-06.51.14:028][  0]LogConfig: Setting CVar [[r.DistanceFieldShadowing:1]]
[2020.07.30-06.51.14:028][  0]LogConfig: Setting CVar [[r.DistanceFieldAO:1]]
[2020.07.30-06.51.14:028][  0]LogConfig: Setting CVar [[r.AOQuality:2]]
[2020.07.30-06.51.14:028][  0]LogConfig: Setting CVar [[r.VolumetricFog:1]]
[2020.07.30-06.51.14:028][  0]LogConfig: Setting CVar [[r.VolumetricFog.GridPixelSize:4]]
[2020.07.30-06.51.14:029][  0]LogConfig: Setting CVar [[r.VolumetricFog.GridSizeZ:128]]
[2020.07.30-06.51.14:029][  0]LogConfig: Setting CVar [[r.VolumetricFog.HistoryMissSupersampleCount:16]]
[2020.07.30-06.51.14:029][  0]LogConfig: Setting CVar [[r.LightMaxDrawDistanceScale:1]]
[2020.07.30-06.51.14:029][  0]LogConfig: Setting CVar [[r.CapsuleShadows:1]]
[2020.07.30-06.51.14:029][  0]LogConfig: Applying CVar settings from Section [PostProcessQuality@Cine] File [D:/2020_T2/RGP/A4 Game/Git_repo/Disaster-Artist/UnrealProject/AncientTemple/Saved/Config/Windows/Scalability.ini]
[2020.07.30-06.51.14:029][  0]LogConfig: Setting CVar [[r.MotionBlurQuality:4]]
[2020.07.30-06.51.14:029][  0]LogConfig: Setting CVar [[r.AmbientOcclusionMipLevelFactor:0.4]]
[2020.07.30-06.51.14:029][  0]LogConfig: Setting CVar [[r.AmbientOcclusionMaxQuality:100]]
[2020.07.30-06.51.14:029][  0]LogConfig: Setting CVar [[r.AmbientOcclusionLevels:-1]]
[2020.07.30-06.51.14:029][  0]LogConfig: Setting CVar [[r.AmbientOcclusionRadiusScale:1.0]]
[2020.07.30-06.51.14:029][  0]LogConfig: Setting CVar [[r.DepthOfFieldQuality:4]]
[2020.07.30-06.51.14:029][  0]LogConfig: Setting CVar [[r.RenderTargetPoolMin:1000]]
[2020.07.30-06.51.14:029][  0]LogConfig: Setting CVar [[r.LensFlareQuality:3]]
[2020.07.30-06.51.14:029][  0]LogConfig: Setting CVar [[r.SceneColorFringeQuality:1]]
[2020.07.30-06.51.14:029][  0]LogConfig: Setting CVar [[r.EyeAdaptationQuality:2]]
[2020.07.30-06.51.14:029][  0]LogConfig: Setting CVar [[r.BloomQuality:5]]
[2020.07.30-06.51.14:029][  0]LogConfig: Setting CVar [[r.FastBlurThreshold:100]]
[2020.07.30-06.51.14:029][  0]LogConfig: Setting CVar [[r.Upscale.Quality:3]]
[2020.07.30-06.51.14:029][  0]LogConfig: Setting CVar [[r.Tonemapper.GrainQuantization:1]]
[2020.07.30-06.51.14:029][  0]LogConfig: Setting CVar [[r.LightShaftQuality:1]]
[2020.07.30-06.51.14:029][  0]LogConfig: Setting CVar [[r.Filter.SizeScale:1]]
[2020.07.30-06.51.14:029][  0]LogConfig: Setting CVar [[r.Tonemapper.Quality:5]]
[2020.07.30-06.51.14:029][  0]LogConfig: Setting CVar [[r.DOF.Gather.AccumulatorQuality:1        ; higher gathering accumulator quality]]
[2020.07.30-06.51.14:029][  0]LogConfig: Setting CVar [[r.DOF.Gather.PostfilterMethod:1          ; Median3x3 postfilering method]]
[2020.07.30-06.51.14:029][  0]LogConfig: Setting CVar [[r.DOF.Gather.EnableBokehSettings:1       ; bokeh simulation when gathering]]
[2020.07.30-06.51.14:029][  0]LogConfig: Setting CVar [[r.DOF.Gather.RingCount:5                 ; high number of samples when gathering]]
[2020.07.30-06.51.14:029][  0]LogConfig: Setting CVar [[r.DOF.Scatter.ForegroundCompositing:1    ; additive foreground scattering]]
[2020.07.30-06.51.14:029][  0]LogConfig: Setting CVar [[r.DOF.Scatter.BackgroundCompositing:2    ; background scattering occlusion]]
[2020.07.30-06.51.14:029][  0]LogConfig: Setting CVar [[r.DOF.Scatter.EnableBokehSettings:1      ; no bokeh simulation when scattering]]
[2020.07.30-06.51.14:029][  0]LogConfig: Setting CVar [[r.DOF.Scatter.MaxSpriteRatio:0.25        ; only a maximum of 10% of scattered bokeh]]
[2020.07.30-06.51.14:029][  0]LogConfig: Setting CVar [[r.DOF.Recombine.Quality:2                ; highest slight out of focus]]
[2020.07.30-06.51.14:029][  0]LogConfig: Setting CVar [[r.DOF.Recombine.EnableBokehSettings:1    ; bokeh simulation on slight out of focus]]
[2020.07.30-06.51.14:029][  0]LogConfig: Setting CVar [[r.DOF.TemporalAAQuality:1                ; more stable temporal accumulation]]
[2020.07.30-06.51.14:029][  0]LogConfig: Setting CVar [[r.DOF.Kernel.MaxForegroundRadius:0.025]]
[2020.07.30-06.51.14:029][  0]LogConfig: Setting CVar [[r.DOF.Kernel.MaxBackgroundRadius:0.025]]
[2020.07.30-06.51.14:029][  0]LogConfig: Applying CVar settings from Section [TextureQuality@Cine] File [D:/2020_T2/RGP/A4 Game/Git_repo/Disaster-Artist/UnrealProject/AncientTemple/Saved/Config/Windows/Scalability.ini]
[2020.07.30-06.51.14:029][  0]LogConfig: Setting CVar [[r.Streaming.MipBias:0]]
[2020.07.30-06.51.14:029][  0]LogConfig: Setting CVar [[r.Streaming.AmortizeCPUToGPUCopy:0]]
[2020.07.30-06.51.14:029][  0]LogConfig: Setting CVar [[r.Streaming.MaxNumTexturesToStreamPerFrame:0]]
[2020.07.30-06.51.14:029][  0]LogConfig: Setting CVar [[r.Streaming.Boost:1]]
[2020.07.30-06.51.14:029][  0]LogConfig: Setting CVar [[r.MaxAnisotropy:8]]
[2020.07.30-06.51.14:029][  0]LogConfig: Setting CVar [[r.VT.MaxAnisotropy:8]]
[2020.07.30-06.51.14:029][  0]LogConfig: Setting CVar [[r.Streaming.LimitPoolSizeToVRAM:0]]
[2020.07.30-06.51.14:029][  0]LogConfig: Setting CVar [[r.Streaming.PoolSize:3000]]
[2020.07.30-06.51.14:029][  0]LogConfig: Setting CVar [[r.Streaming.MaxEffectiveScreenSize:0]]
[2020.07.30-06.51.14:029][  0]LogConfig: Applying CVar settings from Section [EffectsQuality@Cine] File [D:/2020_T2/RGP/A4 Game/Git_repo/Disaster-Artist/UnrealProject/AncientTemple/Saved/Config/Windows/Scalability.ini]
[2020.07.30-06.51.14:029][  0]LogConfig: Setting CVar [[r.TranslucencyLightingVolumeDim:64]]
[2020.07.30-06.51.14:029][  0]LogConfig: Setting CVar [[r.RefractionQuality:2]]
[2020.07.30-06.51.14:029][  0]LogConfig: Setting CVar [[r.SSR.Quality:4]]
[2020.07.30-06.51.14:029][  0]LogConfig: Setting CVar [[r.SSR.HalfResSceneColor:0]]
[2020.07.30-06.51.14:029][  0]LogConfig: Setting CVar [[r.SceneColorFormat:4]]
[2020.07.30-06.51.14:029][  0]LogConfig: Setting CVar [[r.DetailMode:2]]
[2020.07.30-06.51.14:029][  0]LogConfig: Setting CVar [[r.TranslucencyVolumeBlur:1]]
[2020.07.30-06.51.14:029][  0]LogConfig: Setting CVar [[r.MaterialQualityLevel:1 ; High quality]]
[2020.07.30-06.51.14:029][  0]LogConfig: Setting CVar [[r.SSS.Scale:1]]
[2020.07.30-06.51.14:029][  0]LogConfig: Setting CVar [[r.SSS.SampleSet:2]]
[2020.07.30-06.51.14:029][  0]LogConfig: Setting CVar [[r.SSS.Quality:1]]
[2020.07.30-06.51.14:029][  0]LogConfig: Setting CVar [[r.SSS.HalfRes:0]]
[2020.07.30-06.51.14:029][  0]LogConfig: Setting CVar [[r.SSGI.Quality:4]]
[2020.07.30-06.51.14:029][  0]LogConfig: Setting CVar [[r.EmitterSpawnRateScale:1.0]]
[2020.07.30-06.51.14:029][  0]LogConfig: Setting CVar [[r.ParticleLightQuality:2]]
[2020.07.30-06.51.14:029][  0]LogConfig: Setting CVar [[r.SkyAtmosphere.AerialPerspectiveLUT.FastApplyOnOpaque:0]]
[2020.07.30-06.51.14:029][  0]LogConfig: Setting CVar [[r.SkyAtmosphere.AerialPerspectiveLUT.SampleCountPerSlice:2]]
[2020.07.30-06.51.14:029][  0]LogConfig: Setting CVar [[r.SkyAtmosphere.AerialPerspectiveLUT.DepthResolution:32.0]]
[2020.07.30-06.51.14:029][  0]LogConfig: Setting CVar [[r.SkyAtmosphere.FastSkyLUT:0]]
[2020.07.30-06.51.14:029][  0]LogConfig: Setting CVar [[r.SkyAtmosphere.FastSkyLUT.SampleCountMin:4.0]]
[2020.07.30-06.51.14:030][  0]LogConfig: Setting CVar [[r.SkyAtmosphere.FastSkyLUT.SampleCountMax:32.0]]
[2020.07.30-06.51.14:030][  0]LogConfig: Setting CVar [[r.SkyAtmosphere.SampleCountMin:8.0]]
[2020.07.30-06.51.14:030][  0]LogConfig: Setting CVar [[r.SkyAtmosphere.SampleCountMax:32.0]]
[2020.07.30-06.51.14:030][  0]LogConfig: Setting CVar [[r.SkyAtmosphere.TransmittanceLUT.UseSmallFormat:0]]
[2020.07.30-06.51.14:030][  0]LogConfig: Setting CVar [[r.SkyAtmosphere.TransmittanceLUT.SampleCount:30.0]]
[2020.07.30-06.51.14:030][  0]LogConfig: Setting CVar [[r.SkyAtmosphere.MultiScatteringLUT.SampleCount:20.0]]
[2020.07.30-06.51.14:030][  0]LogConfig: Applying CVar settings from Section [FoliageQuality@Cine] File [D:/2020_T2/RGP/A4 Game/Git_repo/Disaster-Artist/UnrealProject/AncientTemple/Saved/Config/Windows/Scalability.ini]
[2020.07.30-06.51.14:030][  0]LogConfig: Setting CVar [[foliage.DensityScale:1.0]]
[2020.07.30-06.51.14:030][  0]LogConfig: Setting CVar [[grass.DensityScale:1.0]]
[2020.07.30-06.51.14:030][  0]LogConfig: Applying CVar settings from Section [ShadingQuality@3] File [D:/2020_T2/RGP/A4 Game/Git_repo/Disaster-Artist/UnrealProject/AncientTemple/Saved/Config/Windows/Scalability.ini]
[2020.07.30-06.51.14:030][  0]LogConfig: Setting CVar [[r.HairStrands.SkyLighting.SampleCount:16]]
[2020.07.30-06.51.14:030][  0]LogConfig: Setting CVar [[r.HairStrands.SkyLighting.JitterIntegration:0]]
[2020.07.30-06.51.14:030][  0]LogConfig: Setting CVar [[r.HairStrands.SkyAO.SampleCount:16]]
[2020.07.30-06.51.14:030][  0]LogConfig: Setting CVar [[r.HairStrands.DeepShadow.SuperSampling:0]]
[2020.07.30-06.51.14:030][  0]LogConfig: Setting CVar [[r.HairStrands.VisibilityPPLL:0]]
[2020.07.30-06.51.14:030][  0]LogConfig: Setting CVar [[r.HairStrands.RasterizationScale:0.5]]
[2020.07.30-06.51.14:030][  0]LogConfig: Setting CVar [[r.HairStrands.VelocityRasterizationScale:1]]
[2020.07.30-06.51.14:030][  0]LogConfig: Applying CVar settings from Section [Startup] File [../../../Engine/Config/ConsoleVariables.ini]
[2020.07.30-06.51.14:030][  0]LogConfig: Setting CVar [[net.UseAdaptiveNetUpdateFrequency:0]]
[2020.07.30-06.51.14:030][  0]LogConfig: Setting CVar [[p.chaos.AllowCreatePhysxBodies:1]]
[2020.07.30-06.51.14:030][  0]LogConfig: Setting CVar [[fx.SkipVectorVMBackendOptimizations:1]]
[2020.07.30-06.51.14:030][  0]LogConfig: Applying CVar settings from Section [ConsoleVariables] File [D:/2020_T2/RGP/A4 Game/Git_repo/Disaster-Artist/UnrealProject/AncientTemple/Saved/Config/Windows/Engine.ini]
[2020.07.30-06.51.14:030][  0]LogInit: Computer: SEANS-RAVEN
[2020.07.30-06.51.14:030][  0]LogInit: User: New
[2020.07.30-06.51.14:030][  0]LogInit: CPU Page size=4096, Cores=4
[2020.07.30-06.51.14:030][  0]LogInit: High frequency timer resolution =10.000000 MHz
[2020.07.30-06.51.14:030][  0]LogMemory: Memory total: Physical=32.0GB (32GB approx)
[2020.07.30-06.51.14:030][  0]LogMemory: Platform Memory Stats for Windows
[2020.07.30-06.51.14:030][  0]LogMemory: Process Physical Memory: 119.26 MB used, 119.27 MB peak
[2020.07.30-06.51.14:030][  0]LogMemory: Process Virtual Memory: 97.38 MB used, 97.38 MB peak
[2020.07.30-06.51.14:030][  0]LogMemory: Physical Memory: 14479.43 MB used,  18242.44 MB free, 32721.87 MB total
[2020.07.30-06.51.14:031][  0]LogMemory: Virtual Memory: 5144.68 MB used,  134212584.00 MB free, 134217728.00 MB total
[2020.07.30-06.51.14:042][  0]LogWindows: WindowsPlatformFeatures enabled
[2020.07.30-06.51.14:192][  0]LogInit: Physics initialised using underlying interface: PhysX
[2020.07.30-06.51.14:195][  0]LogInit: Using OS detected language (en-GB).
[2020.07.30-06.51.14:195][  0]LogInit: Using OS detected locale (en-AU).
[2020.07.30-06.51.14:211][  0]LogTextLocalizationManager: No specific localization for 'en-GB' exists, so the 'en' localization will be used.
[2020.07.30-06.51.14:498][  0]LogInit: Setting process to per monitor DPI aware
[2020.07.30-06.51.14:567][  0]LogSlate: New Slate User Created.  User Index 0, Is Virtual User: 0
[2020.07.30-06.51.14:567][  0]LogSlate: Slate User Registered.  User Index 0, Is Virtual User: 0
[2020.07.30-06.51.14:926][  0]LogHMD: Failed to initialize OpenVR with code 101
[2020.07.30-06.51.14:926][  0]LogD3D11RHI: D3D11 min allowed feature level: 11_0
[2020.07.30-06.51.14:926][  0]LogD3D11RHI: D3D11 max allowed feature level: 11_0
[2020.07.30-06.51.14:926][  0]LogD3D11RHI: D3D11 adapters:
[2020.07.30-06.51.15:015][  0]LogD3D11RHI:    0. 'NVIDIA GeForce GTX 1080' (Feature Level 11_0)
[2020.07.30-06.51.15:015][  0]LogD3D11RHI:       8079/0/16360 MB DedicatedVideo/DedicatedSystem/SharedSystem, Outputs:2, VendorId:0x10de
[2020.07.30-06.51.15:022][  0]LogD3D11RHI:    1. 'Microsoft Basic Render Driver' (Feature Level 11_0)
[2020.07.30-06.51.15:022][  0]LogD3D11RHI:       0/0/16360 MB DedicatedVideo/DedicatedSystem/SharedSystem, Outputs:0, VendorId:0x1414
[2020.07.30-06.51.15:022][  0]LogD3D11RHI: Chosen D3D11 Adapter: 0
[2020.07.30-06.51.15:035][  0]LogD3D11RHI: Creating new Direct3DDevice
[2020.07.30-06.51.15:035][  0]LogD3D11RHI:     GPU DeviceId: 0x1b80 (for the marketing name, search the web for "GPU Device Id")
[2020.07.30-06.51.15:035][  0]LogWindows: EnumDisplayDevices:
[2020.07.30-06.51.15:035][  0]LogWindows:    0. 'NVIDIA GeForce GTX 1080' (P:1 D:1)
[2020.07.30-06.51.15:036][  0]LogWindows:    1. 'NVIDIA GeForce GTX 1080' (P:0 D:1)
[2020.07.30-06.51.15:036][  0]LogWindows:    2. 'NVIDIA GeForce GTX 1080' (P:0 D:0)
[2020.07.30-06.51.15:036][  0]LogWindows:    3. 'NVIDIA GeForce GTX 1080' (P:0 D:0)
[2020.07.30-06.51.15:036][  0]LogWindows: DebugString: FoundDriverCount:4 
[2020.07.30-06.51.15:036][  0]LogD3D11RHI:     Adapter Name: NVIDIA GeForce GTX 1080
[2020.07.30-06.51.15:036][  0]LogD3D11RHI:   Driver Version: 451.67 (internal:27.21.14.5167, unified:451.67)
[2020.07.30-06.51.15:036][  0]LogD3D11RHI:      Driver Date: 7-5-2020
[2020.07.30-06.51.15:036][  0]LogRHI: Texture pool is 5655 MB (70% of 8079 MB)
[2020.07.30-06.51.15:089][  0]LogD3D11RHI: RHI has support for 64 bit atomics
[2020.07.30-06.51.15:095][  0]LogD3D11RHI: [Aftermath] Enabled and primed
[2020.07.30-06.51.15:095][  0]LogD3D11RHI: Async texture creation enabled
[2020.07.30-06.51.15:095][  0]LogD3D11RHI: Array index from any shader is supported
[2020.07.30-06.51.15:096][  0]LogD3D11RHI: HDR output is supported on display 0 (NvId: 0x80061085).
[2020.07.30-06.51.15:114][  0]LogD3D11RHI: GPU Timing Frequency: 1000.000000 (Debug: 2 1)
[2020.07.30-06.51.15:635][  0]LogTargetPlatformManager: Display: Loaded TargetPlatform 'AllDesktop'
[2020.07.30-06.51.15:662][  0]LogTargetPlatformManager: Display: Loaded TargetPlatform 'Android'
[2020.07.30-06.51.15:662][  0]LogTargetPlatformManager: Display: Loaded TargetPlatform 'Android_ASTC'
[2020.07.30-06.51.15:662][  0]LogTargetPlatformManager: Display: Loaded TargetPlatform 'Android_DXT'
[2020.07.30-06.51.15:662][  0]LogTargetPlatformManager: Display: Loaded TargetPlatform 'Android_ETC2'
[2020.07.30-06.51.15:662][  0]LogTargetPlatformManager: Display: Loaded TargetPlatform 'AndroidClient'
[2020.07.30-06.51.15:662][  0]LogTargetPlatformManager: Display: Loaded TargetPlatform 'Android_ASTCClient'
[2020.07.30-06.51.15:662][  0]LogTargetPlatformManager: Display: Loaded TargetPlatform 'Android_DXTClient'
[2020.07.30-06.51.15:662][  0]LogTargetPlatformManager: Display: Loaded TargetPlatform 'Android_ETC2Client'
[2020.07.30-06.51.15:662][  0]LogTargetPlatformManager: Display: Loaded TargetPlatform 'Android_Multi'
[2020.07.30-06.51.15:662][  0]LogTargetPlatformManager: Display: Loaded TargetPlatform 'Android_MultiClient'
[2020.07.30-06.51.15:696][  0]LogTargetPlatformManager: Display: Loaded TargetPlatform 'IOSClient'
[2020.07.30-06.51.15:696][  0]LogTargetPlatformManager: Display: Loaded TargetPlatform 'IOS'
[2020.07.30-06.51.15:708][  0]LogTargetPlatformManager: Display: Loaded TargetPlatform 'Linux'
[2020.07.30-06.51.15:721][  0]LogTargetPlatformManager: Display: Loaded TargetPlatform 'LinuxNoEditor'
[2020.07.30-06.51.15:733][  0]LogTargetPlatformManager: Display: Loaded TargetPlatform 'LinuxClient'
[2020.07.30-06.51.15:744][  0]LogTargetPlatformManager: Display: Loaded TargetPlatform 'LinuxServer'
[2020.07.30-06.51.15:755][  0]LogTargetPlatformManager: Display: Loaded TargetPlatform 'LinuxAArch64NoEditor'
[2020.07.30-06.51.15:766][  0]LogTargetPlatformManager: Display: Loaded TargetPlatform 'LinuxAArch64Client'
[2020.07.30-06.51.15:776][  0]LogTargetPlatformManager: Display: Loaded TargetPlatform 'LinuxAArch64Server'
[2020.07.30-06.51.15:804][  0]LogTargetPlatformManager: Display: Loaded TargetPlatform 'Lumin'
[2020.07.30-06.51.15:804][  0]LogTargetPlatformManager: Display: Loaded TargetPlatform 'LuminClient'
[2020.07.30-06.51.15:821][  0]LogTargetPlatformManager: Display: Loaded TargetPlatform 'TVOSClient'
[2020.07.30-06.51.15:821][  0]LogTargetPlatformManager: Display: Loaded TargetPlatform 'TVOS'
[2020.07.30-06.51.15:831][  0]LogTargetPlatformManager: Display: Loaded TargetPlatform 'WindowsNoEditor'
[2020.07.30-06.51.15:842][  0]LogTargetPlatformManager: Display: Loaded TargetPlatform 'Windows'
[2020.07.30-06.51.15:853][  0]LogTargetPlatformManager: Display: Loaded TargetPlatform 'WindowsClient'
[2020.07.30-06.51.15:865][  0]LogTargetPlatformManager: Display: Loaded TargetPlatform 'WindowsServer'
[2020.07.30-06.51.15:865][  0]LogTargetPlatformManager: Display: Building Assets For Windows
[2020.07.30-06.51.15:883][  0]LogAudioDebug: Display: Lib vorbis DLL was dynamically loaded.
[2020.07.30-06.51.16:026][  0]LogShaderCompilers: Guid format shader working directory is -31 characters bigger than the processId version (D:/2020_T2/RGP/A4 Game/Git_repo/Disaster-Artist/UnrealProject/AncientTemple/Intermediate/Shaders/WorkingDirectory/5848/).
[2020.07.30-06.51.16:027][  0]LogShaderCompilers: Cleaned the shader compiler working directory 'C:/Users/New/AppData/Local/Temp/UnrealShaderWorkingDir/206E1CA54705AAE841CBA09B2C51C525/'.
[2020.07.30-06.51.16:027][  0]LogXGEController: Cleaning working directory: C:/Users/New/AppData/Local/Temp/UnrealXGEWorkingDir/
[2020.07.30-06.51.16:028][  0]LogXGEController: Cannot use XGE Controller as Incredibuild is not installed on this machine.
[2020.07.30-06.51.16:028][  0]LogShaderCompilers: Cannot use XGE Shader Compiler as Incredibuild is not installed on this machine.
[2020.07.30-06.51.16:028][  0]LogShaderCompilers: Display: Using Local Shader Compiler.
[2020.07.30-06.51.16:940][  0]LogDerivedDataCache: Display: Max Cache Size: 512 MB
[2020.07.30-06.51.17:132][  0]LogDerivedDataCache: Loaded boot cache 0.19s 76MB C:/Users/New/AppData/Local/UnrealEngine/4.25/DerivedDataCache/Boot.ddc.
[2020.07.30-06.51.17:132][  0]LogDerivedDataCache: Display: Loaded Boot cache: C:/Users/New/AppData/Local/UnrealEngine/4.25/DerivedDataCache/Boot.ddc
[2020.07.30-06.51.17:132][  0]LogDerivedDataCache: FDerivedDataBackendGraph:  Pak pak cache file D:/2020_T2/RGP/A4 Game/Git_repo/Disaster-Artist/UnrealProject/AncientTemple/DerivedDataCache/DDC.ddp not found, will not use a pak cache.
[2020.07.30-06.51.17:132][  0]LogDerivedDataCache: Unable to find inner node Pak for hierarchical cache Hierarchy.
[2020.07.30-06.51.17:132][  0]LogDerivedDataCache: FDerivedDataBackendGraph:  CompressedPak pak cache file D:/2020_T2/RGP/A4 Game/Git_repo/Disaster-Artist/UnrealProject/AncientTemple/DerivedDataCache/Compressed.ddp not found, will not use a pak cache.
[2020.07.30-06.51.17:132][  0]LogDerivedDataCache: Unable to find inner node CompressedPak for hierarchical cache Hierarchy.
[2020.07.30-06.51.17:147][  0]LogDerivedDataCache: Display: Pak cache opened for reading ../../../Engine/DerivedDataCache/Compressed.ddp.
[2020.07.30-06.51.17:147][  0]LogDerivedDataCache: FDerivedDataBackendGraph:  EnterprisePak pak cache file ../../../Enterprise/DerivedDataCache/Compressed.ddp not found, will not use a pak cache.
[2020.07.30-06.51.17:147][  0]LogDerivedDataCache: Unable to find inner node EnterprisePak for hierarchical cache Hierarchy.
[2020.07.30-06.51.17:148][  0]LogDerivedDataCache: Using Local data cache path C:/Users/New/AppData/Local/UnrealEngine/Common/DerivedDataCache: Writable
[2020.07.30-06.51.17:148][  0]LogDerivedDataCache: Shared data cache path not found in *engine.ini, will not use an Shared cache.
[2020.07.30-06.51.17:148][  0]LogDerivedDataCache: Unable to find inner node Shared for hierarchical cache Hierarchy.
[2020.07.30-06.51.17:205][  0]LogSlate: Using FreeType 2.10.0
[2020.07.30-06.51.17:208][  0]LogSlate: SlateFontServices - WITH_FREETYPE: 1, WITH_HARFBUZZ: 1
[2020.07.30-06.51.17:247][  0]LogAssetRegistry: FAssetRegistry took 0.0026 seconds to start up
[2020.07.30-06.51.17:510][  0]LogInit: Selected Device Profile: [Windows]
[2020.07.30-06.51.17:672][  0]LogMeshReduction: Using QuadricMeshReduction for automatic static mesh reduction
[2020.07.30-06.51.17:672][  0]LogMeshReduction: Using SimplygonMeshReduction for automatic skeletal mesh reduction
[2020.07.30-06.51.17:672][  0]LogMeshReduction: Using ProxyLODMeshReduction for automatic mesh merging
[2020.07.30-06.51.17:672][  0]LogMeshReduction: No distributed automatic mesh merging module available
[2020.07.30-06.51.17:672][  0]LogMeshMerging: No distributed automatic mesh merging module available
[2020.07.30-06.51.17:708][  0]LogNetVersion: AncientTemple 1.0.0, NetCL: 13144385, EngineNetVer: 14, GameNetVer: 0 (Checksum: 258372913)
[2020.07.30-06.51.18:372][  0]LogAISub: UAISubsystem::UAISubsystem AISubsystem (00000229BC341340), frame # 0
[2020.07.30-06.51.18:372][  0]LogAISub: UAISubsystem::UAISubsystem AIPerceptionSystem (00000229BC291E40), frame # 0
[2020.07.30-06.51.18:374][  0]LogAISub: UAISubsystem::UAISubsystem EnvQueryManager (00000229BC310A00), frame # 0
[2020.07.30-06.51.18:449][  0]LogPackageLocalizationCache: Processed 20 localized package path(s) for 1 prioritized culture(s) in 0.067035 seconds
[2020.07.30-06.51.18:454][  0]LogUObjectArray: 15917 objects as part of root set at end of initial load.
[2020.07.30-06.51.18:454][  0]LogUObjectAllocator: 3965568 out of 0 bytes used by permanent object pool.
[2020.07.30-06.51.18:454][  0]LogUObjectArray: CloseDisregardForGC: 0/0 objects in disregard for GC pool
[2020.07.30-06.51.19:043][  0]LogSubstanceCoreModule: Substance [CPU] Engine Loaded, Max Texture Size = 2048
[2020.07.30-06.51.19:063][  0]LogTcpMessaging: Initializing TcpMessaging bridge
[2020.07.30-06.51.19:069][  0]LogUdpMessaging: Initializing bridge on interface 0.0.0.0:0 to multicast group 230.0.0.1:6666.
[2020.07.30-06.51.19:226][  0]SourceControl: Source control is disabled
[2020.07.30-06.51.19:226][  0]SourceControl: Source control is disabled
[2020.07.30-06.51.19:232][  0]SourceControl: Source control is disabled
[2020.07.30-06.51.19:239][  0]SourceControl: Source control is disabled
[2020.07.30-06.51.19:250][  0]SourceControl: Source control is disabled
[2020.07.30-06.51.19:645][  0]LogAndroidPermission: UAndroidPermissionCallbackProxy::GetInstance
[2020.07.30-06.51.19:677][  0]LogAudioCaptureCore: Display: No Audio Capture implementations found. Audio input will be silent.
[2020.07.30-06.51.19:677][  0]LogAudioCaptureCore: Display: No Audio Capture implementations found. Audio input will be silent.
[2020.07.30-06.51.19:757][  0]LogOcInput: OculusInput pre-init called
[2020.07.30-06.51.19:773][  0]LogWindows: Failed to load 'OVRPlugin.dll' (GetLastError=126)
[2020.07.30-06.51.19:773][  0]LogWindows: File 'OVRPlugin.dll' does not exist
[2020.07.30-06.51.19:951][  0]LogEngine: Initializing Engine...
[2020.07.30-06.51.19:953][  0]LogHMD: Failed to initialize OpenVR with code 101
[2020.07.30-06.51.19:953][  0]LogMagicLeap: Warning: VR disabled because ZI is not enabled.  To enable, in the editor, Edit -> Project Settings -> Plugins -> Magic Leap Plugin -> Enable Zero Iteration
[2020.07.30-06.51.19:954][  0]LogStats: UGameplayTagsManager::InitializeManager -  0.000 s
[2020.07.30-06.51.20:104][  0]LogInit: Initializing FReadOnlyCVARCache
[2020.07.30-06.51.20:125][  0]LogAIModule: Creating AISystem for world Untitled
[2020.07.30-06.51.20:125][  0]LogAISub: UAISubsystem::UAISubsystem EnvQueryManager (00000229C1E97C00), frame # 0
[2020.07.30-06.51.20:125][  0]LogAISub: UAISubsystem::UAISubsystem AIPerceptionSystem (00000229C1EE2200), frame # 0
[2020.07.30-06.51.20:134][  0]LogAudioMixer: Display: Audio Mixer Platform Settings:
[2020.07.30-06.51.20:134][  0]LogAudioMixer: Display: 	Sample Rate:						  48000
[2020.07.30-06.51.20:134][  0]LogAudioMixer: Display: 	Callback Buffer Frame Size Requested: 1024
[2020.07.30-06.51.20:134][  0]LogAudioMixer: Display: 	Callback Buffer Frame Size To Use:	  1024
[2020.07.30-06.51.20:134][  0]LogAudioMixer: Display: 	Number of buffers to queue:			  2
[2020.07.30-06.51.20:134][  0]LogAudioMixer: Display: 	Max Channels (voices):				  32
[2020.07.30-06.51.20:134][  0]LogAudioMixer: Display: 	Number of Async Source Workers:		  0
[2020.07.30-06.51.20:135][  0]LogAudio: Display: AudioDevice MaxSources: 32
[2020.07.30-06.51.20:135][  0]LogAudio: Display: Using built-in audio occlusion.
[2020.07.30-06.51.20:135][  0]LogAudioMixer: Display: Initializing audio mixer.
[2020.07.30-06.51.20:164][  0]LogAudioMixer: Display: 0: FrontLeft
[2020.07.30-06.51.20:164][  0]LogAudioMixer: Display: 1: FrontRight
[2020.07.30-06.51.20:217][  0]LogAudioMixer: Display: Using Audio Device Speakers (3- RIG 800HX)
[2020.07.30-06.51.20:220][  0]LogAudioMixer: Display: Initializing Sound Submixes...
[2020.07.30-06.51.20:232][  0]LogAudioMixer: Display: Creating Master Submix 'MasterSubmixDefault'
[2020.07.30-06.51.20:232][  0]LogAudioMixer: Display: Creating Master Submix 'MasterReverbSubmixDefault'
[2020.07.30-06.51.20:233][  0]LogAudioMixer: Display: Creating Master Submix 'MasterEQSubmixDefault'
[2020.07.30-06.51.20:234][  0]LogInit: FAudioDevice initialized.
[2020.07.30-06.51.20:234][  0]LogNetVersion: Set ProjectVersion to 1.0.0.0. Version Checksum will be recalculated on next use.
[2020.07.30-06.51.20:311][  0]LogDerivedDataCache: Saved boot cache 0.08s 76MB C:/Users/New/AppData/Local/UnrealEngine/4.25/DerivedDataCache/Boot.ddc.
[2020.07.30-06.51.20:316][  0]LogInit: Texture streaming: Enabled
[2020.07.30-06.51.20:343][  0]LogEngineSessionManager: EngineSessionManager initialized
[2020.07.30-06.51.20:343][  0]LogEditorSessionSummary: Verbose: Initializing EditorSessionSummaryWriter for editor session tracking
[2020.07.30-06.51.20:349][  0]LogEditorSessionSummary: EditorSessionSummaryWriter initialized
[2020.07.30-06.51.20:418][  0]LogInit: Transaction tracking system initialized
[2020.07.30-06.51.20:451][  0]BlueprintLog: New page: Editor Load
[2020.07.30-06.51.20:568][  0]LocalizationService: Localization service is disabled
[2020.07.30-06.51.20:795][  0]LogCook: Display: Max memory allowance for cook 16384mb min free memory 0mb
[2020.07.30-06.51.20:796][  0]LogCook: Display: Mobile HDR setting 1
[2020.07.30-06.51.21:018][  0]LogFileCache: Scanning file cache for directory 'D:/2020_T2/RGP/A4 Game/Git_repo/Disaster-Artist/UnrealProject/AncientTemple/Content/' took 0.02s
[2020.07.30-06.51.21:287][  0]SourceControl: Source control is disabled
[2020.07.30-06.51.21:287][  0]LogUnrealEdMisc: Loading editor; pre map load, took 9.925
[2020.07.30-06.51.21:287][  0]Cmd: MAP LOAD FILE="D:/2020_T2/RGP/A4 Game/Git_repo/Disaster-Artist/UnrealProject/AncientTemple/Content/FirstPersonBP/Maps/FirstPersonExampleMap.umap" TEMPLATE=0 SHOWPROGRESS=1 FEATURELEVEL=3
[2020.07.30-06.51.21:288][  0]LightingResults: New page: Lighting Build
[2020.07.30-06.51.21:288][  0]LogWorld: UWorld::CleanupWorld for Untitled, bSessionEnded=true, bCleanupResources=true
[2020.07.30-06.51.21:288][  0]LogSlate: InvalidateAllWidgets triggered.  All widgets were invalidated
[2020.07.30-06.51.21:289][  0]MapCheck: New page: Map Check
[2020.07.30-06.51.21:289][  0]LightingResults: New page: Lighting Build
[2020.07.30-06.51.21:296][  0]LogAISub: UAISubsystem::~UAISubsystem EnvQueryManager (00000229C1E97C00), frame # 0
[2020.07.30-06.51.21:296][  0]LogAISub: UAISubsystem::~UAISubsystem AIPerceptionSystem (00000229C1EE2200), frame # 0
[2020.07.30-06.51.21:297][  0]LogUObjectHash: Compacting FUObjectHashTables data took   0.91ms
[2020.07.30-06.51.21:883][  0]LogAIModule: Creating AISystem for world FirstPersonExampleMap
[2020.07.30-06.51.21:883][  0]LogAISub: UAISubsystem::UAISubsystem EnvQueryManager (00000229B611FE00), frame # 0
[2020.07.30-06.51.21:883][  0]LogAISub: UAISubsystem::UAISubsystem AIPerceptionSystem (00000229B615AE80), frame # 0
[2020.07.30-06.51.22:457][  0]LogEditorServer: Finished looking for orphan Actors (0.000 secs)
[2020.07.30-06.51.22:513][  0]LogUObjectHash: Compacting FUObjectHashTables data took   1.21ms
[2020.07.30-06.51.22:513][  0]Cmd: MAP CHECKDEP NOCLEARLOG
[2020.07.30-06.51.22:514][  0]MapCheck: Map check complete: 0 Error(s), 0 Warning(s), took 0.141ms to complete.
[2020.07.30-06.51.22:514][  0]LogFileHelpers: Loading map 'FirstPersonExampleMap' took 1.227
[2020.07.30-06.51.22:515][  0]LogAssetRegistry: Flushing asset discovery search because of synchronous request, this can take several seconds...
[2020.07.30-06.51.22:542][  0]LogAssetRegistry: Asset discovery search completed in 0.0272 seconds
[2020.07.30-06.51.22:556][  0]LogCollectionManager: Loaded 0 collections in 0.001312 seconds
[2020.07.30-06.51.22:561][  0]LogFileCache: Scanning file cache for directory 'D:/2020_T2/RGP/A4 Game/Git_repo/Disaster-Artist/UnrealProject/AncientTemple/Saved/Collections/' took 0.00s
[2020.07.30-06.51.22:561][  0]LogFileCache: Scanning file cache for directory 'D:/2020_T2/RGP/A4 Game/Git_repo/Disaster-Artist/UnrealProject/AncientTemple/Content/Developers/New/Collections/' took 0.00s
[2020.07.30-06.51.22:561][  0]LogFileCache: Scanning file cache for directory 'D:/2020_T2/RGP/A4 Game/Git_repo/Disaster-Artist/UnrealProject/AncientTemple/Content/Collections/' took 0.00s
[2020.07.30-06.51.22:561][  0]LogCollectionManager: Fixed up redirectors for 0 collections in 0.000008 seconds (updated 0 objects)
[2020.07.30-06.51.22:563][  0]LogUnrealEdMisc: Total Editor Startup Time, took 11.201
[2020.07.30-06.51.22:724][  0]LogSlate: Updating window title bar state: overlay mode, drag disabled, window buttons hidden, title bar hidden
[2020.07.30-06.51.22:741][  0]LogContentBrowser: Native class hierarchy populated in 0.0088 seconds. Added 3437 classes and 827 folders.
[2020.07.30-06.51.22:746][  0]LogContentBrowser: Native class hierarchy updated for 'WidgetCarousel' in 0.0003 seconds. Added 0 classes and 0 folders.
[2020.07.30-06.51.22:882][  0]LogContentBrowser: Native class hierarchy updated for 'AddContentDialog' in 0.0004 seconds. Added 0 classes and 0 folders.
[2020.07.30-06.51.22:883][  0]LogContentBrowser: Native class hierarchy updated for 'SceneOutliner' in 0.0003 seconds. Added 2 classes and 0 folders.
[2020.07.30-06.51.22:939][  0]LogSlate: Took 0.001305 seconds to synchronously load lazily loaded font '../../../Engine/Content/Slate/Fonts/Roboto-Regular.ttf' (155K)
[2020.07.30-06.51.22:941][  0]LogSlate: Took 0.001073 seconds to synchronously load lazily loaded font '../../../Engine/Content/Slate/Fonts/Roboto-Bold.ttf' (160K)
[2020.07.30-06.51.22:946][  0]LogSlate: Took 0.000866 seconds to synchronously load lazily loaded font '../../../Engine/Content/Editor/Slate/Fonts/FontAwesome.ttf' (139K)
[2020.07.30-06.51.23:052][  0]LogRenderer: Reallocating scene render targets to support 1532x808 Format 10 NumSamples 1 (Frame:1).
[2020.07.30-06.51.23:216][  0]LogContentBrowser: Native class hierarchy updated for 'HierarchicalLODOutliner' in 0.0004 seconds. Added 0 classes and 0 folders.
[2020.07.30-06.51.23:216][  0]LogLoad: (Engine Initialization) Total time: 11.85 seconds
[2020.07.30-06.51.23:216][  0]LogLoad: (Engine Initialization) Total Blueprint compile time: 0.00 seconds
[2020.07.30-06.51.23:295][  0]LogContentStreaming: Texture pool size now 3000 MB
[2020.07.30-06.51.23:325][  1]LogSubstanceLiveLink: Warning: Unable to send data along socket, closing connection
[2020.07.30-06.51.52:757][351]LogSlate: Took 0.004997 seconds to synchronously load lazily loaded font '../../../Engine/Content/Slate/Fonts/Roboto-Light.ttf' (167K)
[2020.07.30-06.51.52:902][351]LogStaticMesh: Building static mesh SM_Fault_B_005...
[2020.07.30-06.51.52:914][351]LogStaticMesh: Built static mesh [0.01s] /Game/StylizedRockPack/Prop/SM_Fault_B_005.SM_Fault_B_005
[2020.07.30-06.52.07:503][823]LogSlate: Window 'Project Settings' being destroyed
[2020.07.30-06.52.07:509][823]LogSlate: Window 'Project Settings' being destroyed
[2020.07.30-06.52.08:466][911]LogAssetEditorSubsystem: Opening Asset editor for World /Game/Project/Levels/Cave.Cave
[2020.07.30-06.52.08:474][911]LogUObjectHash: Compacting FUObjectHashTables data took   0.56ms
[2020.07.30-06.52.08:477][911]Cmd: MAP LOAD FILE="D:/2020_T2/RGP/A4 Game/Git_repo/Disaster-Artist/UnrealProject/AncientTemple/Content/Project/Levels/Cave.umap" TEMPLATE=0 SHOWPROGRESS=1 FEATURELEVEL=3
[2020.07.30-06.52.08:477][911]LightingResults: New page: Lighting Build
[2020.07.30-06.52.08:477][911]LoadErrors: New page: Loading map: Cave.umap
[2020.07.30-06.52.08:481][911]LogWorld: UWorld::CleanupWorld for FirstPersonExampleMap, bSessionEnded=true, bCleanupResources=true
[2020.07.30-06.52.08:481][911]LogSlate: InvalidateAllWidgets triggered.  All widgets were invalidated
[2020.07.30-06.52.08:481][911]MapCheck: New page: Map Check
[2020.07.30-06.52.08:481][911]LightingResults: New page: Lighting Build
[2020.07.30-06.52.08:509][911]LogAISub: UAISubsystem::~UAISubsystem EnvQueryManager (00000229B611FE00), frame # 4911
[2020.07.30-06.52.08:509][911]LogAISub: UAISubsystem::~UAISubsystem AIPerceptionSystem (00000229B615AE80), frame # 4911
[2020.07.30-06.52.08:510][911]LogUObjectHash: Compacting FUObjectHashTables data took   0.66ms
[2020.07.30-06.52.08:515][911]LogEditorServer: Finished looking for orphan Actors (0.000 secs)
[2020.07.30-06.52.08:515][911]LogAIModule: Creating AISystem for world Cave
[2020.07.30-06.52.08:515][911]LogAISub: UAISubsystem::UAISubsystem EnvQueryManager (00000229C2296800), frame # 4911
[2020.07.30-06.52.08:515][911]LogAISub: UAISubsystem::UAISubsystem AIPerceptionSystem (00000229B11E1300), frame # 4911
[2020.07.30-06.52.08:524][911]LogUObjectHash: Compacting FUObjectHashTables data took   0.52ms
[2020.07.30-06.52.08:544][911]Cmd: MAP CHECKDEP NOCLEARLOG
[2020.07.30-06.52.08:544][911]MapCheck: Map check complete: 0 Error(s), 0 Warning(s), took 0.075ms to complete.
[2020.07.30-06.52.08:544][911]LogFileHelpers: Loading map 'Cave' took 0.067
[2020.07.30-06.52.18:049][ 23]LogEditorViewport: Clicking on Actor (LMB): PointLight (PointLight)
[2020.07.30-06.52.25:115][854]LogUObjectHash: Compacting FUObjectHashTables data took   0.78ms
[2020.07.30-06.52.25:159][854]LogUObjectHash: Compacting FUObjectHashTables data took   0.25ms
[2020.07.30-06.52.25:207][854]LogSavePackage: Moving 'D:/2020_T2/RGP/A4 Game/Git_repo/Disaster-Artist/UnrealProject/AncientTemple/Saved/CaveAAEAFAD741B96DD12FC191BDD5974D04.tmp' to 'D:/2020_T2/RGP/A4 Game/Git_repo/Disaster-Artist/UnrealProject/AncientTemple/Content/Project/Levels/Cave.umap'
[2020.07.30-06.52.25:299][854]LogFileHelpers: Saving map 'Cave' took 0.150
[2020.07.30-06.52.26:842][854]LogSavePackage: Moving 'D:/2020_T2/RGP/A4 Game/Git_repo/Disaster-Artist/UnrealProject/AncientTemple/Saved/Cave_BuiltDataC9DCA2A643DD160E9BCA838D7B58BC3B.tmp' to 'D:/2020_T2/RGP/A4 Game/Git_repo/Disaster-Artist/UnrealProject/AncientTemple/Content/Project/Levels/Cave_BuiltData.uasset'
[2020.07.30-06.52.26:937][854]AssetCheck: New page: Asset Save: multiple assets
[2020.07.30-06.52.26:937][854]LogContentValidation: Display: Validating World /Game/Project/Levels/Cave.Cave
[2020.07.30-06.52.26:937][854]LogContentValidation: Display: Validating MapBuildDataRegistry /Game/Project/Levels/Cave_BuiltData.Cave_BuiltData
[2020.07.30-06.57.38:183][811]LogAssetEditorSubsystem: Opening Asset editor for World /Game/Project/Levels/Eumachia_Level.Eumachia_Level
[2020.07.30-06.57.38:218][811]LogUObjectHash: Compacting FUObjectHashTables data took   1.12ms
[2020.07.30-06.57.38:220][811]Cmd: MAP LOAD FILE="D:/2020_T2/RGP/A4 Game/Git_repo/Disaster-Artist/UnrealProject/AncientTemple/Content/Project/Levels/Eumachia_Level.umap" TEMPLATE=0 SHOWPROGRESS=1 FEATURELEVEL=3
[2020.07.30-06.57.38:220][811]LightingResults: New page: Lighting Build
[2020.07.30-06.57.38:220][811]LoadErrors: New page: Loading map: Eumachia_Level.umap
[2020.07.30-06.57.38:222][811]LogWorld: UWorld::CleanupWorld for Cave, bSessionEnded=true, bCleanupResources=true
[2020.07.30-06.57.38:222][811]LogSlate: InvalidateAllWidgets triggered.  All widgets were invalidated
[2020.07.30-06.57.38:222][811]MapCheck: New page: Map Check
[2020.07.30-06.57.38:222][811]LightingResults: New page: Lighting Build
[2020.07.30-06.57.38:231][811]LogAISub: UAISubsystem::~UAISubsystem AIPerceptionSystem (00000229B11E1300), frame # 8811
[2020.07.30-06.57.38:231][811]LogAISub: UAISubsystem::~UAISubsystem EnvQueryManager (00000229C2296800), frame # 8811
[2020.07.30-06.57.38:232][811]LogUObjectHash: Compacting FUObjectHashTables data took   1.18ms
[2020.07.30-06.57.38:354][811]LogEditorServer: Finished looking for orphan Actors (0.000 secs)
[2020.07.30-06.57.38:354][811]LogAIModule: Creating AISystem for world Eumachia_Level
[2020.07.30-06.57.38:354][811]LogAISub: UAISubsystem::UAISubsystem EnvQueryManager (00000229C3F31A00), frame # 8811
[2020.07.30-06.57.38:354][811]LogAISub: UAISubsystem::UAISubsystem AIPerceptionSystem (0000022A2F60CCC0), frame # 8811
[2020.07.30-06.57.38:393][811]LogUObjectHash: Compacting FUObjectHashTables data took   0.66ms
[2020.07.30-06.57.38:415][811]Cmd: MAP CHECKDEP NOCLEARLOG
[2020.07.30-06.57.38:415][811]MapCheck: Map check complete: 0 Error(s), 0 Warning(s), took 0.069ms to complete.
[2020.07.30-06.57.38:415][811]LogFileHelpers: Loading map 'Eumachia_Level' took 0.195
[2020.07.30-06.57.42:408][272]LogEditorViewport: Clicking on Actor (LMB): StaticMeshActor (Pompeii_Building_BaseMesh)
[2020.07.30-06.57.44:024][435]LogSlate: Took 0.004359 seconds to synchronously load lazily loaded font '../../../Engine/Content/Slate/Fonts/Roboto-Italic.ttf' (157K)
[2020.07.30-06.57.49:991][ 20]LogAssetEditorSubsystem: Opening Asset editor for Material /Game/Project/Substances/Stylized_Herringbone_Stone_Pavement_MAT_Template.Stylized_Herringbone_Stone_Pavement_MAT_Template
[2020.07.30-06.57.49:993][ 20]LogMaterial: Display: Missing cached shader map for material Stylized_Herringbone_Stone_Pavement_MAT_Template, compiling. 
[2020.07.30-06.57.50:356][ 20]LogMaterial: Display: Missing cached shader map for material Stylized_Herringbone_Stone_Pavement_MAT_Template, compiling. 
[2020.07.30-06.57.50:364][ 20]LogMaterial: Display: Missing cached shader map for material Stylized_Herringbone_Stone_Pavement_MAT_Template, compiling. 
[2020.07.30-06.57.50:379][ 20]LogMaterial: Display: Missing cached shader map for material FMatExpressionPreview MaterialExpressionTextureSampleParameter2D_0, compiling. 
[2020.07.30-06.57.50:384][ 20]LogShaderCompilers: Display: Worker (1/5): shaders left to compile 11
[2020.07.30-06.57.50:385][ 20]LogShaderCompilers: Display: Worker (2/5): shaders left to compile 10
[2020.07.30-06.57.50:385][ 20]LogShaderCompilers: Display: Worker (3/5): shaders left to compile 9
[2020.07.30-06.57.50:385][ 20]LogShaderCompilers: Display: Worker (4/5): shaders left to compile 8
[2020.07.30-06.57.50:385][ 20]LogMaterial: Display: Missing cached shader map for material FMatExpressionPreview MaterialExpressionTextureSampleParameter2D_3, compiling. 
[2020.07.30-06.57.50:389][ 20]LogMaterial: Display: Missing cached shader map for material FMatExpressionPreview MaterialExpressionTextureSampleParameter2D_2, compiling. 
[2020.07.30-06.57.50:393][ 20]LogMaterial: Display: Missing cached shader map for material FMatExpressionPreview MaterialExpressionTextureSampleParameter2D_1, compiling. 
[2020.07.30-06.57.50:397][ 20]LogMaterial: Display: Missing cached shader map for material FMatExpressionPreview MaterialExpressionTextureSampleParameter2D_4, compiling. 
[2020.07.30-06.57.50:453][ 20]LogSlate: Took 0.000942 seconds to synchronously load lazily loaded font '../../../Engine/Content/Slate/Fonts/Roboto-BoldCondensed.ttf' (158K)
[2020.07.30-06.57.51:130][ 46]LogShaderCompilers: Display: Worker (4/5): shaders left to compile 27
[2020.07.30-06.57.51:340][ 56]LogShaderCompilers: Display: Worker (3/5): shaders left to compile 26
[2020.07.30-06.57.51:503][ 63]LogShaderCompilers: Display: Worker (2/5): shaders left to compile 25
[2020.07.30-06.57.51:503][ 63]LogShaderCompilers: Display: Worker (1/5): shaders left to compile 24
[2020.07.30-06.57.51:961][ 85]LogShaderCompilers: Display: Worker (4/5): shaders left to compile 23
[2020.07.30-06.57.51:981][ 86]LogShaderCompilers: Display: Worker (1/5): shaders left to compile 22
[2020.07.30-06.57.52:183][ 97]LogShaderCompilers: Display: Worker (3/5): shaders left to compile 21
[2020.07.30-06.57.52:354][106]LogShaderCompilers: Display: Worker (2/5): shaders left to compile 20
[2020.07.30-06.57.52:755][127]LogShaderCompilers: Display: Worker (3/5): shaders left to compile 19
[2020.07.30-06.57.52:793][129]LogShaderCompilers: Display: Worker (1/5): shaders left to compile 18
[2020.07.30-06.57.52:812][130]LogShaderCompilers: Display: Worker (4/5): shaders left to compile 17
[2020.07.30-06.57.52:840][131]MaterialEditorStats: Base pass shader: 131 instructions
[2020.07.30-06.57.52:840][131]MaterialEditorStats: Base pass shader with Surface Lightmap: 162 instructions
[2020.07.30-06.57.52:840][131]MaterialEditorStats: Base pass shader with Volumetric Lightmap: 209 instructions
[2020.07.30-06.57.52:840][131]MaterialEditorStats: Base pass vertex shader: 44 instructions
[2020.07.30-06.57.52:840][131]MaterialEditorStats: Texture samplers: 7/16
[2020.07.30-06.57.52:840][131]MaterialEditorStats: Texture Lookups (Est.): VS(0), PS(5)
[2020.07.30-06.57.52:840][131]MaterialEditorStats: User interpolators: 2/4 Scalars (1/4 Vectors) (TexCoords: 2, Custom: 0)
[2020.07.30-06.57.52:858][131]LogSlate: Took 0.003848 seconds to synchronously load lazily loaded font '../../../Engine/Content/Slate/Fonts/DroidSansMono.ttf' (77K)
[2020.07.30-06.57.52:931][136]LogShaderCompilers: Display: Worker (2/5): shaders left to compile 16
[2020.07.30-06.57.53:284][154]LogShaderCompilers: Display: Worker (4/5): shaders left to compile 15
[2020.07.30-06.57.53:339][157]LogShaderCompilers: Display: Worker (3/5): shaders left to compile 14
[2020.07.30-06.57.53:408][161]LogShaderCompilers: Display: Worker (2/5): shaders left to compile 13
[2020.07.30-06.57.53:408][161]LogShaderCompilers: Display: Worker (1/5): shaders left to compile 12
[2020.07.30-06.57.53:891][187]LogShaderCompilers: Display: Worker (4/5): shaders left to compile 11
[2020.07.30-06.57.53:947][190]LogShaderCompilers: Display: Worker (2/5): shaders left to compile 10
[2020.07.30-06.57.53:981][192]LogShaderCompilers: Display: Worker (1/5): shaders left to compile 9
[2020.07.30-06.57.53:998][193]LogShaderCompilers: Display: Worker (3/5): shaders left to compile 8
[2020.07.30-06.57.54:476][218]LogShaderCompilers: Display: Worker (1/5): shaders left to compile 7
[2020.07.30-06.57.54:510][220]LogShaderCompilers: Display: Worker (3/5): shaders left to compile 6
[2020.07.30-06.57.54:510][220]LogShaderCompilers: Display: Worker (4/5): shaders left to compile 5
[2020.07.30-06.57.54:593][225]LogShaderCompilers: Display: Worker (2/5): shaders left to compile 4
[2020.07.30-06.57.55:016][247]LogShaderCompilers: Display: Worker (4/5): shaders left to compile 3
[2020.07.30-06.57.55:091][251]LogShaderCompilers: Display: Worker (2/5): shaders left to compile 2
[2020.07.30-06.57.55:106][252]LogShaderCompilers: Display: Worker (1/5): shaders left to compile 1
[2020.07.30-06.58.38:346][ 23]LogEditorViewport: Clicking on Actor (LMB): StaticMeshActor (Pompeii_Building_Column_013)
[2020.07.30-07.07.42:682][103]LogSlate: Window 'Message' being destroyed
[2020.07.30-07.07.42:688][103]Message dialog closed, result: Yes, title: Message, text: Would you like to apply the changes of the modified material to the original material?
/Game/Project/Substances/Stylized_Herringbone_Stone_Pavement_MAT_Template.Stylized_Herringbone_Stone_Pavement_MAT_Template
(Selecting 'No' will cause all changes to be lost!)
[2020.07.30-07.07.43:185][103]LogMaterial: Display: Missing cached shader map for material Stylized_Herringbone_Stone_Pavement_MAT_Template, compiling. 
[2020.07.30-07.07.43:217][103]LogShaderCompilers: Display: Worker (1/5): shaders left to compile 11
[2020.07.30-07.07.43:217][103]LogShaderCompilers: Display: Worker (2/5): shaders left to compile 10
[2020.07.30-07.07.43:217][103]LogShaderCompilers: Display: Worker (3/5): shaders left to compile 9
[2020.07.30-07.07.43:217][103]LogShaderCompilers: Display: Worker (4/5): shaders left to compile 8
[2020.07.30-07.07.43:256][103]LogMaterial: Display: Missing cached shader map for material Stylized_Herringbone_Stone_Pavement_MAT_Template, compiling. 
[2020.07.30-07.07.43:355][103]LogUObjectHash: Compacting FUObjectHashTables data took   0.82ms
[2020.07.30-07.07.43:366][103]LogMaterial: Display: Missing cached shader map for material DebugViewMode MaterialTexCoordScale, compiling. 
[2020.07.30-07.07.43:931][103]LogShaderCompilers: Display: Worker (4/5): shaders left to compile 33
[2020.07.30-07.07.43:931][103]LogShaderCompilers: Display: Worker (3/5): shaders left to compile 32
[2020.07.30-07.07.43:931][103]LogShaderCompilers: Display: Worker (2/5): shaders left to compile 31
[2020.07.30-07.07.43:931][103]LogShaderCompilers: Display: Worker (1/5): shaders left to compile 30
[2020.07.30-07.07.44:489][103]LogShaderCompilers: Display: Worker (1/5): shaders left to compile 29
[2020.07.30-07.07.44:489][103]LogShaderCompilers: Display: Worker (4/5): shaders left to compile 28
[2020.07.30-07.07.44:489][103]LogShaderCompilers: Display: Worker (3/5): shaders left to compile 27
[2020.07.30-07.07.44:489][103]LogShaderCompilers: Display: Worker (2/5): shaders left to compile 26
[2020.07.30-07.07.45:046][103]LogShaderCompilers: Display: Worker (2/5): shaders left to compile 25
[2020.07.30-07.07.45:046][103]LogShaderCompilers: Display: Worker (3/5): shaders left to compile 24
[2020.07.30-07.07.45:046][103]LogShaderCompilers: Display: Worker (4/5): shaders left to compile 17
[2020.07.30-07.07.45:046][103]LogShaderCompilers: Display: Worker (1/5): shaders left to compile 12
[2020.07.30-07.07.45:046][103]LogShaderCompilers: Display: Worker (2/5): shaders left to compile 8
[2020.07.30-07.07.45:057][103]TextureStreamingBuild: Display: Compiling optional shaders took 1.698 seconds.
[2020.07.30-07.07.45:069][103]LogUObjectHash: Compacting FUObjectHashTables data took   0.54ms
[2020.07.30-07.07.45:102][103]LogSlate: Window 'Stylized_Herringbone_Stone_Pavement_MAT_Template' being destroyed
[2020.07.30-07.07.45:104][103]LogSlate: Window 'Stylized_Herringbone_Stone_Pavement_MAT_Template' being destroyed
[2020.07.30-07.07.45:152][103]LogWorld: UWorld::CleanupWorld for World_2, bSessionEnded=true, bCleanupResources=true
[2020.07.30-07.07.45:152][103]LogSlate: InvalidateAllWidgets triggered.  All widgets were invalidated
[2020.07.30-07.07.46:620][206]LogShaderCompilers: Display: Worker (2/5): shaders left to compile 5
[2020.07.30-07.07.47:398][242]LogShaderCompilers: Display: Worker (2/5): shaders left to compile 3
[2020.07.30-07.07.47:461][246]LogShaderCompilers: Display: Worker (1/5): shaders left to compile 2
[2020.07.30-07.07.47:917][289]LogShaderCompilers: Display: Worker (1/5): shaders left to compile 1
[2020.07.30-07.08.24:616][ 27]LogUObjectHash: Compacting FUObjectHashTables data took   0.60ms
[2020.07.30-07.08.24:619][ 27]LogFileHelpers: Editor autosave (incl. sublevels) for '/Game/Project/Levels/Eumachia_Level' took 0.012
[2020.07.30-07.08.24:619][ 27]OBJ SavePackage: Generating thumbnails for [1] asset(s) in package [/Game/Project/Substances/Stylized_Herringbone_Stone_Pavement_MAT_Template] ([1] browsable assets)...
[2020.07.30-07.08.24:642][ 27]OBJ SavePackage:     Rendered thumbnail for [Material /Game/Project/Substances/Stylized_Herringbone_Stone_Pavement_MAT_Template.Stylized_Herringbone_Stone_Pavement_MAT_Template]
[2020.07.30-07.08.24:643][ 27]OBJ SavePackage: Finished generating thumbnails for package [/Game/Project/Substances/Stylized_Herringbone_Stone_Pavement_MAT_Template]
[2020.07.30-07.08.24:659][ 27]LogSavePackage: Moving 'D:/2020_T2/RGP/A4 Game/Git_repo/Disaster-Artist/UnrealProject/AncientTemple/Saved/Stylized_Herringbone_Stone_Pavem486D99A64E805877A3F216BE5596251F.tmp' to 'D:/2020_T2/RGP/A4 Game/Git_repo/Disaster-Artist/UnrealProject/AncientTemple/Saved/Autosaves/Game/Project/Substances/Stylized_Herringbone_Stone_Pavement_MAT_Template_Auto1.uasset'
[2020.07.30-07.08.24:661][ 27]LogFileHelpers: Auto-saving content packages took 0.041
