Log file open, 08/19/20 22:42:42
LogInit: Display: Running engine for game: AncientTemple
LogPlatformFile: Not using cached read wrapper
LogTaskGraph: Started task graph with 5 named threads and 35 total threads with 3 sets of task threads.
LogStats: Stats thread started at 0.194252
LogD3D11RHI: Loaded GFSDK_Aftermath_Lib.x64.dll
LogICUInternationalization: ICU TimeZone Detection - Raw Offset: +10:00, Platform Override: ''
LogPluginManager: Mounting plugin Paper2D
LogPluginManager: Mounting plugin AISupport
LogPluginManager: Mounting plugin LightPropagationVolume
LogPluginManager: Mounting plugin CameraShakePreviewer
LogPluginManager: Mounting plugin ActorLayerUtilities
LogPluginManager: Mounting plugin AnimationSharing
LogPluginManager: Mounting plugin CLionSourceCodeAccess
LogPluginManager: Mounting plugin CodeLiteSourceCodeAccess
LogPluginManager: Mounting plugin GitSourceControl
LogPluginManager: Mounting plugin KDevelopSourceCodeAccess
LogPluginManager: Mounting plugin NullSourceCodeAccess
LogPluginManager: Mounting plugin PerforceSourceControl
LogPluginManager: Mounting plugin PlasticSourceControl
LogPluginManager: Mounting plugin RiderSourceCodeAccess
LogPluginManager: Mounting plugin SubversionSourceControl
LogPluginManager: Mounting plugin UObjectPlugin
LogPluginManager: Mounting plugin VisualStudioCodeSourceCodeAccess
LogPluginManager: Mounting plugin VisualStudioSourceCodeAccess
LogPluginManager: Mounting plugin XCodeSourceCodeAccess
LogPluginManager: Mounting plugin AssetManagerEditor
LogPluginManager: Mounting plugin CryptoKeys
LogPluginManager: Mounting plugin CurveEditorTools
LogPluginManager: Mounting plugin DataValidation
LogPluginManager: Mounting plugin EditorScriptingUtilities
LogPluginManager: Mounting plugin FacialAnimation
LogPluginManager: Mounting plugin GameplayTagsEditor
LogPluginManager: Mounting plugin GeometryMode
LogPluginManager: Mounting plugin MacGraphicsSwitching
LogPluginManager: Mounting plugin MaterialAnalyzer
LogPluginManager: Mounting plugin MobileLauncherProfileWizard
LogPluginManager: Mounting plugin PluginBrowser
LogPluginManager: Mounting plugin SpeedTreeImporter
LogPluginManager: Mounting plugin DatasmithContent
LogPluginManager: Mounting plugin VariantManagerContent
LogPluginManager: Mounting plugin AlembicImporter
LogPluginManager: Mounting plugin AutomationUtils
LogPluginManager: Mounting plugin BackChannel
LogPluginManager: Mounting plugin ChaosCloth
LogPluginManager: Mounting plugin ChaosClothEditor
LogPluginManager: Mounting plugin ChaosEditor
LogPluginManager: Mounting plugin ChaosNiagara
LogPluginManager: Mounting plugin ChaosSolverPlugin
LogPluginManager: Mounting plugin CharacterAI
LogPluginManager: Mounting plugin GeometryCache
LogPluginManager: Mounting plugin GeometryCollectionPlugin
LogPluginManager: Mounting plugin GeometryProcessing
LogPluginManager: Mounting plugin PlanarCut
LogPluginManager: Mounting plugin PlatformCrypto
LogPluginManager: Mounting plugin ProxyLODPlugin
LogPluginManager: Mounting plugin SkeletalReduction
LogPluginManager: Mounting plugin Niagara
LogPluginManager: Mounting plugin MagicLeap
LogPluginManager: Mounting plugin MagicLeapLightEstimation
LogPluginManager: Mounting plugin MagicLeapMedia
LogPluginManager: Mounting plugin MagicLeapPassableWorld
LogPluginManager: Mounting plugin MLSDK
LogPluginManager: Mounting plugin Substance
LogPluginManager: Mounting plugin AndroidMedia
LogPluginManager: Mounting plugin AvfMedia
LogPluginManager: Mounting plugin ImgMedia
LogPluginManager: Mounting plugin MediaCompositing
LogPluginManager: Mounting plugin MediaPlayerEditor
LogPluginManager: Mounting plugin WebMMedia
LogPluginManager: Mounting plugin WmfMedia
LogPluginManager: Mounting plugin MeshPainting
LogPluginManager: Mounting plugin TcpMessaging
LogPluginManager: Mounting plugin UdpMessaging
LogPluginManager: Mounting plugin ActorSequence
LogPluginManager: Mounting plugin LevelSequenceEditor
LogPluginManager: Mounting plugin MatineeToLevelSequence
LogPluginManager: Mounting plugin MovieRenderPipeline
LogPluginManager: Mounting plugin TemplateSequence
LogPluginManager: Mounting plugin NetcodeUnitTest
LogPluginManager: Mounting plugin NUTUnrealEngine4
LogPluginManager: Mounting plugin OnlineSubsystemGooglePlay
LogPluginManager: Mounting plugin OnlineSubsystemIOS
LogPluginManager: Mounting plugin OnlineSubsystem
LogPluginManager: Mounting plugin OnlineSubsystemNull
LogPluginManager: Mounting plugin OnlineSubsystemUtils
LogPluginManager: Mounting plugin LauncherChunkInstaller
LogPluginManager: Mounting plugin AndroidDeviceProfileSelector
LogPluginManager: Mounting plugin AndroidMoviePlayer
LogPluginManager: Mounting plugin AndroidPermission
LogPluginManager: Mounting plugin AppleImageUtils
LogPluginManager: Mounting plugin AppleMoviePlayer
LogPluginManager: Mounting plugin ArchVisCharacter
LogPluginManager: Mounting plugin AssetTags
LogPluginManager: Mounting plugin AudioCapture
LogPluginManager: Mounting plugin CableComponent
LogPluginManager: Mounting plugin CustomMeshComponent
LogPluginManager: Mounting plugin EditableMesh
LogPluginManager: Mounting plugin ExampleDeviceProfileSelector
LogPluginManager: Mounting plugin GoogleCloudMessaging
LogPluginManager: Mounting plugin GooglePAD
LogPluginManager: Mounting plugin IOSDeviceProfileSelector
LogPluginManager: Mounting plugin LinuxDeviceProfileSelector
LogPluginManager: Mounting plugin LocationServicesBPLibrary
LogPluginManager: Mounting plugin MobilePatchingUtils
LogPluginManager: Mounting plugin OculusVR
LogPluginManager: Mounting plugin PhysXVehicles
LogPluginManager: Mounting plugin PostSplashScreen
LogPluginManager: Mounting plugin ProceduralMeshComponent
LogPluginManager: Mounting plugin RuntimePhysXCooking
LogPluginManager: Mounting plugin SignificanceManager
LogPluginManager: Mounting plugin SoundFields
LogPluginManager: Mounting plugin SteamVR
LogPluginManager: Mounting plugin Synthesis
LogPluginManager: Mounting plugin WebMMoviePlayer
LogPluginManager: Mounting plugin WindowsMoviePlayer
LogPluginManager: Mounting plugin ScreenshotTools
LogInit: Using libcurl 7.55.1-DEV
LogInit:  - built for x86_64-pc-win32
LogInit:  - supports SSL with OpenSSL/1.1.1
LogInit:  - supports HTTP deflate (compression) using libz 1.2.8
LogInit:  - other features:
LogInit:      CURL_VERSION_SSL
LogInit:      CURL_VERSION_LIBZ
LogInit:      CURL_VERSION_IPV6
LogInit:      CURL_VERSION_ASYNCHDNS
LogInit:      CURL_VERSION_LARGEFILE
LogInit:      CURL_VERSION_IDN
LogInit:  CurlRequestOptions (configurable via config and command line):
LogInit:  - bVerifyPeer = true  - Libcurl will verify peer certificate
LogInit:  - bUseHttpProxy = false  - Libcurl will NOT use HTTP proxy
LogInit:  - bDontReuseConnections = false  - Libcurl will reuse connections
LogInit:  - MaxHostConnections = 16  - Libcurl will limit the number of connections to a host
LogInit:  - LocalHostAddr = Default
LogInit:  - BufferSize = 65536
LogOnline: OSS: Creating online subsystem instance for: NULL
LogInit: WinSock: version 1.1 (2.2), MaxSocks=32767, MaxUdp=65467
LogOnline: OSS: TryLoadSubsystemAndSetDefault: Loaded subsystem for module [NULL]
LogInit: Build: ++UE4+Release-4.25-CL-13908680
LogInit: Engine Version: 4.25.2-13908680+++UE4+Release-4.25
LogInit: Compatible Engine Version: 4.25.0-13144385+++UE4+Release-4.25
LogInit: Net CL: 13144385
LogInit: OS: Windows 10 (Release 1909) (), CPU: AMD Ryzen 5 3600 6-Core Processor              , GPU: NVIDIA GeForce RTX 2070 SUPER
LogInit: Compiled (64-bit): Jul 22 2020 02:11:51
LogInit: Compiled with Visual C++: 19.24.28315.00
LogInit: Build Configuration: Development
LogInit: Branch Name: ++UE4+Release-4.25
LogInit: Command Line:  /Game/Project/Levels/Cave -game -PIEVIACONSOLE -Multiprocess "GameUserSettingsINI=D:/Trent/Unity Projects/GitTest/Disaster-Artist/UnrealProject/AncientTemple/Saved/Config/Windows/PIEGameUserSettings0.ini" -MultiprocessSaveConfig -MultiprocessOSS -messaging -SessionName="Play in Standalone Game" -windowed -ResX=1280 -ResY=720
LogInit: Base Directory: D:/Games/Epic Games/UE_4.25/Engine/Binaries/Win64/
LogInit: Allocator: TBB
LogInit: Installed Engine Build: 1
LogDevObjectVersion: Number of dev versions registered: 26
LogDevObjectVersion:   Dev-Blueprints (B0D832E4-1F89-4F0D-ACCF-7EB736FD4AA2): 10
LogDevObjectVersion:   Dev-Build (E1C64328-A22C-4D53-A36C-8E866417BD8C): 0
LogDevObjectVersion:   Dev-Core (375EC13C-06E4-48FB-B500-84F0262A717E): 4
LogDevObjectVersion:   Dev-Editor (E4B068ED-F494-42E9-A231-DA0B2E46BB41): 38
LogDevObjectVersion:   Dev-Framework (CFFC743F-43B0-4480-9391-14DF171D2073): 37
LogDevObjectVersion:   Dev-Mobile (B02B49B5-BB20-44E9-A304-32B752E40360): 2
LogDevObjectVersion:   Dev-Networking (A4E4105C-59A1-49B5-A7C5-40C4547EDFEE): 0
LogDevObjectVersion:   Dev-Online (39C831C9-5AE6-47DC-9A44-9C173E1C8E7C): 0
LogDevObjectVersion:   Dev-Physics (78F01B33-EBEA-4F98-B9B4-84EACCB95AA2): 4
LogDevObjectVersion:   Dev-Platform (6631380F-2D4D-43E0-8009-CF276956A95A): 0
LogDevObjectVersion:   Dev-Rendering (12F88B9F-8875-4AFC-A67C-D90C383ABD29): 43
LogDevObjectVersion:   Dev-Sequencer (7B5AE74C-D270-4C10-A958-57980B212A5A): 12
LogDevObjectVersion:   Dev-VR (D7296918-1DD6-4BDD-9DE2-64A83CC13884): 3
LogDevObjectVersion:   Dev-LoadTimes (C2A15278-BFE7-4AFE-6C17-90FF531DF755): 1
LogDevObjectVersion:   Private-Geometry (6EACA3D4-40EC-4CC1-B786-8BED09428FC5): 3
LogDevObjectVersion:   Dev-AnimPhys (29E575DD-E0A3-4627-9D10-D276232CDCEA): 17
LogDevObjectVersion:   Dev-Anim (AF43A65D-7FD3-4947-9873-3E8ED9C1BB05): 7
LogDevObjectVersion:   Dev-ReflectionCapture (6B266CEC-1EC7-4B8F-A30B-E4D90942FC07): 1
LogDevObjectVersion:   Dev-Automation (0DF73D61-A23F-47EA-B727-89E90C41499A): 1
LogDevObjectVersion:   FortniteMain (601D1886-AC64-4F84-AA16-D3DE0DEAC7D6): 31
LogDevObjectVersion:   Dev-Enterprise (9DFFBCD6-494F-0158-E221-12823C92A888): 10
LogDevObjectVersion:   Dev-Niagara (F2AED0AC-9AFE-416F-8664-AA7FFA26D6FC): 1
LogDevObjectVersion:   Dev-Destruction (174F1F0B-B4C6-45A5-B13F-2EE8D0FB917D): 10
LogDevObjectVersion:   Dev-Physics-Ext (35F94A83-E258-406C-A318-09F59610247C): 37
LogDevObjectVersion:   Dev-PhysicsMaterial-Chaos (B68FC16E-8B1B-42E2-B453-215C058844FE): 1
LogDevObjectVersion:   Dev-CineCamera (B2E18506-4273-CFC2-A54E-F4BB758BBA07): 1
LogInit: Presizing for max 25165824 objects, including 0 objects not considered by GC, pre-allocating 0 bytes for permanent pool.
LogConfig: Applying CVar settings from Section [/Script/Engine.StreamingSettings] File [D:/Trent/Unity Projects/GitTest/Disaster-Artist/UnrealProject/AncientTemple/Saved/Config/Windows/Engine.ini]
LogConfig: Setting CVar [[s.MinBulkDataSizeForAsyncLoading:131072]]
LogConfig: Setting CVar [[s.AsyncLoadingThreadEnabled:0]]
LogConfig: Setting CVar [[s.EventDrivenLoaderEnabled:1]]
LogConfig: Setting CVar [[s.WarnIfTimeLimitExceeded:0]]
LogConfig: Setting CVar [[s.TimeLimitExceededMultiplier:1.5]]
LogConfig: Setting CVar [[s.TimeLimitExceededMinTime:0.005]]
LogConfig: Setting CVar [[s.UseBackgroundLevelStreaming:1]]
LogConfig: Setting CVar [[s.PriorityAsyncLoadingExtraTime:15.0]]
LogConfig: Setting CVar [[s.LevelStreamingActorsUpdateTimeLimit:5.0]]
LogConfig: Setting CVar [[s.PriorityLevelStreamingActorsUpdateExtraTime:5.0]]
LogConfig: Setting CVar [[s.LevelStreamingComponentsRegistrationGranularity:10]]
LogConfig: Setting CVar [[s.UnregisterComponentsTimeLimit:1.0]]
LogConfig: Setting CVar [[s.LevelStreamingComponentsUnregistrationGranularity:5]]
LogConfig: Setting CVar [[s.FlushStreamingOnExit:1]]
LogInit: Object subsystem initialized
LogConfig: Setting CVar [[con.DebugEarlyDefault:1]]
LogConfig: Setting CVar [[r.setres:1280x720]]
[2020.08.19-12.42.42:706][  0]LogConfig: Setting CVar [[con.DebugEarlyDefault:1]]
[2020.08.19-12.42.42:706][  0]LogConfig: Setting CVar [[r.setres:1280x720]]
[2020.08.19-12.42.42:706][  0]LogConfig: Applying CVar settings from Section [/Script/Engine.RendererSettings] File [D:/Trent/Unity Projects/GitTest/Disaster-Artist/UnrealProject/AncientTemple/Saved/Config/Windows/Engine.ini]
[2020.08.19-12.42.42:706][  0]LogConfig: Setting CVar [[r.GPUCrashDebugging:0]]
[2020.08.19-12.42.42:707][  0]LogConfig: Applying CVar settings from Section [/Script/Engine.RendererOverrideSettings] File [D:/Trent/Unity Projects/GitTest/Disaster-Artist/UnrealProject/AncientTemple/Saved/Config/Windows/Engine.ini]
[2020.08.19-12.42.42:707][  0]LogConfig: Applying CVar settings from Section [/Script/Engine.StreamingSettings] File [D:/Trent/Unity Projects/GitTest/Disaster-Artist/UnrealProject/AncientTemple/Saved/Config/Windows/Engine.ini]
[2020.08.19-12.42.42:707][  0]LogConfig: Setting CVar [[s.MinBulkDataSizeForAsyncLoading:131072]]
[2020.08.19-12.42.42:707][  0]LogConfig: Setting CVar [[s.AsyncLoadingThreadEnabled:0]]
[2020.08.19-12.42.42:707][  0]LogConfig: Setting CVar [[s.EventDrivenLoaderEnabled:1]]
[2020.08.19-12.42.42:707][  0]LogConfig: Setting CVar [[s.WarnIfTimeLimitExceeded:0]]
[2020.08.19-12.42.42:707][  0]LogConfig: Setting CVar [[s.TimeLimitExceededMultiplier:1.5]]
[2020.08.19-12.42.42:707][  0]LogConfig: Setting CVar [[s.TimeLimitExceededMinTime:0.005]]
[2020.08.19-12.42.42:707][  0]LogConfig: Setting CVar [[s.UseBackgroundLevelStreaming:1]]
[2020.08.19-12.42.42:707][  0]LogConfig: Setting CVar [[s.PriorityAsyncLoadingExtraTime:15.0]]
[2020.08.19-12.42.42:707][  0]LogConfig: Setting CVar [[s.LevelStreamingActorsUpdateTimeLimit:5.0]]
[2020.08.19-12.42.42:707][  0]LogConfig: Setting CVar [[s.PriorityLevelStreamingActorsUpdateExtraTime:5.0]]
[2020.08.19-12.42.42:707][  0]LogConfig: Setting CVar [[s.LevelStreamingComponentsRegistrationGranularity:10]]
[2020.08.19-12.42.42:707][  0]LogConfig: Setting CVar [[s.UnregisterComponentsTimeLimit:1.0]]
[2020.08.19-12.42.42:707][  0]LogConfig: Setting CVar [[s.LevelStreamingComponentsUnregistrationGranularity:5]]
[2020.08.19-12.42.42:707][  0]LogConfig: Setting CVar [[s.FlushStreamingOnExit:1]]
[2020.08.19-12.42.42:707][  0]LogConfig: Applying CVar settings from Section [/Script/Engine.GarbageCollectionSettings] File [D:/Trent/Unity Projects/GitTest/Disaster-Artist/UnrealProject/AncientTemple/Saved/Config/Windows/Engine.ini]
[2020.08.19-12.42.42:707][  0]LogConfig: Setting CVar [[gc.MaxObjectsNotConsideredByGC:1]]
[2020.08.19-12.42.42:707][  0]LogConfig: Setting CVar [[gc.SizeOfPermanentObjectPool:0]]
[2020.08.19-12.42.42:707][  0]LogConfig: Setting CVar [[gc.FlushStreamingOnGC:0]]
[2020.08.19-12.42.42:707][  0]LogConfig: Setting CVar [[gc.NumRetriesBeforeForcingGC:10]]
[2020.08.19-12.42.42:707][  0]LogConfig: Setting CVar [[gc.AllowParallelGC:1]]
[2020.08.19-12.42.42:707][  0]LogConfig: Setting CVar [[gc.TimeBetweenPurgingPendingKillObjects:61.1]]
[2020.08.19-12.42.42:707][  0]LogConfig: Setting CVar [[gc.MaxObjectsInEditor:25165824]]
[2020.08.19-12.42.42:707][  0]LogConfig: Setting CVar [[gc.IncrementalBeginDestroyEnabled:1]]
[2020.08.19-12.42.42:707][  0]LogConfig: Setting CVar [[gc.CreateGCClusters:1]]
[2020.08.19-12.42.42:707][  0]LogConfig: Setting CVar [[gc.MinGCClusterSize:5]]
[2020.08.19-12.42.42:707][  0]LogConfig: Setting CVar [[gc.ActorClusteringEnabled:0]]
[2020.08.19-12.42.42:707][  0]LogConfig: Setting CVar [[gc.BlueprintClusteringEnabled:0]]
[2020.08.19-12.42.42:707][  0]LogConfig: Setting CVar [[gc.UseDisregardForGCOnDedicatedServers:0]]
[2020.08.19-12.42.42:707][  0]LogConfig: Applying CVar settings from Section [/Script/Engine.NetworkSettings] File [D:/Trent/Unity Projects/GitTest/Disaster-Artist/UnrealProject/AncientTemple/Saved/Config/Windows/Engine.ini]
[2020.08.19-12.42.42:707][  0]LogConfig: Applying CVar settings from Section [/Script/UnrealEd.CookerSettings] File [D:/Trent/Unity Projects/GitTest/Disaster-Artist/UnrealProject/AncientTemple/Saved/Config/Windows/Engine.ini]
[2020.08.19-12.42.42:712][  0]LogConfig: Applying CVar settings from Section [ViewDistanceQuality@3] File [D:/Trent/Unity Projects/GitTest/Disaster-Artist/UnrealProject/AncientTemple/Saved/Config/Windows/Scalability.ini]
[2020.08.19-12.42.42:712][  0]LogConfig: Setting CVar [[r.SkeletalMeshLODBias:0]]
[2020.08.19-12.42.42:712][  0]LogConfig: Setting CVar [[r.ViewDistanceScale:1.0]]
[2020.08.19-12.42.42:712][  0]LogConfig: Applying CVar settings from Section [AntiAliasingQuality@3] File [D:/Trent/Unity Projects/GitTest/Disaster-Artist/UnrealProject/AncientTemple/Saved/Config/Windows/Scalability.ini]
[2020.08.19-12.42.42:712][  0]LogConfig: Setting CVar [[r.PostProcessAAQuality:4]]
[2020.08.19-12.42.42:712][  0]LogConfig: Applying CVar settings from Section [ShadowQuality@3] File [D:/Trent/Unity Projects/GitTest/Disaster-Artist/UnrealProject/AncientTemple/Saved/Config/Windows/Scalability.ini]
[2020.08.19-12.42.42:712][  0]LogConfig: Setting CVar [[r.LightFunctionQuality:1]]
[2020.08.19-12.42.42:712][  0]LogConfig: Setting CVar [[r.ShadowQuality:5]]
[2020.08.19-12.42.42:712][  0]LogConfig: Setting CVar [[r.Shadow.CSM.MaxCascades:10]]
[2020.08.19-12.42.42:712][  0]LogConfig: Setting CVar [[r.Shadow.MaxResolution:2048]]
[2020.08.19-12.42.42:712][  0]LogConfig: Setting CVar [[r.Shadow.MaxCSMResolution:2048]]
[2020.08.19-12.42.42:712][  0]LogConfig: Setting CVar [[r.Shadow.RadiusThreshold:0.01]]
[2020.08.19-12.42.42:712][  0]LogConfig: Setting CVar [[r.Shadow.DistanceScale:1.0]]
[2020.08.19-12.42.42:712][  0]LogConfig: Setting CVar [[r.Shadow.CSM.TransitionScale:1.0]]
[2020.08.19-12.42.42:712][  0]LogConfig: Setting CVar [[r.Shadow.PreShadowResolutionFactor:1.0]]
[2020.08.19-12.42.42:712][  0]LogConfig: Setting CVar [[r.DistanceFieldShadowing:1]]
[2020.08.19-12.42.42:712][  0]LogConfig: Setting CVar [[r.DistanceFieldAO:1]]
[2020.08.19-12.42.42:712][  0]LogConfig: Setting CVar [[r.AOQuality:2]]
[2020.08.19-12.42.42:712][  0]LogConfig: Setting CVar [[r.VolumetricFog:1]]
[2020.08.19-12.42.42:712][  0]LogConfig: Setting CVar [[r.VolumetricFog.GridPixelSize:8]]
[2020.08.19-12.42.42:712][  0]LogConfig: Setting CVar [[r.VolumetricFog.GridSizeZ:128]]
[2020.08.19-12.42.42:712][  0]LogConfig: Setting CVar [[r.VolumetricFog.HistoryMissSupersampleCount:4]]
[2020.08.19-12.42.42:712][  0]LogConfig: Setting CVar [[r.LightMaxDrawDistanceScale:1]]
[2020.08.19-12.42.42:712][  0]LogConfig: Setting CVar [[r.CapsuleShadows:1]]
[2020.08.19-12.42.42:712][  0]LogConfig: Applying CVar settings from Section [PostProcessQuality@3] File [D:/Trent/Unity Projects/GitTest/Disaster-Artist/UnrealProject/AncientTemple/Saved/Config/Windows/Scalability.ini]
[2020.08.19-12.42.42:712][  0]LogConfig: Setting CVar [[r.MotionBlurQuality:4]]
[2020.08.19-12.42.42:712][  0]LogConfig: Setting CVar [[r.AmbientOcclusionMipLevelFactor:0.4]]
[2020.08.19-12.42.42:712][  0]LogConfig: Setting CVar [[r.AmbientOcclusionMaxQuality:100]]
[2020.08.19-12.42.42:712][  0]LogConfig: Setting CVar [[r.AmbientOcclusionLevels:-1]]
[2020.08.19-12.42.42:712][  0]LogConfig: Setting CVar [[r.AmbientOcclusionRadiusScale:1.0]]
[2020.08.19-12.42.42:712][  0]LogConfig: Setting CVar [[r.DepthOfFieldQuality:2]]
[2020.08.19-12.42.42:712][  0]LogConfig: Setting CVar [[r.RenderTargetPoolMin:400]]
[2020.08.19-12.42.42:712][  0]LogConfig: Setting CVar [[r.LensFlareQuality:2]]
[2020.08.19-12.42.42:712][  0]LogConfig: Setting CVar [[r.SceneColorFringeQuality:1]]
[2020.08.19-12.42.42:712][  0]LogConfig: Setting CVar [[r.EyeAdaptationQuality:2]]
[2020.08.19-12.42.42:712][  0]LogConfig: Setting CVar [[r.BloomQuality:5]]
[2020.08.19-12.42.42:712][  0]LogConfig: Setting CVar [[r.FastBlurThreshold:100]]
[2020.08.19-12.42.42:712][  0]LogConfig: Setting CVar [[r.Upscale.Quality:3]]
[2020.08.19-12.42.42:712][  0]LogConfig: Setting CVar [[r.Tonemapper.GrainQuantization:1]]
[2020.08.19-12.42.42:712][  0]LogConfig: Setting CVar [[r.LightShaftQuality:1]]
[2020.08.19-12.42.42:712][  0]LogConfig: Setting CVar [[r.Filter.SizeScale:1]]
[2020.08.19-12.42.42:712][  0]LogConfig: Setting CVar [[r.Tonemapper.Quality:5]]
[2020.08.19-12.42.42:712][  0]LogConfig: Setting CVar [[r.DOF.Gather.AccumulatorQuality:1        ; higher gathering accumulator quality]]
[2020.08.19-12.42.42:712][  0]LogConfig: Setting CVar [[r.DOF.Gather.PostfilterMethod:1          ; Median3x3 postfilering method]]
[2020.08.19-12.42.42:712][  0]LogConfig: Setting CVar [[r.DOF.Gather.EnableBokehSettings:0       ; no bokeh simulation when gathering]]
[2020.08.19-12.42.42:712][  0]LogConfig: Setting CVar [[r.DOF.Gather.RingCount:4                 ; medium number of samples when gathering]]
[2020.08.19-12.42.42:712][  0]LogConfig: Setting CVar [[r.DOF.Scatter.ForegroundCompositing:1    ; additive foreground scattering]]
[2020.08.19-12.42.42:712][  0]LogConfig: Setting CVar [[r.DOF.Scatter.BackgroundCompositing:2    ; additive background scattering]]
[2020.08.19-12.42.42:712][  0]LogConfig: Setting CVar [[r.DOF.Scatter.EnableBokehSettings:1      ; bokeh simulation when scattering]]
[2020.08.19-12.42.42:712][  0]LogConfig: Setting CVar [[r.DOF.Scatter.MaxSpriteRatio:0.1         ; only a maximum of 10% of scattered bokeh]]
[2020.08.19-12.42.42:712][  0]LogConfig: Setting CVar [[r.DOF.Recombine.Quality:1                ; cheap slight out of focus]]
[2020.08.19-12.42.42:712][  0]LogConfig: Setting CVar [[r.DOF.Recombine.EnableBokehSettings:0    ; no bokeh simulation on slight out of focus]]
[2020.08.19-12.42.42:712][  0]LogConfig: Setting CVar [[r.DOF.TemporalAAQuality:1                ; more stable temporal accumulation]]
[2020.08.19-12.42.42:712][  0]LogConfig: Setting CVar [[r.DOF.Kernel.MaxForegroundRadius:0.025]]
[2020.08.19-12.42.42:712][  0]LogConfig: Setting CVar [[r.DOF.Kernel.MaxBackgroundRadius:0.025]]
[2020.08.19-12.42.42:712][  0]LogConfig: Applying CVar settings from Section [TextureQuality@3] File [D:/Trent/Unity Projects/GitTest/Disaster-Artist/UnrealProject/AncientTemple/Saved/Config/Windows/Scalability.ini]
[2020.08.19-12.42.42:712][  0]LogConfig: Setting CVar [[r.Streaming.MipBias:0]]
[2020.08.19-12.42.42:712][  0]LogConfig: Setting CVar [[r.Streaming.AmortizeCPUToGPUCopy:0]]
[2020.08.19-12.42.42:712][  0]LogConfig: Setting CVar [[r.Streaming.MaxNumTexturesToStreamPerFrame:0]]
[2020.08.19-12.42.42:712][  0]LogConfig: Setting CVar [[r.Streaming.Boost:1]]
[2020.08.19-12.42.42:712][  0]LogConfig: Setting CVar [[r.MaxAnisotropy:8]]
[2020.08.19-12.42.42:712][  0]LogConfig: Setting CVar [[r.VT.MaxAnisotropy:8]]
[2020.08.19-12.42.42:712][  0]LogConfig: Setting CVar [[r.Streaming.LimitPoolSizeToVRAM:0]]
[2020.08.19-12.42.42:712][  0]LogConfig: Setting CVar [[r.Streaming.PoolSize:1000]]
[2020.08.19-12.42.42:712][  0]LogConfig: Setting CVar [[r.Streaming.MaxEffectiveScreenSize:0]]
[2020.08.19-12.42.42:712][  0]LogConfig: Applying CVar settings from Section [EffectsQuality@3] File [D:/Trent/Unity Projects/GitTest/Disaster-Artist/UnrealProject/AncientTemple/Saved/Config/Windows/Scalability.ini]
[2020.08.19-12.42.42:712][  0]LogConfig: Setting CVar [[r.TranslucencyLightingVolumeDim:64]]
[2020.08.19-12.42.42:712][  0]LogConfig: Setting CVar [[r.RefractionQuality:2]]
[2020.08.19-12.42.42:712][  0]LogConfig: Setting CVar [[r.SSR.Quality:3]]
[2020.08.19-12.42.42:712][  0]LogConfig: Setting CVar [[r.SSR.HalfResSceneColor:0]]
[2020.08.19-12.42.42:712][  0]LogConfig: Setting CVar [[r.SceneColorFormat:4]]
[2020.08.19-12.42.42:712][  0]LogConfig: Setting CVar [[r.DetailMode:2]]
[2020.08.19-12.42.42:712][  0]LogConfig: Setting CVar [[r.TranslucencyVolumeBlur:1]]
[2020.08.19-12.42.42:712][  0]LogConfig: Setting CVar [[r.MaterialQualityLevel:1 ; High quality]]
[2020.08.19-12.42.42:712][  0]LogConfig: Setting CVar [[r.SSS.Scale:1]]
[2020.08.19-12.42.42:712][  0]LogConfig: Setting CVar [[r.SSS.SampleSet:2]]
[2020.08.19-12.42.42:712][  0]LogConfig: Setting CVar [[r.SSS.Quality:1]]
[2020.08.19-12.42.42:713][  0]LogConfig: Setting CVar [[r.SSS.HalfRes:0]]
[2020.08.19-12.42.42:713][  0]LogConfig: Setting CVar [[r.SSGI.Quality:3]]
[2020.08.19-12.42.42:713][  0]LogConfig: Setting CVar [[r.EmitterSpawnRateScale:1.0]]
[2020.08.19-12.42.42:713][  0]LogConfig: Setting CVar [[r.ParticleLightQuality:2]]
[2020.08.19-12.42.42:713][  0]LogConfig: Setting CVar [[r.SkyAtmosphere.AerialPerspectiveLUT.FastApplyOnOpaque:1 ; Always have FastSkyLUT 1 in this case to avoid wrong sky]]
[2020.08.19-12.42.42:713][  0]LogConfig: Setting CVar [[r.SkyAtmosphere.AerialPerspectiveLUT.SampleCountPerSlice:1]]
[2020.08.19-12.42.42:713][  0]LogConfig: Setting CVar [[r.SkyAtmosphere.AerialPerspectiveLUT.DepthResolution:16.0]]
[2020.08.19-12.42.42:713][  0]LogConfig: Setting CVar [[r.SkyAtmosphere.FastSkyLUT:1]]
[2020.08.19-12.42.42:713][  0]LogConfig: Setting CVar [[r.SkyAtmosphere.FastSkyLUT.SampleCountMin:4.0]]
[2020.08.19-12.42.42:713][  0]LogConfig: Setting CVar [[r.SkyAtmosphere.FastSkyLUT.SampleCountMax:32.0]]
[2020.08.19-12.42.42:713][  0]LogConfig: Setting CVar [[r.SkyAtmosphere.SampleCountMin:4.0]]
[2020.08.19-12.42.42:713][  0]LogConfig: Setting CVar [[r.SkyAtmosphere.SampleCountMax:32.0]]
[2020.08.19-12.42.42:713][  0]LogConfig: Setting CVar [[r.SkyAtmosphere.TransmittanceLUT.UseSmallFormat:0]]
[2020.08.19-12.42.42:713][  0]LogConfig: Setting CVar [[r.SkyAtmosphere.TransmittanceLUT.SampleCount:10.0]]
[2020.08.19-12.42.42:713][  0]LogConfig: Setting CVar [[r.SkyAtmosphere.MultiScatteringLUT.SampleCount:15.0]]
[2020.08.19-12.42.42:713][  0]LogConfig: Applying CVar settings from Section [FoliageQuality@3] File [D:/Trent/Unity Projects/GitTest/Disaster-Artist/UnrealProject/AncientTemple/Saved/Config/Windows/Scalability.ini]
[2020.08.19-12.42.42:713][  0]LogConfig: Setting CVar [[foliage.DensityScale:1.0]]
[2020.08.19-12.42.42:713][  0]LogConfig: Setting CVar [[grass.DensityScale:1.0]]
[2020.08.19-12.42.42:713][  0]LogConfig: Applying CVar settings from Section [ShadingQuality@3] File [D:/Trent/Unity Projects/GitTest/Disaster-Artist/UnrealProject/AncientTemple/Saved/Config/Windows/Scalability.ini]
[2020.08.19-12.42.42:713][  0]LogConfig: Setting CVar [[r.HairStrands.SkyLighting.SampleCount:16]]
[2020.08.19-12.42.42:713][  0]LogConfig: Setting CVar [[r.HairStrands.SkyLighting.JitterIntegration:0]]
[2020.08.19-12.42.42:713][  0]LogConfig: Setting CVar [[r.HairStrands.SkyAO.SampleCount:16]]
[2020.08.19-12.42.42:713][  0]LogConfig: Setting CVar [[r.HairStrands.DeepShadow.SuperSampling:0]]
[2020.08.19-12.42.42:713][  0]LogConfig: Setting CVar [[r.HairStrands.VisibilityPPLL:0]]
[2020.08.19-12.42.42:713][  0]LogConfig: Setting CVar [[r.HairStrands.RasterizationScale:0.5]]
[2020.08.19-12.42.42:713][  0]LogConfig: Setting CVar [[r.HairStrands.VelocityRasterizationScale:1]]
[2020.08.19-12.42.42:713][  0]LogInit: Selected Device Profile: [Windows]
[2020.08.19-12.42.42:713][  0]LogInit: Applying CVar settings loaded from the selected device profile: [Windows]
[2020.08.19-12.42.42:713][  0]LogHAL: Display: Platform has ~ 16 GB [17126612992 / 17179869184 / 16], which maps to Larger [LargestMinGB=32, LargerMinGB=12, DefaultMinGB=8, SmallerMinGB=6, SmallestMinGB=0)
[2020.08.19-12.42.42:713][  0]LogInit: Going up to parent DeviceProfile []
[2020.08.19-12.42.42:713][  0]LogConfig: Applying CVar settings from Section [ViewDistanceQuality@3] File [D:/Trent/Unity Projects/GitTest/Disaster-Artist/UnrealProject/AncientTemple/Saved/Config/Windows/Scalability.ini]
[2020.08.19-12.42.42:713][  0]LogConfig: Setting CVar [[r.SkeletalMeshLODBias:0]]
[2020.08.19-12.42.42:713][  0]LogConfig: Setting CVar [[r.ViewDistanceScale:1.0]]
[2020.08.19-12.42.42:713][  0]LogConfig: Applying CVar settings from Section [AntiAliasingQuality@3] File [D:/Trent/Unity Projects/GitTest/Disaster-Artist/UnrealProject/AncientTemple/Saved/Config/Windows/Scalability.ini]
[2020.08.19-12.42.42:714][  0]LogConfig: Setting CVar [[r.PostProcessAAQuality:4]]
[2020.08.19-12.42.42:714][  0]LogConfig: Applying CVar settings from Section [ShadowQuality@3] File [D:/Trent/Unity Projects/GitTest/Disaster-Artist/UnrealProject/AncientTemple/Saved/Config/Windows/Scalability.ini]
[2020.08.19-12.42.42:714][  0]LogConfig: Setting CVar [[r.LightFunctionQuality:1]]
[2020.08.19-12.42.42:714][  0]LogConfig: Setting CVar [[r.ShadowQuality:5]]
[2020.08.19-12.42.42:714][  0]LogConfig: Setting CVar [[r.Shadow.CSM.MaxCascades:10]]
[2020.08.19-12.42.42:714][  0]LogConfig: Setting CVar [[r.Shadow.MaxResolution:2048]]
[2020.08.19-12.42.42:714][  0]LogConfig: Setting CVar [[r.Shadow.MaxCSMResolution:2048]]
[2020.08.19-12.42.42:714][  0]LogConfig: Setting CVar [[r.Shadow.RadiusThreshold:0.01]]
[2020.08.19-12.42.42:714][  0]LogConfig: Setting CVar [[r.Shadow.DistanceScale:1.0]]
[2020.08.19-12.42.42:714][  0]LogConfig: Setting CVar [[r.Shadow.CSM.TransitionScale:1.0]]
[2020.08.19-12.42.42:714][  0]LogConfig: Setting CVar [[r.Shadow.PreShadowResolutionFactor:1.0]]
[2020.08.19-12.42.42:714][  0]LogConfig: Setting CVar [[r.DistanceFieldShadowing:1]]
[2020.08.19-12.42.42:714][  0]LogConfig: Setting CVar [[r.DistanceFieldAO:1]]
[2020.08.19-12.42.42:714][  0]LogConfig: Setting CVar [[r.AOQuality:2]]
[2020.08.19-12.42.42:714][  0]LogConfig: Setting CVar [[r.VolumetricFog:1]]
[2020.08.19-12.42.42:714][  0]LogConfig: Setting CVar [[r.VolumetricFog.GridPixelSize:8]]
[2020.08.19-12.42.42:714][  0]LogConfig: Setting CVar [[r.VolumetricFog.GridSizeZ:128]]
[2020.08.19-12.42.42:714][  0]LogConfig: Setting CVar [[r.VolumetricFog.HistoryMissSupersampleCount:4]]
[2020.08.19-12.42.42:714][  0]LogConfig: Setting CVar [[r.LightMaxDrawDistanceScale:1]]
[2020.08.19-12.42.42:714][  0]LogConfig: Setting CVar [[r.CapsuleShadows:1]]
[2020.08.19-12.42.42:714][  0]LogConfig: Applying CVar settings from Section [PostProcessQuality@3] File [D:/Trent/Unity Projects/GitTest/Disaster-Artist/UnrealProject/AncientTemple/Saved/Config/Windows/Scalability.ini]
[2020.08.19-12.42.42:714][  0]LogConfig: Setting CVar [[r.MotionBlurQuality:4]]
[2020.08.19-12.42.42:714][  0]LogConfig: Setting CVar [[r.AmbientOcclusionMipLevelFactor:0.4]]
[2020.08.19-12.42.42:714][  0]LogConfig: Setting CVar [[r.AmbientOcclusionMaxQuality:100]]
[2020.08.19-12.42.42:714][  0]LogConfig: Setting CVar [[r.AmbientOcclusionLevels:-1]]
[2020.08.19-12.42.42:714][  0]LogConfig: Setting CVar [[r.AmbientOcclusionRadiusScale:1.0]]
[2020.08.19-12.42.42:714][  0]LogConfig: Setting CVar [[r.DepthOfFieldQuality:2]]
[2020.08.19-12.42.42:714][  0]LogConfig: Setting CVar [[r.RenderTargetPoolMin:400]]
[2020.08.19-12.42.42:714][  0]LogConfig: Setting CVar [[r.LensFlareQuality:2]]
[2020.08.19-12.42.42:714][  0]LogConfig: Setting CVar [[r.SceneColorFringeQuality:1]]
[2020.08.19-12.42.42:714][  0]LogConfig: Setting CVar [[r.EyeAdaptationQuality:2]]
[2020.08.19-12.42.42:714][  0]LogConfig: Setting CVar [[r.BloomQuality:5]]
[2020.08.19-12.42.42:714][  0]LogConfig: Setting CVar [[r.FastBlurThreshold:100]]
[2020.08.19-12.42.42:714][  0]LogConfig: Setting CVar [[r.Upscale.Quality:3]]
[2020.08.19-12.42.42:714][  0]LogConfig: Setting CVar [[r.Tonemapper.GrainQuantization:1]]
[2020.08.19-12.42.42:714][  0]LogConfig: Setting CVar [[r.LightShaftQuality:1]]
[2020.08.19-12.42.42:714][  0]LogConfig: Setting CVar [[r.Filter.SizeScale:1]]
[2020.08.19-12.42.42:714][  0]LogConfig: Setting CVar [[r.Tonemapper.Quality:5]]
[2020.08.19-12.42.42:714][  0]LogConfig: Setting CVar [[r.DOF.Gather.AccumulatorQuality:1        ; higher gathering accumulator quality]]
[2020.08.19-12.42.42:714][  0]LogConfig: Setting CVar [[r.DOF.Gather.PostfilterMethod:1          ; Median3x3 postfilering method]]
[2020.08.19-12.42.42:714][  0]LogConfig: Setting CVar [[r.DOF.Gather.EnableBokehSettings:0       ; no bokeh simulation when gathering]]
[2020.08.19-12.42.42:714][  0]LogConfig: Setting CVar [[r.DOF.Gather.RingCount:4                 ; medium number of samples when gathering]]
[2020.08.19-12.42.42:714][  0]LogConfig: Setting CVar [[r.DOF.Scatter.ForegroundCompositing:1    ; additive foreground scattering]]
[2020.08.19-12.42.42:714][  0]LogConfig: Setting CVar [[r.DOF.Scatter.BackgroundCompositing:2    ; additive background scattering]]
[2020.08.19-12.42.42:714][  0]LogConfig: Setting CVar [[r.DOF.Scatter.EnableBokehSettings:1      ; bokeh simulation when scattering]]
[2020.08.19-12.42.42:714][  0]LogConfig: Setting CVar [[r.DOF.Scatter.MaxSpriteRatio:0.1         ; only a maximum of 10% of scattered bokeh]]
[2020.08.19-12.42.42:714][  0]LogConfig: Setting CVar [[r.DOF.Recombine.Quality:1                ; cheap slight out of focus]]
[2020.08.19-12.42.42:714][  0]LogConfig: Setting CVar [[r.DOF.Recombine.EnableBokehSettings:0    ; no bokeh simulation on slight out of focus]]
[2020.08.19-12.42.42:714][  0]LogConfig: Setting CVar [[r.DOF.TemporalAAQuality:1                ; more stable temporal accumulation]]
[2020.08.19-12.42.42:714][  0]LogConfig: Setting CVar [[r.DOF.Kernel.MaxForegroundRadius:0.025]]
[2020.08.19-12.42.42:714][  0]LogConfig: Setting CVar [[r.DOF.Kernel.MaxBackgroundRadius:0.025]]
[2020.08.19-12.42.42:714][  0]LogConfig: Applying CVar settings from Section [TextureQuality@3] File [D:/Trent/Unity Projects/GitTest/Disaster-Artist/UnrealProject/AncientTemple/Saved/Config/Windows/Scalability.ini]
[2020.08.19-12.42.42:714][  0]LogConfig: Setting CVar [[r.Streaming.MipBias:0]]
[2020.08.19-12.42.42:714][  0]LogConfig: Setting CVar [[r.Streaming.AmortizeCPUToGPUCopy:0]]
[2020.08.19-12.42.42:714][  0]LogConfig: Setting CVar [[r.Streaming.MaxNumTexturesToStreamPerFrame:0]]
[2020.08.19-12.42.42:714][  0]LogConfig: Setting CVar [[r.Streaming.Boost:1]]
[2020.08.19-12.42.42:714][  0]LogConfig: Setting CVar [[r.MaxAnisotropy:8]]
[2020.08.19-12.42.42:714][  0]LogConfig: Setting CVar [[r.VT.MaxAnisotropy:8]]
[2020.08.19-12.42.42:714][  0]LogConfig: Setting CVar [[r.Streaming.LimitPoolSizeToVRAM:0]]
[2020.08.19-12.42.42:714][  0]LogConfig: Setting CVar [[r.Streaming.PoolSize:1000]]
[2020.08.19-12.42.42:714][  0]LogConfig: Setting CVar [[r.Streaming.MaxEffectiveScreenSize:0]]
[2020.08.19-12.42.42:714][  0]LogConfig: Applying CVar settings from Section [EffectsQuality@3] File [D:/Trent/Unity Projects/GitTest/Disaster-Artist/UnrealProject/AncientTemple/Saved/Config/Windows/Scalability.ini]
[2020.08.19-12.42.42:714][  0]LogConfig: Setting CVar [[r.TranslucencyLightingVolumeDim:64]]
[2020.08.19-12.42.42:714][  0]LogConfig: Setting CVar [[r.RefractionQuality:2]]
[2020.08.19-12.42.42:714][  0]LogConfig: Setting CVar [[r.SSR.Quality:3]]
[2020.08.19-12.42.42:714][  0]LogConfig: Setting CVar [[r.SSR.HalfResSceneColor:0]]
[2020.08.19-12.42.42:714][  0]LogConfig: Setting CVar [[r.SceneColorFormat:4]]
[2020.08.19-12.42.42:714][  0]LogConfig: Setting CVar [[r.DetailMode:2]]
[2020.08.19-12.42.42:714][  0]LogConfig: Setting CVar [[r.TranslucencyVolumeBlur:1]]
[2020.08.19-12.42.42:714][  0]LogConfig: Setting CVar [[r.MaterialQualityLevel:1 ; High quality]]
[2020.08.19-12.42.42:714][  0]LogConfig: Setting CVar [[r.SSS.Scale:1]]
[2020.08.19-12.42.42:714][  0]LogConfig: Setting CVar [[r.SSS.SampleSet:2]]
[2020.08.19-12.42.42:714][  0]LogConfig: Setting CVar [[r.SSS.Quality:1]]
[2020.08.19-12.42.42:714][  0]LogConfig: Setting CVar [[r.SSS.HalfRes:0]]
[2020.08.19-12.42.42:714][  0]LogConfig: Setting CVar [[r.SSGI.Quality:3]]
[2020.08.19-12.42.42:714][  0]LogConfig: Setting CVar [[r.EmitterSpawnRateScale:1.0]]
[2020.08.19-12.42.42:714][  0]LogConfig: Setting CVar [[r.ParticleLightQuality:2]]
[2020.08.19-12.42.42:714][  0]LogConfig: Setting CVar [[r.SkyAtmosphere.AerialPerspectiveLUT.FastApplyOnOpaque:1 ; Always have FastSkyLUT 1 in this case to avoid wrong sky]]
[2020.08.19-12.42.42:714][  0]LogConfig: Setting CVar [[r.SkyAtmosphere.AerialPerspectiveLUT.SampleCountPerSlice:1]]
[2020.08.19-12.42.42:714][  0]LogConfig: Setting CVar [[r.SkyAtmosphere.AerialPerspectiveLUT.DepthResolution:16.0]]
[2020.08.19-12.42.42:714][  0]LogConfig: Setting CVar [[r.SkyAtmosphere.FastSkyLUT:1]]
[2020.08.19-12.42.42:714][  0]LogConfig: Setting CVar [[r.SkyAtmosphere.FastSkyLUT.SampleCountMin:4.0]]
[2020.08.19-12.42.42:714][  0]LogConfig: Setting CVar [[r.SkyAtmosphere.FastSkyLUT.SampleCountMax:32.0]]
[2020.08.19-12.42.42:714][  0]LogConfig: Setting CVar [[r.SkyAtmosphere.SampleCountMin:4.0]]
[2020.08.19-12.42.42:714][  0]LogConfig: Setting CVar [[r.SkyAtmosphere.SampleCountMax:32.0]]
[2020.08.19-12.42.42:714][  0]LogConfig: Setting CVar [[r.SkyAtmosphere.TransmittanceLUT.UseSmallFormat:0]]
[2020.08.19-12.42.42:714][  0]LogConfig: Setting CVar [[r.SkyAtmosphere.TransmittanceLUT.SampleCount:10.0]]
[2020.08.19-12.42.42:714][  0]LogConfig: Setting CVar [[r.SkyAtmosphere.MultiScatteringLUT.SampleCount:15.0]]
[2020.08.19-12.42.42:714][  0]LogConfig: Applying CVar settings from Section [FoliageQuality@3] File [D:/Trent/Unity Projects/GitTest/Disaster-Artist/UnrealProject/AncientTemple/Saved/Config/Windows/Scalability.ini]
[2020.08.19-12.42.42:714][  0]LogConfig: Setting CVar [[foliage.DensityScale:1.0]]
[2020.08.19-12.42.42:714][  0]LogConfig: Setting CVar [[grass.DensityScale:1.0]]
[2020.08.19-12.42.42:714][  0]LogConfig: Applying CVar settings from Section [ShadingQuality@3] File [D:/Trent/Unity Projects/GitTest/Disaster-Artist/UnrealProject/AncientTemple/Saved/Config/Windows/Scalability.ini]
[2020.08.19-12.42.42:714][  0]LogConfig: Setting CVar [[r.HairStrands.SkyLighting.SampleCount:16]]
[2020.08.19-12.42.42:714][  0]LogConfig: Setting CVar [[r.HairStrands.SkyLighting.JitterIntegration:0]]
[2020.08.19-12.42.42:714][  0]LogConfig: Setting CVar [[r.HairStrands.SkyAO.SampleCount:16]]
[2020.08.19-12.42.42:714][  0]LogConfig: Setting CVar [[r.HairStrands.DeepShadow.SuperSampling:0]]
[2020.08.19-12.42.42:714][  0]LogConfig: Setting CVar [[r.HairStrands.VisibilityPPLL:0]]
[2020.08.19-12.42.42:714][  0]LogConfig: Setting CVar [[r.HairStrands.RasterizationScale:0.5]]
[2020.08.19-12.42.42:714][  0]LogConfig: Setting CVar [[r.HairStrands.VelocityRasterizationScale:1]]
[2020.08.19-12.42.42:714][  0]LogConfig: Applying CVar settings from Section [Startup] File [../../../Engine/Config/ConsoleVariables.ini]
[2020.08.19-12.42.42:714][  0]LogConfig: Setting CVar [[net.UseAdaptiveNetUpdateFrequency:0]]
[2020.08.19-12.42.42:714][  0]LogConfig: Setting CVar [[p.chaos.AllowCreatePhysxBodies:1]]
[2020.08.19-12.42.42:714][  0]LogConfig: Setting CVar [[fx.SkipVectorVMBackendOptimizations:1]]
[2020.08.19-12.42.42:714][  0]LogConfig: Applying CVar settings from Section [ConsoleVariables] File [D:/Trent/Unity Projects/GitTest/Disaster-Artist/UnrealProject/AncientTemple/Saved/Config/Windows/Engine.ini]
[2020.08.19-12.42.42:715][  0]LogInit: Computer: TRENTDESKTOPPC
[2020.08.19-12.42.42:715][  0]LogInit: User: trent
[2020.08.19-12.42.42:715][  0]LogInit: CPU Page size=4096, Cores=6
[2020.08.19-12.42.42:715][  0]LogInit: High frequency timer resolution =10.000000 MHz
[2020.08.19-12.42.42:715][  0]LogMemory: Memory total: Physical=16.0GB (16GB approx)
[2020.08.19-12.42.42:715][  0]LogMemory: Platform Memory Stats for Windows
[2020.08.19-12.42.42:715][  0]LogMemory: Process Physical Memory: 119.70 MB used, 119.70 MB peak
[2020.08.19-12.42.42:715][  0]LogMemory: Process Virtual Memory: 99.23 MB used, 99.23 MB peak
[2020.08.19-12.42.42:715][  0]LogMemory: Physical Memory: 11344.16 MB used,  4989.05 MB free, 16333.21 MB total
[2020.08.19-12.42.42:715][  0]LogMemory: Virtual Memory: 5167.70 MB used,  134212560.00 MB free, 134217728.00 MB total
[2020.08.19-12.42.42:719][  0]LogWindows: WindowsPlatformFeatures enabled
[2020.08.19-12.42.42:752][  0]LogInit: Physics initialised using underlying interface: PhysX
[2020.08.19-12.42.42:752][  0]LogInit: Using OS detected language (en-US).
[2020.08.19-12.42.42:752][  0]LogInit: Using OS detected locale (en-AU).
[2020.08.19-12.42.42:756][  0]LogTextLocalizationManager: No specific localization for 'en-US' exists, so the 'en' localization will be used.
[2020.08.19-12.42.42:959][  0]LogSlate: New Slate User Created.  User Index 0, Is Virtual User: 0
[2020.08.19-12.42.42:960][  0]LogSlate: Slate User Registered.  User Index 0, Is Virtual User: 0
[2020.08.19-12.42.43:023][  0]LogHMD: Failed to initialize OpenVR with code 108
[2020.08.19-12.42.43:023][  0]LogD3D11RHI: D3D11 min allowed feature level: 11_0
[2020.08.19-12.42.43:023][  0]LogD3D11RHI: D3D11 max allowed feature level: 11_0
[2020.08.19-12.42.43:023][  0]LogD3D11RHI: D3D11 adapters:
[2020.08.19-12.42.43:090][  0]LogD3D11RHI:    0. 'NVIDIA GeForce RTX 2070 SUPER' (Feature Level 11_0)
[2020.08.19-12.42.43:090][  0]LogD3D11RHI:       8011/0/8166 MB DedicatedVideo/DedicatedSystem/SharedSystem, Outputs:2, VendorId:0x10de
[2020.08.19-12.42.43:092][  0]LogD3D11RHI:    1. 'Microsoft Basic Render Driver' (Feature Level 11_0)
[2020.08.19-12.42.43:092][  0]LogD3D11RHI:       0/0/8166 MB DedicatedVideo/DedicatedSystem/SharedSystem, Outputs:0, VendorId:0x1414
[2020.08.19-12.42.43:092][  0]LogD3D11RHI: Chosen D3D11 Adapter: 0
[2020.08.19-12.42.43:106][  0]LogD3D11RHI: Creating new Direct3DDevice
[2020.08.19-12.42.43:106][  0]LogD3D11RHI:     GPU DeviceId: 0x1e84 (for the marketing name, search the web for "GPU Device Id")
[2020.08.19-12.42.43:106][  0]LogWindows: EnumDisplayDevices:
[2020.08.19-12.42.43:106][  0]LogWindows:    0. 'NVIDIA GeForce RTX 2070 SUPER' (P:1 D:1)
[2020.08.19-12.42.43:107][  0]LogWindows:    1. 'NVIDIA GeForce RTX 2070 SUPER' (P:0 D:1)
[2020.08.19-12.42.43:107][  0]LogWindows:    2. 'NVIDIA GeForce RTX 2070 SUPER' (P:0 D:0)
[2020.08.19-12.42.43:107][  0]LogWindows:    3. 'NVIDIA GeForce RTX 2070 SUPER' (P:0 D:0)
[2020.08.19-12.42.43:107][  0]LogWindows: DebugString: FoundDriverCount:4 
[2020.08.19-12.42.43:107][  0]LogD3D11RHI:     Adapter Name: NVIDIA GeForce RTX 2070 SUPER
[2020.08.19-12.42.43:107][  0]LogD3D11RHI:   Driver Version: 445.87 (internal:26.21.14.4587, unified:445.87)
[2020.08.19-12.42.43:107][  0]LogD3D11RHI:      Driver Date: 4-3-2020
[2020.08.19-12.42.43:107][  0]LogRHI: Texture pool is 5607 MB (70% of 8011 MB)
[2020.08.19-12.42.43:162][  0]LogD3D11RHI: RHI has support for 64 bit atomics
[2020.08.19-12.42.43:163][  0]LogD3D11RHI: Async texture creation enabled
[2020.08.19-12.42.43:163][  0]LogD3D11RHI: Array index from any shader is supported
[2020.08.19-12.42.43:177][  0]LogD3D11RHI: GPU Timing Frequency: 1000.000000 (Debug: 2 1)
[2020.08.19-12.42.43:447][  0]LogTargetPlatformManager: Display: Loaded TargetPlatform 'WindowsNoEditor'
[2020.08.19-12.42.43:452][  0]LogTargetPlatformManager: Display: Loaded TargetPlatform 'Windows'
[2020.08.19-12.42.43:461][  0]LogTargetPlatformManager: Display: Loaded TargetPlatform 'WindowsClient'
[2020.08.19-12.42.43:470][  0]LogTargetPlatformManager: Display: Loaded TargetPlatform 'WindowsServer'
[2020.08.19-12.42.43:470][  0]LogTargetPlatformManager: Display: Building Assets For Windows
[2020.08.19-12.42.43:478][  0]LogAudioDebug: Display: Lib vorbis DLL was dynamically loaded.
[2020.08.19-12.42.43:544][  0]LogShaderCompilers: Guid format shader working directory is -45 characters bigger than the processId version (../../../../../../Trent/Unity Projects/GitTest/Disaster-Artist/UnrealProject/AncientTemple/Intermediate/Shaders/WorkingDirectory/36880/).
[2020.08.19-12.42.43:544][  0]LogShaderCompilers: Cleaned the shader compiler working directory 'C:/Users/trent/AppData/Local/Temp/UnrealShaderWorkingDir/6C6A37704B344E5335303D98F6E5A86A/'.
[2020.08.19-12.42.43:545][  0]LogXGEController: Cannot use XGE Controller as Incredibuild is not installed on this machine.
[2020.08.19-12.42.43:545][  0]LogShaderCompilers: Cannot use XGE Shader Compiler as Incredibuild is not installed on this machine.
[2020.08.19-12.42.43:545][  0]LogShaderCompilers: Display: Using Local Shader Compiler.
[2020.08.19-12.42.44:285][  0]LogDerivedDataCache: Display: Max Cache Size: 512 MB
[2020.08.19-12.42.44:329][  0]LogDerivedDataCache: Loaded boot cache 0.04s 76MB C:/Users/trent/AppData/Local/UnrealEngine/4.25/DerivedDataCache/Boot.ddc.
[2020.08.19-12.42.44:329][  0]LogDerivedDataCache: Display: Loaded Boot cache: C:/Users/trent/AppData/Local/UnrealEngine/4.25/DerivedDataCache/Boot.ddc
[2020.08.19-12.42.44:329][  0]LogDerivedDataCache: FDerivedDataBackendGraph:  Pak pak cache file ../../../../../../Trent/Unity Projects/GitTest/Disaster-Artist/UnrealProject/AncientTemple/DerivedDataCache/DDC.ddp not found, will not use a pak cache.
[2020.08.19-12.42.44:329][  0]LogDerivedDataCache: Unable to find inner node Pak for hierarchical cache Hierarchy.
[2020.08.19-12.42.44:329][  0]LogDerivedDataCache: FDerivedDataBackendGraph:  CompressedPak pak cache file ../../../../../../Trent/Unity Projects/GitTest/Disaster-Artist/UnrealProject/AncientTemple/DerivedDataCache/Compressed.ddp not found, will not use a pak cache.
[2020.08.19-12.42.44:329][  0]LogDerivedDataCache: Unable to find inner node CompressedPak for hierarchical cache Hierarchy.
[2020.08.19-12.42.44:342][  0]LogDerivedDataCache: Display: Pak cache opened for reading ../../../Engine/DerivedDataCache/Compressed.ddp.
[2020.08.19-12.42.44:342][  0]LogDerivedDataCache: FDerivedDataBackendGraph:  EnterprisePak pak cache file ../../../Enterprise/DerivedDataCache/Compressed.ddp not found, will not use a pak cache.
[2020.08.19-12.42.44:342][  0]LogDerivedDataCache: Unable to find inner node EnterprisePak for hierarchical cache Hierarchy.
[2020.08.19-12.42.44:343][  0]LogDerivedDataCache: Using Local data cache path C:/Users/trent/AppData/Local/UnrealEngine/Common/DerivedDataCache: Writable
[2020.08.19-12.42.44:343][  0]LogDerivedDataCache: Shared data cache path not found in *engine.ini, will not use an Shared cache.
[2020.08.19-12.42.44:343][  0]LogDerivedDataCache: Unable to find inner node Shared for hierarchical cache Hierarchy.
[2020.08.19-12.42.44:419][  0]LogSlate: Using FreeType 2.10.0
[2020.08.19-12.42.44:420][  0]LogSlate: SlateFontServices - WITH_FREETYPE: 1, WITH_HARFBUZZ: 1
[2020.08.19-12.42.44:555][  0]LogInit: Using OS detected language (en-US).
[2020.08.19-12.42.44:555][  0]LogInit: Using OS detected locale (en-AU).
[2020.08.19-12.42.44:555][  0]LogTextLocalizationManager: No localization for 'en-US' exists, so 'en' will be used for the language.
[2020.08.19-12.42.44:555][  0]LogTextLocalizationManager: No localization for 'en-AU' exists, so 'en' will be used for the locale.
[2020.08.19-12.42.44:555][  0]LogSlate: FontCache flush requested. Reason: Culture for localization was changed
[2020.08.19-12.42.44:555][  0]LogSlate: FontCache flush requested. Reason: Culture for localization was changed
[2020.08.19-12.42.44:556][  0]LogTextLocalizationManager: Compacting localization data took   0.00ms
[2020.08.19-12.42.44:560][  0]LogAssetRegistry: FAssetRegistry took 0.0022 seconds to start up
[2020.08.19-12.42.44:741][  0]LogPackageLocalizationCache: Processed 20 localized package path(s) for 1 prioritized culture(s) in 0.000779 seconds
[2020.08.19-12.42.44:794][  0]LogInit: Selected Device Profile: [Windows]
[2020.08.19-12.42.44:890][  0]LogMeshReduction: Using QuadricMeshReduction for automatic static mesh reduction
[2020.08.19-12.42.44:890][  0]LogMeshReduction: Using SimplygonMeshReduction for automatic skeletal mesh reduction
[2020.08.19-12.42.44:890][  0]LogMeshReduction: Using ProxyLODMeshReduction for automatic mesh merging
[2020.08.19-12.42.44:890][  0]LogMeshReduction: No distributed automatic mesh merging module available
[2020.08.19-12.42.44:890][  0]LogMeshMerging: No distributed automatic mesh merging module available
[2020.08.19-12.42.44:904][  0]LogNetVersion: AncientTemple 1.0.0, NetCL: 13144385, EngineNetVer: 14, GameNetVer: 0 (Checksum: 258372913)
[2020.08.19-12.42.45:132][  0]LogAISub: UAISubsystem::UAISubsystem AISubsystem (000002807888F5C0), frame # 0
[2020.08.19-12.42.45:132][  0]LogAISub: UAISubsystem::UAISubsystem AIPerceptionSystem (000002807887B9C0), frame # 0
[2020.08.19-12.42.45:133][  0]LogAISub: UAISubsystem::UAISubsystem EnvQueryManager (00000280788EDC00), frame # 0
[2020.08.19-12.42.45:313][  0]LogMoviePlayer: Initializing movie player
[2020.08.19-12.42.45:488][  0]LogSubstanceCoreModule: Substance [CPU] Engine Loaded, Max Texture Size = 2048
[2020.08.19-12.42.45:496][  0]LogTcpMessaging: Initializing TcpMessaging bridge
[2020.08.19-12.42.45:500][  0]LogUdpMessaging: Initializing bridge on interface 0.0.0.0:0 to multicast group 230.0.0.1:6666.
[2020.08.19-12.42.45:569][  0]SourceControl: Source control is disabled
[2020.08.19-12.42.45:569][  0]SourceControl: Source control is disabled
[2020.08.19-12.42.45:575][  0]SourceControl: Source control is disabled
[2020.08.19-12.42.45:784][  0]LogAndroidPermission: UAndroidPermissionCallbackProxy::GetInstance
[2020.08.19-12.42.45:801][  0]LogAudioCaptureCore: Display: No Audio Capture implementations found. Audio input will be silent.
[2020.08.19-12.42.45:801][  0]LogAudioCaptureCore: Display: No Audio Capture implementations found. Audio input will be silent.
[2020.08.19-12.42.45:848][  0]LogOcInput: OculusInput pre-init called
[2020.08.19-12.42.45:862][  0]LogUObjectArray: 19183 objects as part of root set at end of initial load.
[2020.08.19-12.42.45:862][  0]LogUObjectAllocator: 5053312 out of 0 bytes used by permanent object pool.
[2020.08.19-12.42.45:862][  0]LogUObjectArray: CloseDisregardForGC: 0/0 objects in disregard for GC pool
[2020.08.19-12.42.45:903][  0]LogEngine: Initializing Engine...
[2020.08.19-12.42.45:971][  0]LogHMD: Failed to initialize OpenVR with code 108
[2020.08.19-12.42.45:971][  0]LogMagicLeap: Warning: VR disabled because ZI is not enabled.  To enable, in the editor, Edit -> Project Settings -> Plugins -> Magic Leap Plugin -> Enable Zero Iteration
[2020.08.19-12.42.45:973][  0]LogStats: UGameplayTagsManager::InitializeManager -  0.000 s
[2020.08.19-12.42.46:053][  0]LogInit: Initializing FReadOnlyCVARCache
[2020.08.19-12.42.46:057][  0]LogAudioMixer: Display: Audio Mixer Platform Settings:
[2020.08.19-12.42.46:057][  0]LogAudioMixer: Display: 	Sample Rate:						  48000
[2020.08.19-12.42.46:057][  0]LogAudioMixer: Display: 	Callback Buffer Frame Size Requested: 1024
[2020.08.19-12.42.46:057][  0]LogAudioMixer: Display: 	Callback Buffer Frame Size To Use:	  1024
[2020.08.19-12.42.46:057][  0]LogAudioMixer: Display: 	Number of buffers to queue:			  2
[2020.08.19-12.42.46:057][  0]LogAudioMixer: Display: 	Max Channels (voices):				  32
[2020.08.19-12.42.46:057][  0]LogAudioMixer: Display: 	Number of Async Source Workers:		  0
[2020.08.19-12.42.46:057][  0]LogAudio: Display: AudioDevice MaxSources: 32
[2020.08.19-12.42.46:057][  0]LogAudio: Display: Using built-in audio occlusion.
[2020.08.19-12.42.46:057][  0]LogAudioMixer: Display: Initializing audio mixer.
[2020.08.19-12.42.46:072][  0]LogAudioMixer: Display: 0: FrontLeft
[2020.08.19-12.42.46:072][  0]LogAudioMixer: Display: 1: FrontRight
[2020.08.19-12.42.46:072][  0]LogAudioMixer: Display: 2: FrontCenter
[2020.08.19-12.42.46:072][  0]LogAudioMixer: Display: 3: LowFrequency
[2020.08.19-12.42.46:072][  0]LogAudioMixer: Display: 4: BackLeft
[2020.08.19-12.42.46:072][  0]LogAudioMixer: Display: 5: BackRight
[2020.08.19-12.42.46:072][  0]LogAudioMixer: Display: 6: SideLeft
[2020.08.19-12.42.46:072][  0]LogAudioMixer: Display: 7: SideRight
[2020.08.19-12.42.46:205][  0]LogAudioMixer: Display: Using Audio Device Headset Earphone (2- CORSAIR HS70 Wireless Gaming Headset)
[2020.08.19-12.42.46:211][  0]LogAudioMixer: Display: Initializing Sound Submixes...
[2020.08.19-12.42.46:212][  0]LogAudioMixer: Display: Creating Master Submix 'MasterSubmixDefault'
[2020.08.19-12.42.46:212][  0]LogAudioMixer: Display: Creating Master Submix 'MasterReverbSubmixDefault'
[2020.08.19-12.42.46:213][  0]LogAudioMixer: Display: Creating Master Submix 'MasterEQSubmixDefault'
[2020.08.19-12.42.46:214][  0]LogInit: FAudioDevice initialized.
[2020.08.19-12.42.46:215][  0]LogNetVersion: Set ProjectVersion to 1.0.0.0. Version Checksum will be recalculated on next use.
[2020.08.19-12.42.46:219][  0]LogInit: Texture streaming: Enabled
[2020.08.19-12.42.46:468][  0]LogSlate: Updating window title bar state: overlay mode, drag disabled, window buttons hidden, title bar hidden
[2020.08.19-12.42.46:469][  0]LogInit: Display: Game Engine Initialized.
[2020.08.19-12.42.46:478][  0]LogNiagaraEditor: Warning: GEditor isn't valid! Particle reset commands will not work for Niagara components!
[2020.08.19-12.42.46:514][  0]LogInit: Display: Starting Game.
[2020.08.19-12.42.46:514][  0]LogNet: Browse: /Game/Project/Levels/Cave?Name=Player
[2020.08.19-12.42.46:514][  0]LogLoad: LoadMap: /Game/Project/Levels/Cave?Name=Player
[2020.08.19-12.42.46:514][  0]LogWorld: BeginTearingDown for /Temp/Untitled_0
[2020.08.19-12.42.46:515][  0]LogWorld: UWorld::CleanupWorld for Untitled, bSessionEnded=true, bCleanupResources=true
[2020.08.19-12.42.46:515][  0]LogSlate: InvalidateAllWidgets triggered.  All widgets were invalidated
[2020.08.19-12.42.46:538][  0]LogUObjectHash: Compacting FUObjectHashTables data took   0.64ms
[2020.08.19-12.42.46:573][  0]LogProperty: Error: FStructProperty::Serialize Loading: Property 'StructProperty /Game/InventorySystem/UMG/WBP_CraftingInfoPopup.WBP_CraftingInfoPopup_C:ExecuteUbergraph_WBP_CraftingInfoPopup:CallFunc_LookupItem_Info'. Unknown structure.
[2020.08.19-12.42.46:574][  0]LogProperty: Error: FStructProperty::Serialize Loading: Property 'StructProperty /Game/InventorySystem/UMG/WBP_RequiredCraftingItem.WBP_RequiredCraftingItem_C:ExecuteUbergraph_WBP_RequiredCraftingItem:CallFunc_LookupItem_Info'. Unknown structure.
[2020.08.19-12.42.46:581][  0]LogProperty: Error: FStructProperty::Serialize Loading: Property 'StructProperty /Game/InventorySystem/UMG/WBP_InventoryDragVisual.WBP_InventoryDragVisual_C:ExecuteUbergraph_WBP_InventoryDragVisual:CallFunc_LookupItem_Info'. Unknown structure.
[2020.08.19-12.42.46:582][  0]LogProperty: Error: FStructProperty::Serialize Loading: Property 'StructProperty /Game/InventorySystem/UMG/WBP_ItemPickupNotification.WBP_ItemPickupNotification_C:ExecuteUbergraph_WBP_ItemPickupNotification:CallFunc_LookupItem_Info'. Unknown structure.
[2020.08.19-12.42.46:816][  0]LogBlueprint: Warning: [Compiler CH_InventorySystemCharacter] InputAction Event references unknown Action 'OpenChest' for  InputAction OpenChest
[2020.08.19-12.42.46:817][  0]LogBlueprint: Warning: [Compiler CH_InventorySystemCharacter] InputAction Event references unknown Action 'UseItem' for  InputAction UseItem
[2020.08.19-12.42.46:818][  0]LogBlueprint: Warning: [Compiler CH_InventorySystemCharacter] InputAction Event references unknown Action 'DropAllItems' for  InputAction DropAllItems
[2020.08.19-12.42.46:818][  0]LogBlueprint: Warning: [Compiler CH_InventorySystemCharacter] InputAction Event references unknown Action 'DropSingleItem' for  InputAction DropSingleItem
[2020.08.19-12.42.47:119][  0]LogAIModule: Creating AISystem for world Cave
[2020.08.19-12.42.47:119][  0]LogAISub: UAISubsystem::UAISubsystem EnvQueryManager (00000280007E6000), frame # 0
[2020.08.19-12.42.47:119][  0]LogAISub: UAISubsystem::UAISubsystem AIPerceptionSystem (0000028073852AC0), frame # 0
[2020.08.19-12.42.47:122][  0]LogLoad: Game class is 'BP_InventoryGameMode_C'
[2020.08.19-12.42.47:146][  0]LogWorld: Bringing World /Game/Project/Levels/Cave.Cave up for play (max tick rate 0) at 2020.08.19-22.42.47
[2020.08.19-12.42.47:146][  0]LogWorld: Bringing up level for play took: 0.016400
[2020.08.19-12.42.47:151][  0]LogGameMode: Display: Match State Changed from EnteringMap to WaitingToStart
[2020.08.19-12.42.47:151][  0]LogGameState: Match State Changed from EnteringMap to WaitingToStart
[2020.08.19-12.42.47:151][  0]LogGameMode: Display: Match State Changed from WaitingToStart to InProgress
[2020.08.19-12.42.47:155][  0]LogGameState: Match State Changed from WaitingToStart to InProgress
[2020.08.19-12.42.47:155][  0]LogLoad: Took 0.640601 seconds to LoadMap(/Game/Project/Levels/Cave)
[2020.08.19-12.42.47:182][  0]LogSlate: Took 0.000184 seconds to synchronously load lazily loaded font '../../../Engine/Content/Slate/Fonts/Roboto-Regular.ttf' (155K)
[2020.08.19-12.42.47:216][  0]LogRenderer: Reallocating scene render targets to support 1280x720 Format 10 NumSamples 1 (Frame:1).
[2020.08.19-12.42.47:216][  0]LogLoad: (Engine Initialization) Total time: 6.56 seconds
[2020.08.19-12.42.47:216][  0]LogLoad: (Engine Initialization) Total Blueprint compile time: 0.00 seconds
[2020.08.19-12.42.47:231][  0]LogContentStreaming: Texture pool size now 1000 MB
[2020.08.19-12.42.47:233][  0]LogScript: Warning: Script Msg: Attempted to access index -1 from array 'HotbarSlots' of length 3 in '/Game/InventorySystem/UMG/WBP_HotbarWidget.WBP_HotbarWidget_C'!
[2020.08.19-12.42.47:235][  0]LogSlate: InvalidateAllWidgets triggered.  All widgets were invalidated
[2020.08.19-12.42.47:351][  0]LogRenderer: Reallocating scene render targets to support 128x128 Format 10 NumSamples 1 (Frame:1).
[2020.08.19-12.42.47:395][  0]LogRenderer: Reallocating scene render targets to support 1280x720 Format 10 NumSamples 1 (Frame:2).
[2020.08.19-12.42.47:448][  1]LogSlate: Took 0.000162 seconds to synchronously load lazily loaded font '../../../Engine/Content/Slate/Fonts/Roboto-Regular.ttf' (155K)
[2020.08.19-12.42.55:487][953]LogPackageName: SearchForPackageOnDisk took   0.120s to resolve PompeiiBuilding_Sean.umap.
[2020.08.19-12.42.55:488][954]LogGameMode: Display: Match State Changed from InProgress to LeavingMap
[2020.08.19-12.42.55:488][954]LogGameState: Match State Changed from InProgress to LeavingMap
[2020.08.19-12.42.55:605][954]LogPackageName: SearchForPackageOnDisk took   0.117s to resolve PompeiiBuilding_Sean.umap.
[2020.08.19-12.42.55:605][954]LogNet: Browse: /Game/Project/Levels/PompeiiBuilding_Sean
[2020.08.19-12.42.55:605][954]LogLoad: LoadMap: /Game/Project/Levels/PompeiiBuilding_Sean
[2020.08.19-12.42.55:605][954]LogWorld: BeginTearingDown for /Game/Project/Levels/Cave
[2020.08.19-12.42.55:626][954]LogWorld: UWorld::CleanupWorld for Cave, bSessionEnded=true, bCleanupResources=true
[2020.08.19-12.42.55:626][954]LogSlate: InvalidateAllWidgets triggered.  All widgets were invalidated
[2020.08.19-12.42.55:670][954]LogAudio: Display: Waited 44.059998 ms for audio thread.
[2020.08.19-12.42.55:776][954]LogAISub: UAISubsystem::~UAISubsystem EnvQueryManager (00000280007E6000), frame # 3954
[2020.08.19-12.42.55:776][954]LogAISub: UAISubsystem::~UAISubsystem AIPerceptionSystem (0000028073852AC0), frame # 3954
[2020.08.19-12.42.55:777][954]LogUObjectHash: Compacting FUObjectHashTables data took   0.78ms
[2020.08.19-12.42.55:826][954]LogProperty: Error: FStructProperty::Serialize Loading: Property 'StructProperty /Game/InventorySystem/UMG/WBP_CraftingInfoPopup.WBP_CraftingInfoPopup_C:ExecuteUbergraph_WBP_CraftingInfoPopup:CallFunc_LookupItem_Info'. Unknown structure.
[2020.08.19-12.42.55:827][954]LogProperty: Error: FStructProperty::Serialize Loading: Property 'StructProperty /Game/InventorySystem/UMG/WBP_RequiredCraftingItem.WBP_RequiredCraftingItem_C:ExecuteUbergraph_WBP_RequiredCraftingItem:CallFunc_LookupItem_Info'. Unknown structure.
[2020.08.19-12.42.55:834][954]LogProperty: Error: FStructProperty::Serialize Loading: Property 'StructProperty /Game/InventorySystem/UMG/WBP_InventoryDragVisual.WBP_InventoryDragVisual_C:ExecuteUbergraph_WBP_InventoryDragVisual:CallFunc_LookupItem_Info'. Unknown structure.
[2020.08.19-12.42.55:835][954]LogProperty: Error: FStructProperty::Serialize Loading: Property 'StructProperty /Game/InventorySystem/UMG/WBP_ItemPickupNotification.WBP_ItemPickupNotification_C:ExecuteUbergraph_WBP_ItemPickupNotification:CallFunc_LookupItem_Info'. Unknown structure.
[2020.08.19-12.42.56:118][954]LogBlueprint: Warning: [Compiler CH_InventorySystemCharacter] InputAction Event references unknown Action 'OpenChest' for  InputAction OpenChest
[2020.08.19-12.42.56:118][954]LogBlueprint: Warning: [Compiler CH_InventorySystemCharacter] InputAction Event references unknown Action 'UseItem' for  InputAction UseItem
[2020.08.19-12.42.56:119][954]LogBlueprint: Warning: [Compiler CH_InventorySystemCharacter] InputAction Event references unknown Action 'DropAllItems' for  InputAction DropAllItems
[2020.08.19-12.42.56:119][954]LogBlueprint: Warning: [Compiler CH_InventorySystemCharacter] InputAction Event references unknown Action 'DropSingleItem' for  InputAction DropSingleItem
[2020.08.19-12.42.56:590][954]LogAIModule: Creating AISystem for world PompeiiBuilding_Sean
[2020.08.19-12.42.56:590][954]LogAISub: UAISubsystem::UAISubsystem EnvQueryManager (0000028006D95A00), frame # 3954
[2020.08.19-12.42.56:590][954]LogAISub: UAISubsystem::UAISubsystem AIPerceptionSystem (00000280012420C0), frame # 3954
[2020.08.19-12.42.56:591][954]LogLoad: Game class is 'BP_InventoryGameMode_C'
[2020.08.19-12.42.56:598][954]LogWorld: Bringing World /Game/Project/Levels/PompeiiBuilding_Sean.PompeiiBuilding_Sean up for play (max tick rate 0) at 2020.08.19-22.42.56
[2020.08.19-12.42.56:599][954]LogWorld: Bringing up level for play took: 0.007520
[2020.08.19-12.42.56:599][954]LogGameMode: FindPlayerStart: PATHS NOT DEFINED or NO PLAYERSTART with positive rating
[2020.08.19-12.42.56:599][954]LogGameMode: Display: Match State Changed from EnteringMap to WaitingToStart
[2020.08.19-12.42.56:599][954]LogGameState: Match State Changed from EnteringMap to WaitingToStart
[2020.08.19-12.42.56:599][954]LogGameMode: Display: Match State Changed from WaitingToStart to InProgress
[2020.08.19-12.42.56:602][954]LogGameState: Match State Changed from WaitingToStart to InProgress
[2020.08.19-12.42.56:602][954]LogLoad: Took 0.997479 seconds to LoadMap(/Game/Project/Levels/PompeiiBuilding_Sean)
[2020.08.19-12.42.56:605][954]LogScript: Warning: Script Msg: Attempted to access index -1 from array 'HotbarSlots' of length 3 in '/Game/InventorySystem/UMG/WBP_HotbarWidget.WBP_HotbarWidget_C'!
[2020.08.19-12.43.00:510][366]LogWindowsDesktop: Alt-F4 pressed!
[2020.08.19-12.43.00:516][366]LogSlate: Window 'AncientTemple (64-bit Development PCD3D_SM5) ' being destroyed
[2020.08.19-12.43.00:533][366]LogWindowsTextInputMethodSystem: Display: IME system now deactivated.
[2020.08.19-12.43.00:537][366]LogWindowsTextInputMethodSystem: Display: IME system now deactivated.
[2020.08.19-12.43.00:539][366]LogSlate: Updating window title bar state: overlay mode, drag disabled, window buttons hidden, title bar hidden
[2020.08.19-12.43.00:539][366]LogEngine: All Windows Closed
[2020.08.19-12.43.00:539][366]LogWindows: FPlatformMisc::RequestExit(0)
[2020.08.19-12.43.00:539][366]LogCore: Engine exit requested (reason: Win RequestExit)
[2020.08.19-12.43.00:540][367]LogCore: Engine exit requested (reason: EngineExit() was called; note: exit was already requested)
[2020.08.19-12.43.00:556][367]LogAudio: Display: Shutting down audio device while 2 references to it are still alive. For more information, compile with INSTRUMENT_AUDIODEVICE_HANDLES.
[2020.08.19-12.43.00:594][367]LogInit: Display: PreExit Game.
[2020.08.19-12.43.00:643][367]LogWorld: BeginTearingDown for /Game/Project/Levels/PompeiiBuilding_Sean
[2020.08.19-12.43.00:643][367]LogWorld: UWorld::CleanupWorld for PompeiiBuilding_Sean, bSessionEnded=true, bCleanupResources=true
[2020.08.19-12.43.00:644][367]LogSlate: InvalidateAllWidgets triggered.  All widgets were invalidated
[2020.08.19-12.43.00:990][367]LogExit: Preparing to exit.
[2020.08.19-12.43.01:528][367]LogMoviePlayer: Shutting down movie player
[2020.08.19-12.43.01:983][367]LogSlate: Updating window title bar state: overlay mode, drag disabled, window buttons hidden, title bar hidden
[2020.08.19-12.43.02:030][367]LogDemo: Cleaned up 0 splitscreen connections with owner deletion
[2020.08.19-12.43.02:116][367]LogExit: Game engine shut down
[2020.08.19-12.43.02:747][367]LogAISub: UAISubsystem::~UAISubsystem AISubsystem (000002807888F5C0), frame # 5367
[2020.08.19-12.43.02:747][367]LogAISub: UAISubsystem::~UAISubsystem AIPerceptionSystem (000002807887B9C0), frame # 5367
[2020.08.19-12.43.02:749][367]LogAISub: UAISubsystem::~UAISubsystem EnvQueryManager (00000280788EDC00), frame # 5367
[2020.08.19-12.43.03:438][367]LogAISub: UAISubsystem::~UAISubsystem EnvQueryManager (0000028006D95A00), frame # 5367
[2020.08.19-12.43.03:438][367]LogAISub: UAISubsystem::~UAISubsystem AIPerceptionSystem (00000280012420C0), frame # 5367
[2020.08.19-12.43.03:473][367]LogExit: Object subsystem successfully closed.
[2020.08.19-12.43.03:592][367]LogShaderCompilers: Display: Shaders left to compile 0
[2020.08.19-12.43.04:542][367]LogModuleManager: Shutting down and abandoning module SequenceRecorderSections (500)
[2020.08.19-12.43.04:555][367]LogModuleManager: Shutting down and abandoning module SequenceRecorder (498)
[2020.08.19-12.43.04:555][367]LogModuleManager: Shutting down and abandoning module AutomationController (496)
[2020.08.19-12.43.04:572][367]LogModuleManager: Shutting down and abandoning module AutomationWorker (494)
[2020.08.19-12.43.04:578][367]LogModuleManager: Shutting down and abandoning module Voice (492)
[2020.08.19-12.43.04:585][367]LogModuleManager: Shutting down and abandoning module AIModule (490)
[2020.08.19-12.43.04:628][367]LogModuleManager: Shutting down and abandoning module GameplayDebugger (489)
[2020.08.19-12.43.04:644][367]LogModuleManager: Shutting down and abandoning module AITestSuite (487)
[2020.08.19-12.43.04:644][367]LogModuleManager: Shutting down and abandoning module NavigationSystem (485)
[2020.08.19-12.43.04:644][367]LogModuleManager: Shutting down and abandoning module OculusMR (482)
[2020.08.19-12.43.04:654][367]LogModuleManager: Shutting down and abandoning module WmfMediaFactory (480)
[2020.08.19-12.43.04:654][367]LogModuleManager: Shutting down and abandoning module WebMMediaFactory (478)
[2020.08.19-12.43.04:654][367]LogModuleManager: Shutting down and abandoning module WebMMedia (476)
[2020.08.19-12.43.04:654][367]LogModuleManager: Shutting down and abandoning module OpenExrWrapper (474)
[2020.08.19-12.43.04:654][367]LogModuleManager: Shutting down and abandoning module ImgMediaFactory (472)
[2020.08.19-12.43.04:654][367]LogModuleManager: Shutting down and abandoning module AvfMediaFactory (470)
[2020.08.19-12.43.04:654][367]LogModuleManager: Shutting down and abandoning module MagicLeapMediaCodecFactory (468)
[2020.08.19-12.43.04:654][367]LogModuleManager: Shutting down and abandoning module MagicLeapMediaFactory (466)
[2020.08.19-12.43.04:654][367]LogModuleManager: Shutting down and abandoning module PlanarCut (464)
[2020.08.19-12.43.04:675][367]LogModuleManager: Shutting down and abandoning module CharacterAI (462)
[2020.08.19-12.43.04:675][367]LogModuleManager: Shutting down and abandoning module SessionServices (460)
[2020.08.19-12.43.04:675][367]LogModuleManager: Shutting down and abandoning module MovieSceneCapture (458)
[2020.08.19-12.43.04:689][367]LogModuleManager: Shutting down and abandoning module LiveCoding (456)
[2020.08.19-12.43.04:715][367]LogModuleManager: Shutting down and abandoning module LevelSequence (454)
[2020.08.19-12.43.04:715][367]LogModuleManager: Shutting down and abandoning module MovieSceneTracks (452)
[2020.08.19-12.43.04:715][367]LogModuleManager: Shutting down and abandoning module MovieScene (450)
[2020.08.19-12.43.04:715][367]LogModuleManager: Shutting down and abandoning module StreamingPauseRendering (448)
[2020.08.19-12.43.04:770][367]LogModuleManager: Shutting down and abandoning module PortalServices (446)
[2020.08.19-12.43.04:770][367]LogModuleManager: Shutting down and abandoning module PortalRpc (444)
[2020.08.19-12.43.04:770][367]LogModuleManager: Shutting down and abandoning module MessagingRpc (442)
[2020.08.19-12.43.04:770][367]LogModuleManager: Shutting down and abandoning module AudioMixerXAudio2 (440)
[2020.08.19-12.43.04:770][367]LogModuleManager: Shutting down and abandoning module AudioMixerCore (439)
[2020.08.19-12.43.04:770][367]LogModuleManager: Shutting down and abandoning module ProfilerService (436)
[2020.08.19-12.43.04:900][367]LogModuleManager: Shutting down and abandoning module TaskGraph (434)
[2020.08.19-12.43.04:921][367]LogModuleManager: Shutting down and abandoning module Synthesis (432)
[2020.08.19-12.43.04:935][367]LogModuleManager: Shutting down and abandoning module ProceduralMeshComponent (430)
[2020.08.19-12.43.04:935][367]LogModuleManager: Shutting down and abandoning module OculusInput (428)
[2020.08.19-12.43.04:935][367]LogModuleManager: Shutting down and abandoning module MobilePatchingUtils (426)
[2020.08.19-12.43.04:935][367]LogModuleManager: Shutting down and abandoning module GooglePAD (424)
[2020.08.19-12.43.04:935][367]LogModuleManager: Shutting down and abandoning module EditableMesh (422)
[2020.08.19-12.43.04:949][367]LogModuleManager: Shutting down and abandoning module CustomMeshComponent (420)
[2020.08.19-12.43.04:949][367]LogModuleManager: Shutting down and abandoning module CableComponent (418)
[2020.08.19-12.43.04:949][367]LogModuleManager: Shutting down and abandoning module AudioCapture (416)
[2020.08.19-12.43.04:949][367]LogModuleManager: Shutting down and abandoning module AudioCaptureRtAudio (415)
[2020.08.19-12.43.04:959][367]LogModuleManager: Shutting down and abandoning module AssetTags (412)
[2020.08.19-12.43.04:959][367]LogModuleManager: Shutting down and abandoning module ArchVisCharacter (410)
[2020.08.19-12.43.04:959][367]LogModuleManager: Shutting down and abandoning module AppleImageUtilsBlueprintSupport (408)
[2020.08.19-12.43.04:959][367]LogModuleManager: Shutting down and abandoning module AppleImageUtils (406)
[2020.08.19-12.43.04:959][367]LogModuleManager: Shutting down and abandoning module AndroidPermission (404)
[2020.08.19-12.43.04:959][367]LogModuleManager: Shutting down and abandoning module NUTUnrealEngine4 (402)
[2020.08.19-12.43.05:005][367]LogModuleManager: Shutting down and abandoning module NetcodeUnitTest (400)
[2020.08.19-12.43.05:008][367]LogModuleManager: Shutting down and abandoning module TemplateSequence (398)
[2020.08.19-12.43.05:008][367]LogModuleManager: Shutting down and abandoning module MovieRenderPipelineRenderPasses (396)
[2020.08.19-12.43.05:024][367]LogModuleManager: Shutting down and abandoning module MovieRenderPipelineSettings (394)
[2020.08.19-12.43.05:024][367]LogModuleManager: Shutting down and abandoning module MovieRenderPipelineCore (392)
[2020.08.19-12.43.05:024][367]LogModuleManager: Shutting down and abandoning module ImageWriteQueue (391)
[2020.08.19-12.43.05:026][367]LogModuleManager: Shutting down and abandoning module MediaCompositing (388)
[2020.08.19-12.43.05:026][367]LogModuleManager: Shutting down and abandoning module ImgMedia (386)
[2020.08.19-12.43.05:026][367]LogModuleManager: Shutting down and abandoning module MagicLeapSharedWorld (384)
[2020.08.19-12.43.05:026][367]LogModuleManager: Shutting down and abandoning module MagicLeapLightEstimation (382)
[2020.08.19-12.43.05:026][367]LogModuleManager: Shutting down and abandoning module MagicLeapHelperVulkan (380)
[2020.08.19-12.43.05:026][367]LogModuleManager: Shutting down and abandoning module MagicLeapHelperOpenGL (378)
[2020.08.19-12.43.05:026][367]LogModuleManager: Shutting down and abandoning module MagicLeapAudio (376)
[2020.08.19-12.43.05:037][367]LogModuleManager: Shutting down and abandoning module MeshSolverUtilities (374)
[2020.08.19-12.43.05:047][367]LogModuleManager: Shutting down and abandoning module MeshConversion (372)
[2020.08.19-12.43.05:053][367]LogModuleManager: Shutting down and abandoning module DynamicMesh (370)
[2020.08.19-12.43.05:068][367]LogModuleManager: Shutting down and abandoning module GeometryAlgorithms (368)
[2020.08.19-12.43.05:079][367]LogModuleManager: Shutting down and abandoning module GeometricObjects (366)
[2020.08.19-12.43.05:087][367]LogModuleManager: Shutting down and abandoning module GeometryCollectionTracks (364)
[2020.08.19-12.43.05:087][367]LogModuleManager: Shutting down and abandoning module GeometryCollectionSequencer (363)
[2020.08.19-12.43.05:096][367]LogModuleManager: Shutting down and abandoning module GeometryCacheTracks (360)
[2020.08.19-12.43.05:096][367]LogModuleManager: Shutting down and abandoning module GeometryCacheSequencer (359)
[2020.08.19-12.43.05:096][367]LogModuleManager: Shutting down and abandoning module GeometryCache (356)
[2020.08.19-12.43.05:096][367]LogModuleManager: Shutting down and abandoning module GeometryCacheEd (355)
[2020.08.19-12.43.05:096][367]LogModuleManager: Shutting down and abandoning module ChaosNiagara (352)
[2020.08.19-12.43.05:096][367]LogModuleManager: Shutting down and abandoning module ChaosCloth (350)
[2020.08.19-12.43.05:107][367]LogModuleManager: Shutting down and abandoning module BackChannel (348)
[2020.08.19-12.43.05:119][367]LogModuleManager: Shutting down and abandoning module AutomationUtils (346)
[2020.08.19-12.43.05:119][367]LogModuleManager: Shutting down and abandoning module VisualStudioSourceCodeAccess (344)
[2020.08.19-12.43.05:132][367]LogModuleManager: Shutting down and abandoning module HotReload (343)
[2020.08.19-12.43.05:133][367]LogModuleManager: Shutting down and abandoning module DirectoryWatcher (342)
[2020.08.19-12.43.05:133][367]LogModuleManager: Shutting down and abandoning module VisualStudioCodeSourceCodeAccess (338)
[2020.08.19-12.43.05:133][367]LogModuleManager: Shutting down and abandoning module UObjectPlugin (336)
[2020.08.19-12.43.05:133][367]LogModuleManager: Shutting down and abandoning module SubversionSourceControl (334)
[2020.08.19-12.43.05:150][367]LogModuleManager: Shutting down and abandoning module RiderSourceCodeAccess (332)
[2020.08.19-12.43.05:150][367]LogModuleManager: Shutting down and abandoning module PerforceSourceControl (330)
[2020.08.19-12.43.05:165][367]LogModuleManager: Shutting down and abandoning module SourceControl (329)
[2020.08.19-12.43.05:166][367]LogModuleManager: Shutting down and abandoning module CLionSourceCodeAccess (326)
[2020.08.19-12.43.05:166][367]LogModuleManager: Shutting down and abandoning module ActorLayerUtilities (324)
[2020.08.19-12.43.05:166][367]LogModuleManager: Shutting down and abandoning module SoundFields (322)
[2020.08.19-12.43.05:166][367]LogModuleManager: Shutting down and abandoning module SignificanceManager (320)
[2020.08.19-12.43.05:166][367]LogModuleManager: Shutting down and abandoning module RuntimePhysXCooking (318)
[2020.08.19-12.43.05:166][367]LogModuleManager: Shutting down and abandoning module PhysXVehiclesEditor (316)
[2020.08.19-12.43.05:166][367]LogModuleManager: Shutting down and abandoning module LocationServicesBPLibrary (312)
[2020.08.19-12.43.05:166][367]LogModuleManager: Shutting down and abandoning module ActorSequence (310)
[2020.08.19-12.43.05:166][367]LogModuleManager: Shutting down and abandoning module UdpMessaging (308)
[2020.08.19-12.43.05:267][367]LogModuleManager: Shutting down and abandoning module TcpMessaging (306)
[2020.08.19-12.43.05:387][367]LogModuleManager: Shutting down and abandoning module SubstanceCore (304)
[2020.08.19-12.43.05:416][367]LogModuleManager: Shutting down and abandoning module MagicLeapARPin (302)
[2020.08.19-12.43.05:416][367]LogModuleManager: Shutting down and abandoning module MagicLeapHandMeshing (300)
[2020.08.19-12.43.05:416][367]LogModuleManager: Shutting down and abandoning module MagicLeapSecureStorage (298)
[2020.08.19-12.43.05:416][367]LogModuleManager: Shutting down and abandoning module MagicLeapPrivileges (296)
[2020.08.19-12.43.05:416][367]LogModuleManager: Shutting down and abandoning module MagicLeapPlanes (294)
[2020.08.19-12.43.05:441][367]LogMagicLeapPlanes: Planes tracker already destroyed.
[2020.08.19-12.43.05:441][367]LogModuleManager: Shutting down and abandoning module MagicLeapImageTracker (292)
[2020.08.19-12.43.05:441][367]LogModuleManager: Shutting down and abandoning module MagicLeapIdentity (290)
[2020.08.19-12.43.05:441][367]LogModuleManager: Shutting down and abandoning module MagicLeapHandTracking (288)
[2020.08.19-12.43.05:441][367]LogModuleManager: Shutting down and abandoning module MagicLeapEyeTracker (286)
[2020.08.19-12.43.05:441][367]LogModuleManager: Shutting down and abandoning module MagicLeapController (284)
[2020.08.19-12.43.05:453][367]LogSlate: Slate User Destroyed.  User Index 0, Is Virtual User: 0
[2020.08.19-12.43.05:453][367]LogModuleManager: Shutting down and abandoning module MagicLeapARPinImpl (282)
[2020.08.19-12.43.05:497][367]LogModuleManager: Shutting down and abandoning module MagicLeapAR (280)
[2020.08.19-12.43.05:497][367]LogModuleManager: Shutting down and abandoning module AugmentedReality (279)
[2020.08.19-12.43.05:498][367]LogModuleManager: Shutting down and abandoning module NiagaraAnimNotifies (276)
[2020.08.19-12.43.05:498][367]LogModuleManager: Shutting down and abandoning module Niagara (274)
[2020.08.19-12.43.05:504][367]LogModuleManager: Shutting down and abandoning module SignalProcessing (273)
[2020.08.19-12.43.05:505][367]LogModuleManager: Shutting down and abandoning module NiagaraEditor (271)
[2020.08.19-12.43.05:530][367]LogModuleManager: Shutting down and abandoning module NiagaraCore (268)
[2020.08.19-12.43.05:530][367]LogModuleManager: Shutting down and abandoning module GameplayTagsEditor (266)
[2020.08.19-12.43.05:547][367]LogModuleManager: Shutting down and abandoning module FacialAnimation (264)
[2020.08.19-12.43.05:547][367]LogModuleManager: Shutting down and abandoning module AssetManagerEditor (262)
[2020.08.19-12.43.05:569][367]LogModuleManager: Shutting down and abandoning module TreeMap (261)
[2020.08.19-12.43.05:576][367]LogModuleManager: Shutting down and abandoning module AnimationSharing (258)
[2020.08.19-12.43.05:576][367]LogModuleManager: Shutting down and abandoning module LightPropagationVolumeRuntime (256)
[2020.08.19-12.43.05:576][367]LogModuleManager: Shutting down and abandoning module Paper2D (254)
[2020.08.19-12.43.05:576][367]LogModuleManager: Shutting down and abandoning module WindowsMoviePlayer (252)
[2020.08.19-12.43.05:591][367]LogModuleManager: Shutting down and abandoning module WebMMoviePlayer (250)
[2020.08.19-12.43.05:603][367]LogModuleManager: Shutting down and abandoning module NetworkReplayStreaming (248)
[2020.08.19-12.43.05:603][367]LogModuleManager: Shutting down and abandoning module PacketHandler (246)
[2020.08.19-12.43.05:603][367]LogModuleManager: Shutting down and abandoning module ClothingSystemEditor (244)
[2020.08.19-12.43.05:603][367]LogModuleManager: Shutting down and abandoning module ClothingSystemRuntimeNv (242)
[2020.08.19-12.43.05:621][367]LogModuleManager: Shutting down and abandoning module MediaAssets (240)
[2020.08.19-12.43.05:621][367]LogModuleManager: Shutting down and abandoning module Overlay (238)
[2020.08.19-12.43.05:621][367]LogModuleManager: Shutting down and abandoning module OverlayEditor (237)
[2020.08.19-12.43.05:621][367]LogModuleManager: Shutting down and abandoning module VREditor (234)
[2020.08.19-12.43.05:638][367]LogModuleManager: Shutting down and abandoning module StringTableEditor (232)
[2020.08.19-12.43.05:648][367]LogModuleManager: Shutting down and abandoning module GameplayTasksEditor (230)
[2020.08.19-12.43.05:648][367]LogModuleManager: Shutting down and abandoning module BehaviorTreeEditor (228)
[2020.08.19-12.43.05:662][367]LogModuleManager: Shutting down and abandoning module FunctionalTesting (226)
[2020.08.19-12.43.05:667][367]LogModuleManager: Shutting down and abandoning module CollisionAnalyzer (224)
[2020.08.19-12.43.05:674][367]LogModuleManager: Shutting down and abandoning module WorkspaceMenuStructure (223)
[2020.08.19-12.43.05:674][367]LogModuleManager: Shutting down and abandoning module UMG (220)
[2020.08.19-12.43.05:681][367]LogModuleManager: Shutting down and abandoning module UMGEditor (219)
[2020.08.19-12.43.05:759][367]LogModuleManager: Shutting down and abandoning module Sequencer (218)
[2020.08.19-12.43.05:796][367]LogModuleManager: Shutting down and abandoning module MessageLog (215)
[2020.08.19-12.43.05:796][367]LogModuleManager: Shutting down and abandoning module MaterialEditor (213)
[2020.08.19-12.43.05:823][367]LogModuleManager: Shutting down and abandoning module SlateReflector (208)
[2020.08.19-12.43.05:839][367]LogModuleManager: Shutting down and abandoning module Slate (206)
[2020.08.19-12.43.05:839][367]LogModuleManager: Shutting down and abandoning module SlateCore (204)
[2020.08.19-12.43.05:839][367]LogModuleManager: Shutting down and abandoning module LandscapeEditorUtilities (202)
[2020.08.19-12.43.05:839][367]LogModuleManager: Shutting down and abandoning module EditorStyle (200)
[2020.08.19-12.43.05:840][367]LogModuleManager: Shutting down and abandoning module UnrealEd (198)
[2020.08.19-12.43.05:840][367]LogModuleManager: Shutting down and abandoning module MRMesh (196)
[2020.08.19-12.43.05:840][367]LogModuleManager: Shutting down and abandoning module Messaging (194)
[2020.08.19-12.43.05:840][367]LogModuleManager: Shutting down and abandoning module SourceCodeAccess (192)
[2020.08.19-12.43.05:840][367]LogModuleManager: Shutting down and abandoning module HeadMountedDisplay (190)
[2020.08.19-12.43.05:840][367]LogModuleManager: Shutting down and abandoning module XAudio2 (188)
[2020.08.19-12.43.05:849][367]LogModuleManager: Shutting down and abandoning module Networking (186)
[2020.08.19-12.43.05:849][367]LogModuleManager: Shutting down and abandoning module Core (184)
[2020.08.19-12.43.05:849][367]LogModuleManager: Shutting down and abandoning module MovieSceneTools (182)
[2020.08.19-12.43.05:855][367]LogModuleManager: Shutting down and abandoning module KismetCompiler (180)
[2020.08.19-12.43.05:855][367]LogModuleManager: Shutting down and abandoning module MeshBuilder (178)
[2020.08.19-12.43.05:855][367]LogModuleManager: Shutting down and abandoning module MeshUtilities (176)
[2020.08.19-12.43.05:866][367]LogModuleManager: Shutting down and abandoning module MeshMergeUtilities (175)
[2020.08.19-12.43.05:876][367]LogModuleManager: Shutting down and abandoning module MeshReductionInterface (174)
[2020.08.19-12.43.05:876][367]LogModuleManager: Shutting down and abandoning module MeshBoneReduction (173)
[2020.08.19-12.43.05:889][367]LogModuleManager: Shutting down and abandoning module SkeletalMeshReduction (171)
[2020.08.19-12.43.05:901][367]LogModuleManager: Shutting down and abandoning module ProxyLODMeshReduction (169)
[2020.08.19-12.43.05:929][367]LogModuleManager: Shutting down and abandoning module QuadricMeshReduction (167)
[2020.08.19-12.43.05:930][367]LogModuleManager: Shutting down and abandoning module MaterialBaking (163)
[2020.08.19-12.43.05:938][367]LogModuleManager: Shutting down and abandoning module NullInstallBundleManager (158)
[2020.08.19-12.43.05:938][367]LogModuleManager: Shutting down and abandoning module PIEPreviewDeviceProfileSelector (156)
[2020.08.19-12.43.06:007][367]LogModuleManager: Shutting down and abandoning module DerivedDataCache (154)
[2020.08.19-12.43.06:007][367]LogModuleManager: Shutting down and abandoning module XGEController (152)
[2020.08.19-12.43.06:007][367]LogModuleManager: Shutting down and abandoning module TargetPlatform (150)
[2020.08.19-12.43.06:024][367]LogModuleManager: Shutting down and abandoning module VulkanShaderFormat (149)
[2020.08.19-12.43.06:040][367]LogModuleManager: Shutting down and abandoning module ShaderFormatVectorVM (147)
[2020.08.19-12.43.06:049][367]LogModuleManager: Shutting down and abandoning module ShaderFormatOpenGL (145)
[2020.08.19-12.43.06:058][367]LogModuleManager: Shutting down and abandoning module ShaderFormatD3D (143)
[2020.08.19-12.43.06:058][367]LogModuleManager: Shutting down and abandoning module MetalShaderFormat (141)
[2020.08.19-12.43.06:077][367]LogModuleManager: Shutting down and abandoning module TextureFormatUncompressed (139)
[2020.08.19-12.43.06:077][367]LogModuleManager: Shutting down and abandoning module TextureFormatPVR (137)
[2020.08.19-12.43.06:077][367]LogModuleManager: Shutting down and abandoning module TextureFormatDXT (135)
[2020.08.19-12.43.06:077][367]LogModuleManager: Shutting down and abandoning module TextureFormatIntelISPCTexComp (133)
[2020.08.19-12.43.06:090][367]LogModuleManager: Shutting down and abandoning module TextureFormatASTC (131)
[2020.08.19-12.43.06:090][367]LogModuleManager: Shutting down and abandoning module ImageWrapper (130)
[2020.08.19-12.43.06:090][367]LogModuleManager: Shutting down and abandoning module TextureFormatAndroid (127)
[2020.08.19-12.43.06:090][367]LogModuleManager: Shutting down and abandoning module AudioFormatOpus (125)
[2020.08.19-12.43.06:102][367]LogModuleManager: Shutting down and abandoning module AudioFormatOgg (123)
[2020.08.19-12.43.06:102][367]LogModuleManager: Shutting down and abandoning module AudioFormatADPCM (121)
[2020.08.19-12.43.06:109][367]LogModuleManager: Shutting down and abandoning module WindowsServerTargetPlatform (119)
[2020.08.19-12.43.06:109][367]LogModuleManager: Shutting down and abandoning module WindowsClientTargetPlatform (117)
[2020.08.19-12.43.06:109][367]LogModuleManager: Shutting down and abandoning module WindowsTargetPlatform (115)
[2020.08.19-12.43.06:109][367]LogModuleManager: Shutting down and abandoning module WindowsNoEditorTargetPlatform (113)
[2020.08.19-12.43.06:109][367]LogModuleManager: Shutting down and abandoning module InputCore (110)
[2020.08.19-12.43.06:109][367]LogModuleManager: Shutting down and abandoning module Settings (108)
[2020.08.19-12.43.06:109][367]LogModuleManager: Shutting down and abandoning module PhysXCooking (106)
[2020.08.19-12.43.06:109][367]LogModuleManager: Shutting down and abandoning module ChaosSolvers (104)
[2020.08.19-12.43.06:121][367]LogModuleManager: Shutting down and abandoning module FieldSystemEngine (103)
[2020.08.19-12.43.06:121][367]LogModuleManager: Shutting down and abandoning module Chaos (100)
[2020.08.19-12.43.06:121][367]LogModuleManager: Shutting down and abandoning module WindowsPlatformFeatures (98)
[2020.08.19-12.43.06:129][367]LogModuleManager: Shutting down and abandoning module GameplayMediaEncoder (97)
[2020.08.19-12.43.06:139][367]LogModuleManager: Shutting down and abandoning module AVEncoder (96)
[2020.08.19-12.43.06:155][367]LogModuleManager: Shutting down and abandoning module SteamVRInputDevice (92)
[2020.08.19-12.43.06:155][367]LogModuleManager: Shutting down and abandoning module SteamVRInput (90)
[2020.08.19-12.43.06:155][367]LogModuleManager: Shutting down and abandoning module SteamVR (88)
[2020.08.19-12.43.06:155][367]LogHMD: Freeing OpenVRDLLHandle.
[2020.08.19-12.43.06:155][367]LogModuleManager: Shutting down and abandoning module OculusHMD (86)
[2020.08.19-12.43.06:155][367]LogModuleManager: Shutting down and abandoning module ExampleDeviceProfileSelector (84)
[2020.08.19-12.43.06:155][367]LogModuleManager: Shutting down and abandoning module LauncherChunkInstaller (82)
[2020.08.19-12.43.06:155][367]LogModuleManager: Shutting down and abandoning module OnlineBlueprintSupport (80)
[2020.08.19-12.43.06:155][367]LogModuleManager: Shutting down and abandoning module OnlineSubsystem (76)
[2020.08.19-12.43.06:171][367]LogModuleManager: Shutting down and abandoning module XMPP (71)
[2020.08.19-12.43.06:180][367]LogModuleManager: Shutting down and abandoning module WebSockets (70)
[2020.08.19-12.43.06:292][367]LogModuleManager: Shutting down and abandoning module HTTP (67)
[2020.08.19-12.43.06:323][367]LogModuleManager: Shutting down and abandoning module SSL (66)
[2020.08.19-12.43.06:324][367]LogModuleManager: Shutting down and abandoning module WmfMedia (62)
[2020.08.19-12.43.06:345][367]LogModuleManager: Shutting down and abandoning module Media (61)
[2020.08.19-12.43.06:346][367]LogModuleManager: Shutting down and abandoning module MagicLeap (58)
[2020.08.19-12.43.06:346][367]LogModuleManager: Shutting down and abandoning module NiagaraVertexFactories (56)
[2020.08.19-12.43.06:358][367]LogModuleManager: Shutting down and abandoning module NiagaraShader (54)
[2020.08.19-12.43.06:358][367]LogModuleManager: Shutting down and abandoning module VariantManagerContent (52)
[2020.08.19-12.43.06:358][367]LogModuleManager: Shutting down and abandoning module DatasmithContent (50)
[2020.08.19-12.43.06:359][367]LogModuleManager: Shutting down and abandoning module AISupportModule (48)
[2020.08.19-12.43.06:359][367]LogModuleManager: Shutting down and abandoning module DesktopPlatform (46)
[2020.08.19-12.43.06:370][367]LogModuleManager: Shutting down and abandoning module PlatformCryptoOpenSSL (44)
[2020.08.19-12.43.06:378][367]LogModuleManager: Shutting down and abandoning module PlatformCryptoTypes (42)
[2020.08.19-12.43.06:378][367]LogModuleManager: Shutting down and abandoning module PlatformCrypto (40)
[2020.08.19-12.43.06:378][367]LogModuleManager: Shutting down and abandoning module AnimationModifiers (38)
[2020.08.19-12.43.06:396][367]LogModuleManager: Shutting down and abandoning module PropertyEditor (37)
[2020.08.19-12.43.06:396][367]LogModuleManager: Shutting down and abandoning module AudioEditor (34)
[2020.08.19-12.43.06:424][367]LogModuleManager: Shutting down and abandoning module TextureCompressor (32)
[2020.08.19-12.43.06:425][367]LogModuleManager: Shutting down and abandoning module RenderCore (30)
[2020.08.19-12.43.06:425][367]LogModuleManager: Shutting down and abandoning module Landscape (28)
[2020.08.19-12.43.06:425][367]LogModuleManager: Shutting down and abandoning module SlateRHIRenderer (26)
[2020.08.19-12.43.06:433][367]LogModuleManager: Shutting down and abandoning module OpenGLDrv (24)
[2020.08.19-12.43.06:445][367]LogModuleManager: Shutting down and abandoning module D3D11RHI (22)
[2020.08.19-12.43.06:445][367]LogModuleManager: Shutting down and abandoning module AnimGraphRuntime (20)
[2020.08.19-12.43.06:448][367]LogModuleManager: Shutting down and abandoning module Renderer (18)
[2020.08.19-12.43.06:459][367]LogModuleManager: Shutting down and abandoning module Engine (16)
[2020.08.19-12.43.06:459][367]LogModuleManager: Shutting down and abandoning module CoreUObject (14)
[2020.08.19-12.43.06:459][367]LogModuleManager: Shutting down and abandoning module NetworkFile (12)
[2020.08.19-12.43.06:470][367]LogModuleManager: Shutting down and abandoning module CookedIterativeFile (10)
[2020.08.19-12.43.06:470][367]LogModuleManager: Shutting down and abandoning module StreamingFile (8)
[2020.08.19-12.43.06:525][367]LogModuleManager: Shutting down and abandoning module SandboxFile (6)
[2020.08.19-12.43.06:531][367]LogModuleManager: Shutting down and abandoning module PakFile (4)
[2020.08.19-12.43.06:531][367]LogModuleManager: Shutting down and abandoning module RSA (3)
[2020.08.19-12.43.06:818][367]LogContentStreaming: Display: There are 1 unreleased StreamingManagers
[2020.08.19-12.43.06:838][367]LogD3D11RHI: Shutdown
[2020.08.19-12.43.06:839][367]LogD3D11RHI: CleanupD3DDevice
[2020.08.19-12.43.06:884][367]LogExit: Exiting.
[2020.08.19-12.43.06:898][367]Log file closed, 08/19/20 22:43:06
